* daemon not running. starting it now at tcp:5037 *
* daemon started successfully *
add device 1: /dev/input/event0
  name:     "Power Button"
add device 2: /dev/input/event2
  name:     "goldfish_rotary"
add device 3: /dev/input/event1
  name:     "qwerty2"
[   26545.096748] /dev/input/event1: 0003 0035 00004a30
[   26545.096748] /dev/input/event1: 0003 0036 00005443
[   26545.096748] /dev/input/event1: 0000 0000 00000000
[   26545.108149] /dev/input/event1: 0003 0035 00004ae6
[   26545.108149] /dev/input/event1: 0003 0036 000052cc
[   26545.108149] /dev/input/event1: 0000 0000 00000000
[   26545.119737] /dev/input/event1: 0003 0035 00004c16
[   26545.119737] /dev/input/event1: 0003 0036 00004f10
[   26545.119737] /dev/input/event1: 0000 0000 00000000
[   26545.132950] /dev/input/event1: 0003 0035 00004d08
[   26545.132950] /dev/input/event1: 0003 0036 000049ee
[   26545.132950] /dev/input/event1: 0000 0000 00000000
[   26545.141790] /dev/input/event1: 0003 0035 00004dbe
[   26545.141790] /dev/input/event1: 0003 0036 00004632
[   26545.141790] /dev/input/event1: 0000 0000 00000000
[   26545.153170] /dev/input/event1: 0003 0035 00004e56
[   26545.153170] /dev/input/event1: 0003 0036 00004132
[   26545.153170] /dev/input/event1: 0000 0000 00000000
[   26545.164014] /dev/input/event1: 0003 0035 00004eb1
[   26545.164014] /dev/input/event1: 0003 0036 00003ccc
[   26545.164014] /dev/input/event1: 0000 0000 00000000
[   26545.175601] /dev/input/event1: 0003 0036 00003a21
[   26545.175601] /dev/input/event1: 0000 0000 00000000
[   26545.186594] /dev/input/event1: 0003 0036 00003710
[   26545.186594] /dev/input/event1: 0000 0000 00000000
[   26545.202891] /dev/input/event1: 0003 0036 000034cc
[   26545.202891] /dev/input/event1: 0000 0000 00000000
[   26545.223343] /dev/input/event1: 0003 0036 000032cc
[   26545.223343] /dev/input/event1: 0000 0000 00000000
[   26545.231379] /dev/input/event1: 0003 0036 00003221
[   26545.231379] /dev/input/event1: 0000 0000 00000000
[   26545.243730] /dev/input/event1: 0003 0036 00003199
[   26545.243730] /dev/input/event1: 0000 0000 00000000
[   26545.253819] /dev/input/event1: 0003 0036 00003132
[   26545.253819] /dev/input/event1: 0000 0000 00000000
[   26545.267097] /dev/input/event1: 0003 0036 000030dd
[   26545.267097] /dev/input/event1: 0000 0000 00000000
[   26545.277431] /dev/input/event1: 0003 0036 000030aa
[   26545.277431] /dev/input/event1: 0000 0000 00000000
[   26545.288282] /dev/input/event1: 0003 0036 00003054
[   26545.288282] /dev/input/event1: 0000 0000 00000000
[   26545.310171] /dev/input/event1: 0003 0036 00003021
[   26545.310171] /dev/input/event1: 0000 0000 00000000
[   26545.436667] /dev/input/event1: 0003 003a 00000000
[   26545.436667] /dev/input/event1: 0003 0039 ffffffff
[   26545.436667] /dev/input/event1: 0000 0000 00000000
[   26545.944977] /dev/input/event1: 0003 0039 00000000
[   26545.944977] /dev/input/event1: 0003 0035 00004dbe
[   26545.944977] /dev/input/event1: 0003 0036 000052aa
[   26545.944977] /dev/input/event1: 0003 003a 00000400
[   26545.944977] /dev/input/event1: 0000 0000 00000000
[   26545.951904] /dev/input/event1: 0003 0036 00005243
[   26545.951904] /dev/input/event1: 0000 0000 00000000
[   26545.962637] /dev/input/event1: 0003 0035 00004dfb
[   26545.962637] /dev/input/event1: 0003 0036 000051ee
[   26545.962637] /dev/input/event1: 0000 0000 00000000
[   26545.974683] /dev/input/event1: 0003 0036 00005165
[   26545.974683] /dev/input/event1: 0000 0000 00000000
[   26545.985311] /dev/input/event1: 0003 0036 000050dd
[   26545.985311] /dev/input/event1: 0000 0000 00000000
[   26545.996313] /dev/input/event1: 0003 0036 00004f76
[   26545.996313] /dev/input/event1: 0000 0000 00000000
[   26546.008228] /dev/input/event1: 0003 0036 00004cee
[   26546.008228] /dev/input/event1: 0000 0000 00000000
[   26546.018923] /dev/input/event1: 0003 0036 00004a21
[   26546.018923] /dev/input/event1: 0000 0000 00000000
[   26546.030771] /dev/input/event1: 0003 0036 000045dd
[   26546.030771] /dev/input/event1: 0000 0000 00000000
[   26546.042467] /dev/input/event1: 0003 0035 00004e56
[   26546.042467] /dev/input/event1: 0003 0036 000041bb
[   26546.042467] /dev/input/event1: 0000 0000 00000000
[   26546.053374] /dev/input/event1: 0003 0036 00003f43
[   26546.053374] /dev/input/event1: 0000 0000 00000000
[   26546.069085] /dev/input/event1: 0003 0035 00004eee
[   26546.069085] /dev/input/event1: 0003 0036 00003c99
[   26546.069085] /dev/input/event1: 0000 0000 00000000
[   26546.075559] /dev/input/event1: 0003 0035 00004f49
[   26546.075559] /dev/input/event1: 0003 0036 00003a21
[   26546.075559] /dev/input/event1: 0000 0000 00000000
[   26546.119947] /dev/input/event1: 0003 0035 00004fe1
[   26546.119947] /dev/input/event1: 0003 0036 00003554
[   26546.119947] /dev/input/event1: 0000 0000 00000000
[   26546.120318] /dev/input/event1: 0003 0036 000032ff
[   26546.120318] /dev/input/event1: 0000 0000 00000000
[   26546.120464] /dev/input/event1: 0003 0036 00003199
[   26546.120464] /dev/input/event1: 0000 0000 00000000
[   26546.131701] /dev/input/event1: 0003 0036 00003021
[   26546.131701] /dev/input/event1: 0000 0000 00000000
[   26546.145260] /dev/input/event1: 0003 0035 00004fa4
[   26546.145260] /dev/input/event1: 0003 0036 00002f43
[   26546.145260] /dev/input/event1: 0000 0000 00000000
[   26546.154717] /dev/input/event1: 0003 0036 00002ebb
[   26546.154717] /dev/input/event1: 0000 0000 00000000
[   26546.165047] /dev/input/event1: 0003 0036 00002e66
[   26546.165047] /dev/input/event1: 0000 0000 00000000
[   26546.176914] /dev/input/event1: 0003 0036 00002e32
[   26546.176914] /dev/input/event1: 0000 0000 00000000
[   26546.199714] /dev/input/event1: 0003 0036 00002dff
[   26546.199714] /dev/input/event1: 0000 0000 00000000
[   26546.245772] /dev/input/event1: 0003 003a 00000000
[   26546.245772] /dev/input/event1: 0003 0039 ffffffff
[   26546.245772] /dev/input/event1: 0000 0000 00000000
[   26546.617419] /dev/input/event1: 0003 0039 00000000
[   26546.617419] /dev/input/event1: 0003 0035 00004f49
[   26546.617419] /dev/input/event1: 0003 0036 000026ee
[   26546.617419] /dev/input/event1: 0003 003a 00000400
[   26546.617419] /dev/input/event1: 0000 0000 00000000
[   26546.618264] /dev/input/event1: 0003 0036 00002799
[   26546.618264] /dev/input/event1: 0000 0000 00000000
[   26546.628845] /dev/input/event1: 0003 0035 00004fa4
[   26546.628845] /dev/input/event1: 0003 0036 000028aa
[   26546.628845] /dev/input/event1: 0000 0000 00000000
[   26546.638393] /dev/input/event1: 0003 0036 00002aaa
[   26546.638393] /dev/input/event1: 0000 0000 00000000
[   26546.651535] /dev/input/event1: 0003 0036 00002daa
[   26546.651535] /dev/input/event1: 0000 0000 00000000
[   26546.664826] /dev/input/event1: 0003 0036 00002fff
[   26546.664826] /dev/input/event1: 0000 0000 00000000
[   26546.672659] /dev/input/event1: 0003 0036 00003443
[   26546.672659] /dev/input/event1: 0000 0000 00000000
[   26546.685834] /dev/input/event1: 0003 0036 00003910
[   26546.685834] /dev/input/event1: 0000 0000 00000000
[   26546.694615] /dev/input/event1: 0003 0036 00003ccc
[   26546.694615] /dev/input/event1: 0000 0000 00000000
[   26546.707515] /dev/input/event1: 0003 0035 00004f49
[   26546.707515] /dev/input/event1: 0003 0036 000041ee
[   26546.707515] /dev/input/event1: 0000 0000 00000000
[   26546.717236] /dev/input/event1: 0003 0036 00004710
[   26546.717236] /dev/input/event1: 0000 0000 00000000
[   26546.727627] /dev/input/event1: 0003 0036 00004aaa
[   26546.727627] /dev/input/event1: 0000 0000 00000000
[   26546.753926] /dev/input/event1: 0003 0035 00004eee
[   26546.753926] /dev/input/event1: 0003 0036 00005354
[   26546.753926] /dev/input/event1: 0000 0000 00000000
[   26546.775283] /dev/input/event1: 0003 0035 00004fe1
[   26546.775283] /dev/input/event1: 0003 0036 00005910
[   26546.775283] /dev/input/event1: 0000 0000 00000000
[   26546.784026] /dev/input/event1: 0003 0035 00005097
[   26546.784026] /dev/input/event1: 0003 0036 00005b32
[   26546.784026] /dev/input/event1: 0000 0000 00000000
[   26546.797353] /dev/input/event1: 0003 0036 00005bdd
[   26546.797353] /dev/input/event1: 0000 0000 00000000
[   26546.807060] /dev/input/event1: 0003 0035 000050d3
[   26546.807060] /dev/input/event1: 0003 0036 00005c98
[   26546.807060] /dev/input/event1: 0000 0000 00000000
[   26546.817686] /dev/input/event1: 0003 0036 00005cee
[   26546.817686] /dev/input/event1: 0000 0000 00000000
[   26546.842152] /dev/input/event1: 0003 0036 00005d21
[   26546.842152] /dev/input/event1: 0000 0000 00000000
[   26546.863215] /dev/input/event1: 0003 003a 00000000
[   26546.863215] /dev/input/event1: 0003 0039 ffffffff
[   26546.863215] /dev/input/event1: 0000 0000 00000000
[   26547.569438] /dev/input/event1: 0003 0039 00000000
[   26547.569438] /dev/input/event1: 0003 0035 000079f3
[   26547.569438] /dev/input/event1: 0003 0036 00000822
[   26547.569438] /dev/input/event1: 0003 003a 00000400
[   26547.569438] /dev/input/event1: 0000 0000 00000000
[   26547.662648] /dev/input/event1: 0003 003a 00000000
[   26547.662648] /dev/input/event1: 0003 0039 ffffffff
[   26547.662648] /dev/input/event1: 0000 0000 00000000
[   26549.700635] /dev/input/event1: 0003 0039 00000000
[   26549.700635] /dev/input/event1: 0003 0035 0000503c
[   26549.700635] /dev/input/event1: 0003 0036 00001ccc
[   26549.700635] /dev/input/event1: 0003 003a 00000400
[   26549.700635] /dev/input/event1: 0000 0000 00000000
[   26549.911951] /dev/input/event1: 0003 0036 00001cee
[   26549.911951] /dev/input/event1: 0000 0000 00000000
[   26549.924917] /dev/input/event1: 0003 0036 00001d55
[   26549.924917] /dev/input/event1: 0000 0000 00000000
[   26549.934214] /dev/input/event1: 0003 0035 00005097
[   26549.934214] /dev/input/event1: 0003 0036 00001ddd
[   26549.934214] /dev/input/event1: 0000 0000 00000000
[   26549.945666] /dev/input/event1: 0003 0036 00001e66
[   26549.945666] /dev/input/event1: 0000 0000 00000000
[   26549.958328] /dev/input/event1: 0003 0036 00001eee
[   26549.958328] /dev/input/event1: 0000 0000 00000000
[   26549.968045] /dev/input/event1: 0003 0036 00001f44
[   26549.968045] /dev/input/event1: 0000 0000 00000000
[   26549.979156] /dev/input/event1: 0003 0036 00001f99
[   26549.979156] /dev/input/event1: 0000 0000 00000000
[   26549.992252] /dev/input/event1: 0003 0036 00001fff
[   26549.992252] /dev/input/event1: 0000 0000 00000000
[   26550.001827] /dev/input/event1: 0003 0036 00002021
[   26550.001827] /dev/input/event1: 0000 0000 00000000
[   26550.013470] /dev/input/event1: 0003 0036 00002055
[   26550.013470] /dev/input/event1: 0000 0000 00000000
[   26550.076907] /dev/input/event1: 0003 0036 000020aa
[   26550.076907] /dev/input/event1: 0000 0000 00000000
[   26550.077335] /dev/input/event1: 0003 0036 000020dd
[   26550.077335] /dev/input/event1: 0000 0000 00000000
[   26550.125715] /dev/input/event1: 0003 0036 00002110
[   26550.125715] /dev/input/event1: 0000 0000 00000000
[   26550.159234] /dev/input/event1: 0003 0036 00002132
[   26550.159234] /dev/input/event1: 0000 0000 00000000
[   26550.238037] /dev/input/event1: 0003 0036 00002166
[   26550.238037] /dev/input/event1: 0000 0000 00000000
[   26550.344562] /dev/input/event1: 0003 003a 00000000
[   26550.344562] /dev/input/event1: 0003 0039 ffffffff
[   26550.344562] /dev/input/event1: 0000 0000 00000000
[   26550.722249] /dev/input/event1: 0003 0039 00000000
[   26550.722249] /dev/input/event1: 0003 003a 00000400
[   26550.722249] /dev/input/event1: 0000 0000 00000000
[   26550.767720] /dev/input/event1: 0003 0036 00002132
[   26550.767720] /dev/input/event1: 0000 0000 00000000
[   26550.812452] /dev/input/event1: 0003 003a 00000000
[   26550.812452] /dev/input/event1: 0003 0039 ffffffff
[   26550.812452] /dev/input/event1: 0000 0000 00000000
[   26552.447202] /dev/input/event1: 0003 0039 00000000
[   26552.447202] /dev/input/event1: 0003 0035 0000716b
[   26552.447202] /dev/input/event1: 0003 0036 00001b88
[   26552.447202] /dev/input/event1: 0003 003a 00000400
[   26552.447202] /dev/input/event1: 0000 0000 00000000
[   26552.534485] /dev/input/event1: 0003 003a 00000000
[   26552.534485] /dev/input/event1: 0003 0039 ffffffff
[   26552.534485] /dev/input/event1: 0000 0000 00000000
[   26553.064141] /dev/input/event1: 0003 0039 00000000
[   26553.064141] /dev/input/event1: 0003 0035 000047b3
[   26553.064141] /dev/input/event1: 0003 0036 00005554
[   26553.064141] /dev/input/event1: 0003 003a 00000400
[   26553.064141] /dev/input/event1: 0000 0000 00000000
[   26553.073860] /dev/input/event1: 0003 0035 0000480e
[   26553.073860] /dev/input/event1: 0003 0036 000054ee
[   26553.073860] /dev/input/event1: 0000 0000 00000000
[   26553.086353] /dev/input/event1: 0003 0035 0000484b
[   26553.086353] /dev/input/event1: 0003 0036 000053bb
[   26553.086353] /dev/input/event1: 0000 0000 00000000
[   26553.095703] /dev/input/event1: 0003 0035 00004901
[   26553.095703] /dev/input/event1: 0003 0036 000050dd
[   26553.095703] /dev/input/event1: 0000 0000 00000000
[   26553.107991] /dev/input/event1: 0003 0035 000049f4
[   26553.107991] /dev/input/event1: 0003 0036 00004e32
[   26553.107991] /dev/input/event1: 0000 0000 00000000
[   26553.118563] /dev/input/event1: 0003 0035 00004a8b
[   26553.118563] /dev/input/event1: 0003 0036 00004999
[   26553.118563] /dev/input/event1: 0000 0000 00000000
[   26553.131116] /dev/input/event1: 0003 0035 00004b23
[   26553.131116] /dev/input/event1: 0003 0036 000045dd
[   26553.131116] /dev/input/event1: 0000 0000 00000000
[   26553.145396] /dev/input/event1: 0003 0035 00004bd9
[   26553.145396] /dev/input/event1: 0003 0036 00003fff
[   26553.145396] /dev/input/event1: 0000 0000 00000000
[   26553.152113] /dev/input/event1: 0003 0035 00004c71
[   26553.152113] /dev/input/event1: 0003 0036 000038aa
[   26553.152113] /dev/input/event1: 0000 0000 00000000
[   26553.166941] /dev/input/event1: 0003 0036 00003332
[   26553.166941] /dev/input/event1: 0000 0000 00000000
[   26553.174310] /dev/input/event1: 0003 0036 00002c10
[   26553.174310] /dev/input/event1: 0000 0000 00000000
[   26553.185369] /dev/input/event1: 0003 0036 00002688
[   26553.185369] /dev/input/event1: 0000 0000 00000000
[   26553.203223] /dev/input/event1: 0003 0035 00004c16
[   26553.203223] /dev/input/event1: 0003 0036 000022ff
[   26553.203223] /dev/input/event1: 0000 0000 00000000
[   26553.207830] /dev/input/event1: 0003 0035 00004c71
[   26553.207830] /dev/input/event1: 0003 0036 00001f77
[   26553.207830] /dev/input/event1: 0000 0000 00000000
[   26553.219116] /dev/input/event1: 0003 0036 00001d21
[   26553.219116] /dev/input/event1: 0000 0000 00000000
[   26553.231752] /dev/input/event1: 0003 0036 00001c44
[   26553.231752] /dev/input/event1: 0000 0000 00000000
[   26553.243444] /dev/input/event1: 0003 0036 00001b55
[   26553.243444] /dev/input/event1: 0000 0000 00000000
[   26553.253355] /dev/input/event1: 0003 0036 00001acc
[   26553.253355] /dev/input/event1: 0000 0000 00000000
[   26553.264329] /dev/input/event1: 0003 0036 00001aaa
[   26553.264329] /dev/input/event1: 0000 0000 00000000
[   26553.275237] /dev/input/event1: 0003 0036 00001a77
[   26553.275237] /dev/input/event1: 0000 0000 00000000
[   26553.346420] /dev/input/event1: 0003 003a 00000000
[   26553.346420] /dev/input/event1: 0003 0039 ffffffff
[   26553.346420] /dev/input/event1: 0000 0000 00000000
[   26553.798854] /dev/input/event1: 0003 0039 00000000
[   26553.798854] /dev/input/event1: 0003 0035 000040b5
[   26553.798854] /dev/input/event1: 0003 0036 00004eee
[   26553.798854] /dev/input/event1: 0003 003a 00000400
[   26553.798854] /dev/input/event1: 0000 0000 00000000
[   26553.817664] /dev/input/event1: 0003 0036 00004e87
[   26553.817664] /dev/input/event1: 0000 0000 00000000
[   26553.828417] /dev/input/event1: 0003 0036 00004ddd
[   26553.828417] /dev/input/event1: 0000 0000 00000000
[   26553.838379] /dev/input/event1: 0003 0036 00004c99
[   26553.838379] /dev/input/event1: 0000 0000 00000000
[   26553.850261] /dev/input/event1: 0003 0036 00004a43
[   26553.850261] /dev/input/event1: 0000 0000 00000000
[   26553.861722] /dev/input/event1: 0003 0036 00004799
[   26553.861722] /dev/input/event1: 0000 0000 00000000
[   26553.872956] /dev/input/event1: 0003 0036 000045aa
[   26553.872956] /dev/input/event1: 0000 0000 00000000
[   26553.898034] /dev/input/event1: 0003 0036 00003f76
[   26553.898034] /dev/input/event1: 0000 0000 00000000
[   26553.908279] /dev/input/event1: 0003 0036 00003ccc
[   26553.908279] /dev/input/event1: 0000 0000 00000000
[   26553.918071] /dev/input/event1: 0003 0036 000038dd
[   26553.918071] /dev/input/event1: 0000 0000 00000000
[   26553.927721] /dev/input/event1: 0003 0036 000035aa
[   26553.927721] /dev/input/event1: 0000 0000 00000000
[   26553.941914] /dev/input/event1: 0003 0036 00003443
[   26553.941914] /dev/input/event1: 0000 0000 00000000
[   26553.950750] /dev/input/event1: 0003 0036 00003332
[   26553.950750] /dev/input/event1: 0000 0000 00000000
[   26553.961631] /dev/input/event1: 0003 0036 000032ff
[   26553.961631] /dev/input/event1: 0000 0000 00000000
[   26553.974049] /dev/input/event1: 0003 0036 000032cc
[   26553.974049] /dev/input/event1: 0000 0000 00000000
[   26553.986330] /dev/input/event1: 0003 0036 000032aa
[   26553.986330] /dev/input/event1: 0000 0000 00000000
[   26554.008253] /dev/input/event1: 0003 0036 00003277
[   26554.008253] /dev/input/event1: 0000 0000 00000000
[   26554.017850] /dev/input/event1: 0003 0036 00003243
[   26554.017850] /dev/input/event1: 0000 0000 00000000
[   26554.051651] /dev/input/event1: 0003 0036 00003221
[   26554.051651] /dev/input/event1: 0000 0000 00000000
[   26554.132591] /dev/input/event1: 0003 003a 00000000
[   26554.132591] /dev/input/event1: 0003 0039 ffffffff
[   26554.132591] /dev/input/event1: 0000 0000 00000000
[   26554.506329] /dev/input/event1: 0003 0039 00000000
[   26554.506329] /dev/input/event1: 0003 0035 00003f2b
[   26554.506329] /dev/input/event1: 0003 0036 00005443
[   26554.506329] /dev/input/event1: 0003 003a 00000400
[   26554.506329] /dev/input/event1: 0000 0000 00000000
[   26554.519335] /dev/input/event1: 0003 0035 00003f86
[   26554.519335] /dev/input/event1: 0003 0036 00005410
[   26554.519335] /dev/input/event1: 0000 0000 00000000
[   26554.526426] /dev/input/event1: 0003 0036 00005387
[   26554.526426] /dev/input/event1: 0000 0000 00000000
[   26554.536180] /dev/input/event1: 0003 0036 000051ee
[   26554.536180] /dev/input/event1: 0000 0000 00000000
[   26554.548795] /dev/input/event1: 0003 0035 00003fc2
[   26554.548795] /dev/input/event1: 0003 0036 00005021
[   26554.548795] /dev/input/event1: 0000 0000 00000000
[   26554.558908] /dev/input/event1: 0003 0036 00004cee
[   26554.558908] /dev/input/event1: 0000 0000 00000000
[   26554.570218] /dev/input/event1: 0003 0035 00004078
[   26554.570218] /dev/input/event1: 0003 0036 00004965
[   26554.570218] /dev/input/event1: 0000 0000 00000000
[   26554.581225] /dev/input/event1: 0003 0035 000040b5
[   26554.581225] /dev/input/event1: 0003 0036 000045ff
[   26554.581225] /dev/input/event1: 0000 0000 00000000
[   26554.591576] /dev/input/event1: 0003 0035 0000416b
[   26554.591576] /dev/input/event1: 0003 0036 00004088
[   26554.591576] /dev/input/event1: 0000 0000 00000000
[   26554.603335] /dev/input/event1: 0003 0036 00003aff
[   26554.603335] /dev/input/event1: 0000 0000 00000000
[   26554.614369] /dev/input/event1: 0003 0036 00003777
[   26554.614369] /dev/input/event1: 0000 0000 00000000
[   26554.625344] /dev/input/event1: 0003 0035 00004110
[   26554.625344] /dev/input/event1: 0003 0036 00003388
[   26554.625344] /dev/input/event1: 0000 0000 00000000
[   26554.637233] /dev/input/event1: 0003 0036 00003054
[   26554.637233] /dev/input/event1: 0000 0000 00000000
[   26554.647985] /dev/input/event1: 0003 0036 00002e88
[   26554.647985] /dev/input/event1: 0000 0000 00000000
[   26554.659963] /dev/input/event1: 0003 0036 00002c66
[   26554.659963] /dev/input/event1: 0000 0000 00000000
[   26554.670824] /dev/input/event1: 0003 0035 0000416b
[   26554.670824] /dev/input/event1: 0003 0036 00002aaa
[   26554.670824] /dev/input/event1: 0000 0000 00000000
[   26554.681621] /dev/input/event1: 0003 0036 00002999
[   26554.681621] /dev/input/event1: 0000 0000 00000000
[   26554.694305] /dev/input/event1: 0003 0036 00002888
[   26554.694305] /dev/input/event1: 0000 0000 00000000
[   26554.704310] /dev/input/event1: 0003 0036 000027cc
[   26554.704310] /dev/input/event1: 0000 0000 00000000
[   26554.715543] /dev/input/event1: 0003 0036 00002777
[   26554.715543] /dev/input/event1: 0000 0000 00000000
[   26554.727211] /dev/input/event1: 0003 0036 000026ee
[   26554.727211] /dev/input/event1: 0000 0000 00000000
[   26554.737974] /dev/input/event1: 0003 0036 00002688
[   26554.737974] /dev/input/event1: 0000 0000 00000000
[   26554.749546] /dev/input/event1: 0003 0036 00002666
[   26554.749546] /dev/input/event1: 0000 0000 00000000
[   26554.760784] /dev/input/event1: 0003 0036 00002632
[   26554.760784] /dev/input/event1: 0000 0000 00000000
[   26554.787305] /dev/input/event1: 0003 0036 000025ff
[   26554.787305] /dev/input/event1: 0000 0000 00000000
[   26554.828487] /dev/input/event1: 0003 003a 00000000
[   26554.828487] /dev/input/event1: 0003 0039 ffffffff
[   26554.828487] /dev/input/event1: 0000 0000 00000000
[   26555.192582] /dev/input/event1: 0003 0039 00000000
[   26555.192582] /dev/input/event1: 0003 0035 00003888
[   26555.192582] /dev/input/event1: 0003 0036 00004132
[   26555.192582] /dev/input/event1: 0003 003a 00000400
[   26555.192582] /dev/input/event1: 0000 0000 00000000
[   26555.347467] /dev/input/event1: 0003 003a 00000000
[   26555.347467] /dev/input/event1: 0003 0039 ffffffff
[   26555.347467] /dev/input/event1: 0000 0000 00000000
[   26556.836193] /dev/input/event1: 0003 0039 00000000
[   26556.836193] /dev/input/event1: 0003 0035 00001da0
[   26556.836193] /dev/input/event1: 0003 0036 00003f43
[   26556.836193] /dev/input/event1: 0003 003a 00000400
[   26556.836193] /dev/input/event1: 0000 0000 00000000
[   26556.967312] /dev/input/event1: 0003 003a 00000000
[   26556.967312] /dev/input/event1: 0003 0039 ffffffff
[   26556.967312] /dev/input/event1: 0000 0000 00000000
[   26557.497194] /dev/input/event1: 0003 0039 00000000
[   26557.497194] /dev/input/event1: 0003 0035 00006a6d
[   26557.497194] /dev/input/event1: 0003 0036 00003965
[   26557.497194] /dev/input/event1: 0003 003a 00000400
[   26557.497194] /dev/input/event1: 0000 0000 00000000
[   26557.653983] /dev/input/event1: 0003 003a 00000000
[   26557.653983] /dev/input/event1: 0003 0039 ffffffff
[   26557.653983] /dev/input/event1: 0000 0000 00000000
[   26558.152543] /dev/input/event1: 0003 0039 00000000
[   26558.152543] /dev/input/event1: 0003 0035 00004480
[   26558.152543] /dev/input/event1: 0003 0036 000049bb
[   26558.152543] /dev/input/event1: 0003 003a 00000400
[   26558.152543] /dev/input/event1: 0000 0000 00000000
[   26558.385622] /dev/input/event1: 0003 003a 00000000
[   26558.385622] /dev/input/event1: 0003 0039 ffffffff
[   26558.385622] /dev/input/event1: 0000 0000 00000000
[   26558.869897] /dev/input/event1: 0003 0039 00000000
[   26558.869897] /dev/input/event1: 0003 0036 00003499
[   26558.869897] /dev/input/event1: 0003 003a 00000400
[   26558.869897] /dev/input/event1: 0000 0000 00000000
[   26559.025459] /dev/input/event1: 0003 003a 00000000
[   26559.025459] /dev/input/event1: 0003 0039 ffffffff
[   26559.025459] /dev/input/event1: 0000 0000 00000000
[   26559.466779] /dev/input/event1: 0003 0039 00000000
[   26559.466779] /dev/input/event1: 0003 0035 000018a6
[   26559.466779] /dev/input/event1: 0003 0036 000038aa
[   26559.466779] /dev/input/event1: 0003 003a 00000400
[   26559.466779] /dev/input/event1: 0000 0000 00000000
[   26559.613712] /dev/input/event1: 0003 003a 00000000
[   26559.613712] /dev/input/event1: 0003 0039 ffffffff
[   26559.613712] /dev/input/event1: 0000 0000 00000000
[   26560.052035] /dev/input/event1: 0003 0039 00000000
[   26560.052035] /dev/input/event1: 0003 0035 00005ddd
[   26560.052035] /dev/input/event1: 0003 003a 00000400
[   26560.052035] /dev/input/event1: 0000 0000 00000000
[   26560.173278] /dev/input/event1: 0003 003a 00000000
[   26560.173278] /dev/input/event1: 0003 0039 ffffffff
[   26560.173278] /dev/input/event1: 0000 0000 00000000
[   26560.524664] /dev/input/event1: 0003 0039 00000000
[   26560.524664] /dev/input/event1: 0003 0035 00005fc2
[   26560.524664] /dev/input/event1: 0003 0036 000040aa
[   26560.524664] /dev/input/event1: 0003