* daemon not running. starting it now at tcp:5037 *
* daemon started successfully *
add device 1: /dev/input/event0
  name:     "Power Button"
add device 2: /dev/input/event1
  name:     "qwerty2"
could not get driver version for /dev/input/mice, Not a typewriter
[     705.051967] /dev/input/event1: 0003 0039 00000000
[     705.051967] /dev/input/event1: 0003 0035 00007189
[     705.051967] /dev/input/event1: 0003 0036 00006e54
[     705.051967] /dev/input/event1: 0003 003a 00000400
[     705.051967] /dev/input/event1: 0000 0000 00000000
[     705.208994] /dev/input/event1: 0003 003a 00000000
[     705.208994] /dev/input/event1: 0003 0039 ffffffff
[     705.208994] /dev/input/event1: 0000 0000 00000000
[     707.103077] /dev/input/event1: 0003 0039 00000000
[     707.103077] /dev/input/event1: 0003 0035 00003ddd
[     707.103077] /dev/input/event1: 0003 0036 00003910
[     707.103077] /dev/input/event1: 0003 003a 00000400
[     707.103077] /dev/input/event1: 0000 0000 00000000
[     707.279764] /dev/input/event1: 0003 003a 00000000
[     707.279764] /dev/input/event1: 0003 0039 ffffffff
[     707.279764] /dev/input/event1: 0000 0000 00000000
[     708.574792] /dev/input/event1: 0003 0039 00000000
[     708.574792] /dev/input/event1: 0003 0035 00003a6d
[     708.574792] /dev/input/event1: 0003 0036 000051bb
[     708.574792] /dev/input/event1: 0003 003a 00000400
[     708.574792] /dev/input/event1: 0000 0000 00000000
[     708.786402] /dev/input/event1: 0003 003a 00000000
[     708.786402] /dev/input/event1: 0003 0039 ffffffff
[     708.786402] /dev/input/event1: 0000 0000 00000000
[     710.226598] /dev/input/event1: 0003 0039 00000000
[     710.226598] /dev/input/event1: 0003 0035 00003573
[     710.226598] /dev/input/event1: 0003 0036 00002a55
[     710.226598] /dev/input/event1: 0003 003a 00000400
[     710.226598] /dev/input/event1: 0000 0000 00000000
[     710.451202] /dev/input/event1: 0003 003a 00000000
[     710.451202] /dev/input/event1: 0003 0039 ffffffff
[     710.451202] /dev/input/event1: 0000 0000 00000000
[     711.892302] /dev/input/event1: 0003 0039 00000000
[     711.892302] /dev/input/event1: 0003 0035 00006c8f
[     711.892302] /dev/input/event1: 0003 0036 00005632
[     711.892302] /dev/input/event1: 0003 003a 00000400
[     711.892302] /dev/input/event1: 0000 0000 00000000
[     712.128715] /dev/input/event1: 0003 003a 00000000
[     712.128715] /dev/input/event1: 0003 0039 ffffffff
[     712.128715] /dev/input/event1: 0000 0000 00000000
[     713.509456] /dev/input/event1: 0003 0039 00000000
[     713.509456] /dev/input/event1: 0003 0035 00006bba
[     713.509456] /dev/input/event1: 0003 0036 00005054
[     713.509456] /dev/input/event1: 0003 003a 00000400
[     713.509456] /dev/input/event1: 0000 0000 00000000
[     713.702489] /dev/input/event1: 0003 003a 00000000
[     713.702489] /dev/input/event1: 0003 0039 ffffffff
[     713.702489] /dev/input/event1: 0000 0000 00000000
[     715.133275] /dev/input/event1: 0003 0039 00000000
[     715.133275] /dev/input/event1: 0003 0035 00006869
[     715.133275] /dev/input/event1: 0003 0036 00002866
[     715.133275] /dev/input/event1: 0003 003a 00000400
[     715.133275] /dev/input/event1: 0000 0000 00000000
[     715.424829] /dev/input/event1: 0003 003a 00000000
[     715.424829] /dev/input/event1: 0003 0039 ffffffff
[     715.424829] /dev/input/event1: 0000 0000 00000000
[     716.448672] /dev/input/event1: 0003 0039 00000000
[     716.448672] /dev/input/event1: 0003 0035 0000260b
[     716.448672] /dev/input/event1: 0003 0036 00004a32
[     716.448672] /dev/input/event1: 0003 003a 00000400
[     716.448672] /dev/input/event1: 0000 0000 00000000
[     716.697220] /dev/input/event1: 0003 003a 00000000
[     716.697220] /dev/input/event1: 0003 0039 ffffffff
[     716.697220] /dev/input/event1: 0000 0000 00000000
[     717.406690] /dev/input/event1: 0003 0039 00000000
[     717.406690] /dev/input/event1: 0003 0035 0000425e
[     717.406690] /dev/input/event1: 0003 0036 000027ee
[     717.406690] /dev/input/event1: 0003 003a 00000400
[     717.406690] /dev/input/event1: 0000 0000 00000000
[     717.742744] /dev/input/event1: 0003 003a 00000000
[     717.742744] /dev/input/event1: 0003 0039 ffffffff
[     717.742744] /dev/input/event1: 0000 0000 00000000
