add device 1: /dev/input/event0
  name:     "Power Button"
add device 2: /dev/input/event1
  name:     "qwerty2"
could not get driver version for /dev/input/mice, Not a typewriter
[   42698.075019] /dev/input/event1: 0003 0039 00000000
[   42698.075019] /dev/input/event1: 0003 0035 00000bbb
[   42698.075019] /dev/input/event1: 0003 0036 00001621
[   42698.075019] /dev/input/event1: 0003 003a 00000400
[   42698.075019] /dev/input/event1: 0000 0000 00000000
[   42698.089088] /dev/input/event1: 0003 0036 000015aa
[   42698.089088] /dev/input/event1: 0000 0000 00000000
[   42698.118535] /dev/input/event1: 0003 003a 00000000
[   42698.118535] /dev/input/event1: 0003 0039 ffffffff
[   42698.118535] /dev/input/event1: 0000 0000 00000000
[   42700.390040] /dev/input/event1: 0003 0039 00000000
[   42700.390040] /dev/input/event1: 0003 0035 00000648
[   42700.390040] /dev/input/event1: 0003 0036 000011aa
[   42700.390040] /dev/input/event1: 0003 003a 00000400
[   42700.390040] /dev/input/event1: 0000 0000 00000000
[   42700.411814] /dev/input/event1: 0003 0036 00001166
[   42700.411814] /dev/input/event1: 0000 0000 00000000
[   42700.419533] /dev/input/event1: 0003 0036 00001133
[   42700.419533] /dev/input/event1: 0000 0000 00000000
[   42700.440082] /dev/input/event1: 0003 003a 00000000
[   42700.440082] /dev/input/event1: 0003 0039 ffffffff
[   42700.440082] /dev/input/event1: 0000 0000 00000000
[   42701.964429] /dev/input/event1: 0003 0039 00000000
[   42701.964429] /dev/input/event1: 0003 0035 00007480
[   42701.964429] /dev/input/event1: 0003 0036 000070ee
[   42701.964429] /dev/input/event1: 0003 003a 00000400
[   42701.964429] /dev/input/event1: 0000 0000 00000000
[   42702.061041] /dev/input/event1: 0003 003a 00000000
[   42702.061041] /dev/input/event1: 0003 0039 ffffffff
[   42702.061041] /dev/input/event1: 0000 0000 00000000
[   42703.883496] /dev/input/event1: 0003 0039 00000000
[   42703.883496] /dev/input/event1: 0003 0035 000040b5
[   42703.883496] /dev/input/event1: 0003 0036 00003988
[   42703.883496] /dev/input/event1: 0003 003a 00000400
[   42703.883496] /dev/input/event1: 0000 0000 00000000
[   42703.939033] /dev/input/event1: 0003 003a 00000000
[   42703.939033] /dev/input/event1: 0003 0039 ffffffff
[   42703.939033] /dev/input/event1: 0000 0000 00000000
[   42705.192679] /dev/input/event1: 0003 0039 00000000
[   42705.192679] /dev/input/event1: 0003 0035 00003a6d
[   42705.192679] /dev/input/event1: 0003 0036 000050ff
[   42705.192679] /dev/input/event1: 0003 003a 00000400
[   42705.192679] /dev/input/event1: 0000 0000 00000000
[   42705.266942] /dev/input/event1: 0003 003a 00000000
[   42705.266942] /dev/input/event1: 0003 0039 ffffffff
[   42705.266942] /dev/input/event1: 0000 0000 00000000
[   42706.092788] /dev/input/event1: 0003 0039 00000000
[   42706.092788] /dev/input/event1: 0003 0035 00003647
[   42706.092788] /dev/input/event1: 0003 0036 000030aa
[   42706.092788] /dev/input/event1: 0003 003a 00000400
[   42706.092788] /dev/input/event1: 0000 0000 00000000
[   42706.182878] /dev/input/event1: 0003 003a 00000000
[   42706.182878] /dev/input/event1: 0003 0039 ffffffff
[   42706.182878] /dev/input/event1: 0000 0000 00000000
[   42707.814571] /dev/input/event1: 0003 0039 00000000
[   42707.814571] /dev/input/event1: 0003 0035 00006794
[   42707.814571] /dev/input/event1: 0003 0036 00005632
[   42707.814571] /dev/input/event1: 0003 003a 00000400
[   42707.814571] /dev/input/event1: 0000 0000 00000000
[   42707.899135] /dev/input/event1: 0003 003a 00000000
[   42707.899135] /dev/input/event1: 0003 0039 ffffffff
[   42707.899135] /dev/input/event1: 0000 0000 00000000
[   42709.138415] /dev/input/event1: 0003 0039 00000000
[   42709.138415] /dev/input/event1: 0003 0035 00006a6d
[   42709.138415] /dev/input/event1: 0003 0036 00005010
[   42709.138415] /dev/input/event1: 0003 003a 00000400
[   42709.138415] /dev/input/event1: 0000 0000 00000000
[   42709.204882] /dev/input/event1: 0003 003a 00000000
[   42709.204882] /dev/input/event1: 0003 0039 ffffffff
[   42709.204882] /dev/input/event1: 0000 0000 00000000
[   42711.286364] /dev/input/event1: 0003 0039 00000000
[   42711.286364] /dev/input/event1: 0003 0035 00004e74
[   42711.286364] /dev/input/event1: 0003 0036 00004987
[   42711.286364] /dev/input/event1: 0003 003a 00000400
[   42711.286364] /dev/input/event1: 0000 0000 00000000
[   42711.398333] /dev/input/event1: 0003 003a 00000000
[   42711.398333] /dev/input/event1: 0003 0039 ffffffff
[   42711.398333] /dev/input/event1: 0000 0000 00000000
[   42711.862403] /dev/input/event1: 0003 0039 00000000
[   42711.862403] /dev/input/event1: 0003 0035 00001203
[   42711.862403] /dev/input/event1: 0003 0036 00005fcc
[   42711.862403] /dev/input/event1: 0003 003a 00000400
[   42711.862403] /dev/input/event1: 0000 0000 00000000
[   42711.986771] /dev/input/event1: 0003 003a 00000000
[   42711.986771] /dev/input/event1: 0003 0039 ffffffff
[   42711.986771] /dev/input/event1: 0000 0000 00000000
[   42712.367692] /dev/input/event1: 0003 0039 00000000
[   42712.367692] /dev/input/event1: 0003 0035 00005a30
[   42712.367692] /dev/input/event1: 0003 0036 00004543
[   42712.367692] /dev/input/event1: 0003 003a 00000400
[   42712.367692] /dev/input/event1: 0000 0000 00000000
[   42712.500611] /dev/input/event1: 0003 003a 00000000
[   42712.500611] /dev/input/event1: 0003 0039 ffffffff
[   42712.500611] /dev/input/event1: 0000 0000 00000000
[   42712.809945] /dev/input/event1: 0003 0039 00000000
[   42712.809945] /dev/input/event1: 0003 0035 0000484b
[   42712.809945] /dev/input/event1: 0003 0036 00006087
[   42712.809945] /dev/input/event1: 0003 003a 00000400
[   42712.809945] /dev/input/event1: 0000 0000 00000000
[   42712.909070] /dev/input/event1: 0003 003a 00000000
[   42712.909070] /dev/input/event1: 0003 0039 ffffffff
[   42712.909070] /dev/input/event1: 0000 0000 00000000
