add device 1: /dev/input/event0
  name:     "Power Button"
add device 2: /dev/input/event1
  name:     "qwerty2"
could not get driver version for /dev/input/mice, Not a typewriter
[     105.785731] /dev/input/event1: 0003 0039 00000000
[     105.785731] /dev/input/event1: 0003 0035 00002fff
[     105.785731] /dev/input/event1: 0003 0036 00006298
[     105.785731] /dev/input/event1: 0003 003a 00000400
[     105.785731] /dev/input/event1: 0000 0000 00000000
[     105.862276] /dev/input/event1: 0003 0035 00002fa4
[     105.862276] /dev/input/event1: 0000 0000 00000000
[     105.870951] /dev/input/event1: 0003 003a 00000000
[     105.870951] /dev/input/event1: 0003 0039 ffffffff
[     105.870951] /dev/input/event1: 0000 0000 00000000
[     106.886270] /dev/input/event1: 0003 0039 00000000
[     106.886270] /dev/input/event1: 0003 0035 00006d08
[     106.886270] /dev/input/event1: 0003 0036 00006e21
[     106.886270] /dev/input/event1: 0003 003a 00000400
[     106.886270] /dev/input/event1: 0000 0000 00000000
[     106.952045] /dev/input/event1: 0003 003a 00000000
[     106.952045] /dev/input/event1: 0003 0039 ffffffff
[     106.952045] /dev/input/event1: 0000 0000 00000000
[     107.886502] /dev/input/event1: 0003 0039 00000000
[     107.886502] /dev/input/event1: 0003 0035 0000712e
[     107.886502] /dev/input/event1: 0003 0036 000063ff
[     107.886502] /dev/input/event1: 0003 003a 00000400
[     107.886502] /dev/input/event1: 0000 0000 00000000
[     107.962316] /dev/input/event1: 0003 003a 00000000
[     107.962316] /dev/input/event1: 0003 0039 ffffffff
[     107.962316] /dev/input/event1: 0000 0000 00000000
[     109.787578] /dev/input/event1: 0003 0039 00000000
[     109.787578] /dev/input/event1: 0003 0035 00003999
[     109.787578] /dev/input/event1: 0003 0036 00004f65
[     109.787578] /dev/input/event1: 0003 003a 00000400
[     109.787578] /dev/input/event1: 0000 0000 00000000
[     109.875465] /dev/input/event1: 0003 003a 00000000
[     109.875465] /dev/input/event1: 0003 0039 ffffffff
[     109.875465] /dev/input/event1: 0000 0000 00000000
[     110.978486] /dev/input/event1: 0003 0039 00000000
[     110.978486] /dev/input/event1: 0003 0035 00006c8f
[     110.978486] /dev/input/event1: 0003 0036 00002477
[     110.978486] /dev/input/event1: 0003 003a 00000400
[     110.978486] /dev/input/event1: 0000 0000 00000000
[     111.068660] /dev/input/event1: 0003 003a 00000000
[     111.068660] /dev/input/event1: 0003 0039 ffffffff
[     111.068660] /dev/input/event1: 0000 0000 00000000
[     112.478663] /dev/input/event1: 0003 0039 00000000
[     112.478663] /dev/input/event1: 0003 0035 00006443
[     112.478663] /dev/input/event1: 0003 0036 000018bb
[     112.478663] /dev/input/event1: 0003 003a 00000400
[     112.478663] /dev/input/event1: 0000 0000 00000000
[     112.575885] /dev/input/event1: 0003 003a 00000000
[     112.575885] /dev/input/event1: 0003 0039 ffffffff
[     112.575885] /dev/input/event1: 0000 0000 00000000
[     113.947595] /dev/input/event1: 0003 0039 00000000
[     113.947595] /dev/input/event1: 0003 0035 00003ddd
[     113.947595] /dev/input/event1: 0003 0036 000013ff
[     113.947595] /dev/input/event1: 0003 003a 00000400
[     113.947595] /dev/input/event1: 0000 0000 00000000
[     114.028721] /dev/input/event1: 0003 003a 00000000
[     114.028721] /dev/input/event1: 0003 0039 ffffffff
[     114.028721] /dev/input/event1: 0000 0000 00000000
[     115.245494] /dev/input/event1: 0003 0039 00000000
[     115.245494] /dev/input/event1: 0003 0035 00001480
[     115.245494] /dev/input/event1: 0003 003a 00000400
[     115.245494] /dev/input/event1: 0000 0000 00000000
[     115.354042] /dev/input/event1: 0003 003a 00000000
[     115.354042] /dev/input/event1: 0003 0039 ffffffff
[     115.354042] /dev/input/event1: 0000 0000 00000000
[     117.842998] /dev/input/event1: 0003 0039 00000000
[     117.842998] /dev/input/event1: 0003 0035 00006d08
[     117.842998] /dev/input/event1: 0003 0036 00000a66
[     117.842998] /dev/input/event1: 0003 003a 00000400
[     117.842998] /dev/input/event1: 0000 0000 00000000
[     117.955090] /dev/input/event1: 0003 003a 00000000
[     117.955090] /dev/input/event1: 0003 0039 ffffffff
[     117.955090] /dev/input/event1: 0000 0000 00000000
[     120.093090] /dev/input/event1: 0003 0039 00000000
[     120.093090] /dev/input/event1: 0003 0035 00004554
[     120.093090] /dev/input/event1: 0003 0036 00003499
[     120.093090] /dev/input/event1: 0003 003a 00000400
[     120.093090] /dev/input/event1: 0000 0000 00000000
[     120.205939] /dev/input/event1: 0003 003a 00000000
[     120.205939] /dev/input/event1: 0003 0039 ffffffff
[     120.205939] /dev/input/event1: 0000 0000 00000000
[     120.844626] /dev/input/event1: 0003 0039 00000000
[     120.844626] /dev/input/event1: 0003 0035 00005dfb
[     120.844626] /dev/input/event1: 0003 0036 00002aff
[     120.844626] /dev/input/event1: 0003 003a 00000400
[     120.844626] /dev/input/event1: 0000 0000 00000000
[     120.956044] /dev/input/event1: 0003 003a 00000000
[     120.956044] /dev/input/event1: 0003 0039 ffffffff
[     120.956044] /dev/input/event1: 0000 0000 00000000
[     121.783213] /dev/input/event1: 0003 0039 00000000
[     121.783213] /dev/input/event1: 0003 0035 0000497a
[     121.783213] /dev/input/event1: 0003 0036 00003643
[     121.783213] /dev/input/event1: 0003 003a 00000400
[     121.783213] /dev/input/event1: 0000 0000 00000000
[     121.859079] /dev/input/event1: 0003 003a 00000000
[     121.859079] /dev/input/event1: 0003 0039 ffffffff
[     121.859079] /dev/input/event1: 0000 0000 00000000
