add device 1: /dev/input/event0
  name:     "Power Button"
add device 2: /dev/input/event1
  name:     "qwerty2"
could not get driver version for /dev/input/mice, Not a typewriter
[   42117.289746] /dev/input/event1: 0003 0039 00000000
[   42117.289746] /dev/input/event1: 0003 0035 00007332
[   42117.289746] /dev/input/event1: 0003 0036 00004676
[   42117.289746] /dev/input/event1: 0003 003a 00000400
[   42117.289746] /dev/input/event1: 0000 0000 00000000
[   42117.345213] /dev/input/event1: 0003 003a 00000000
[   42117.345213] /dev/input/event1: 0003 0039 ffffffff
[   42117.345213] /dev/input/event1: 0000 0000 00000000
[   42124.602122] /dev/input/event1: 0003 0039 00000000
[   42124.602122] /dev/input/event1: 0003 003a 00000400
[   42124.602122] /dev/input/event1: 0000 0000 00000000
[   42124.762817] /dev/input/event1: 0003 003a 00000000
[   42124.762817] /dev/input/event1: 0003 0039 ffffffff
[   42124.762817] /dev/input/event1: 0000 0000 00000000
[   42126.475234] /dev/input/event1: 0003 0039 00000000
[   42126.475234] /dev/input/event1: 0003 003a 00000400
[   42126.475234] /dev/input/event1: 0000 0000 00000000
[   42126.675563] /dev/input/event1: 0003 003a 00000000
[   42126.675563] /dev/input/event1: 0003 0039 ffffffff
[   42126.675563] /dev/input/event1: 0000 0000 00000000
[   42128.137261] /dev/input/event1: 0003 0039 00000000
[   42128.137261] /dev/input/event1: 0003 0035 00000fe1
[   42128.137261] /dev/input/event1: 0003 0036 00006010
[   42128.137261] /dev/input/event1: 0003 003a 00000400
[   42128.137261] /dev/input/event1: 0000 0000 00000000
[   42128.280967] /dev/input/event1: 0003 003a 00000000
[   42128.280967] /dev/input/event1: 0003 0039 ffffffff
[   42128.280967] /dev/input/event1: 0000 0000 00000000
[   42129.669184] /dev/input/event1: 0003 0039 00000000
[   42129.669184] /dev/input/event1: 0003 003a 00000400
[   42129.669184] /dev/input/event1: 0000 0000 00000000
[   42129.747243] /dev/input/event1: 0003 003a 00000000
[   42129.747243] /dev/input/event1: 0003 0039 ffffffff
[   42129.747243] /dev/input/event1: 0000 0000 00000000
[   42130.950948] /dev/input/event1: 0003 0039 00000000
[   42130.950948] /dev/input/event1: 0003 003a 00000400
[   42130.950948] /dev/input/event1: 0000 0000 00000000
[   42131.036922] /dev/input/event1: 0003 003a 00000000
[   42131.036922] /dev/input/event1: 0003 0039 ffffffff
[   42131.036922] /dev/input/event1: 0000 0000 00000000
[   42132.140518] /dev/input/event1: 0003 0039 00000000
[   42132.140518] /dev/input/event1: 0003 0035 00006bba
[   42132.140518] /dev/input/event1: 0003 0036 000070ee
[   42132.140518] /dev/input/event1: 0003 003a 00000400
[   42132.140518] /dev/input/event1: 0000 0000 00000000
[   42132.208883] /dev/input/event1: 0003 003a 00000000
[   42132.208883] /dev/input/event1: 0003 0039 ffffffff
[   42132.208883] /dev/input/event1: 0000 0000 00000000
[   42134.333449] /dev/input/event1: 0003 0039 00000000
[   42134.333449] /dev/input/event1: 0003 0035 0000197b
[   42134.333449] /dev/input/event1: 0003 0036 00007b76
[   42134.333449] /dev/input/event1: 0003 003a 00000400
[   42134.333449] /dev/input/event1: 0000 0000 00000000
[   42134.434544] /dev/input/event1: 0003 003a 00000000
[   42134.434544] /dev/input/event1: 0003 0039 ffffffff
[   42134.434544] /dev/input/event1: 0000 0000 00000000
[   42136.196140] /dev/input/event1: 0003 0039 00000000
[   42136.196140] /dev/input/event1: 0003 0035 00002fff
[   42136.196140] /dev/input/event1: 0003 0036 00002aff
[   42136.196140] /dev/input/event1: 0003 003a 00000400
[   42136.196140] /dev/input/event1: 0000 0000 00000000
[   42136.325785] /dev/input/event1: 0003 003a 00000000
[   42136.325785] /dev/input/event1: 0003 0039 ffffffff
[   42136.325785] /dev/input/event1: 0000 0000 00000000
[   42136.915426] /dev/input/event1: 0003 0039 00000000
[   42136.915426] /dev/input/event1: 0003 0035 00003869
[   42136.915426] /dev/input/event1: 0003 0036 00004dbb
[   42136.915426] /dev/input/event1: 0003 003a 00000400
[   42136.915426] /dev/input/event1: 0000 0000 00000000
[   42137.058479] /dev/input/event1: 0003 003a 00000000
[   42137.058479] /dev/input/event1: 0003 0039 ffffffff
[   42137.058479] /dev/input/event1: 0000 0000 00000000
[   42137.452392] /dev/input/event1: 0003 0039 00000000
[   42137.452392] /dev/input/event1: 0003 0035 00005cad
[   42137.452392] /dev/input/event1: 0003 0036 00002121
[   42137.452392] /dev/input/event1: 0003 003a 00000400
[   42137.452392] /dev/input/event1: 0000 0000 00000000
[   42137.575738] /dev/input/event1: 0003 003a 00000000
[   42137.575738] /dev/input/event1: 0003 0039 ffffffff
[   42137.575738] /dev/input/event1: 0000 0000 00000000
[   42138.051190] /dev/input/event1: 0003 0039 00000000
[   42138.051190] /dev/input/event1: 0003 0035 00002cae
[   42138.051190] /dev/input/event1: 0003 0036 00004543
[   42138.051190] /dev/input/event1: 0003 003a 00000400
[   42138.051190] /dev/input/event1: 0000 0000 00000000
[   42138.172402] /dev/input/event1: 0003 003a 00000000
[   42138.172402] /dev/input/event1: 0003 0039 ffffffff
[   42138.172402] /dev/input/event1: 0000 0000 00000000
