* daemon not running. starting it now at tcp:5037 *
* daemon started successfully *
add device 1: /dev/input/event0
  name:     "Power Button"
add device 2: /dev/input/event1
  name:     "qwerty2"
could not get driver version for /dev/input/mice, Not a typewriter
[   37178.186342] /dev/input/event1: 0003 0035 00005dfb
[   37178.186342] /dev/input/event1: 0003 0036 000034dd
[   37178.186342] /dev/input/event1: 0000 0000 00000000
[   37178.195276] /dev/input/event1: 0003 0035 00005a30
[   37178.195276] /dev/input/event1: 0000 0000 00000000
[   37178.207578] /dev/input/event1: 0003 0035 00005536
[   37178.207578] /dev/input/event1: 0003 0036 00003510
[   37178.207578] /dev/input/event1: 0000 0000 00000000
[   37178.217592] /dev/input/event1: 0003 0035 00004ccc
[   37178.217592] /dev/input/event1: 0000 0000 00000000
[   37178.232484] /dev/input/event1: 0003 0035 00004189
[   37178.232484] /dev/input/event1: 0000 0000 00000000
[   37178.240712] /dev/input/event1: 0003 0035 00003869
[   37178.240712] /dev/input/event1: 0003 0036 000034dd
[   37178.240712] /dev/input/event1: 0000 0000 00000000
[   37178.253282] /dev/input/event1: 0003 0035 000029d5
[   37178.253282] /dev/input/event1: 0000 0000 00000000
[   37178.262376] /dev/input/event1: 0003 0035 00001b23
[   37178.262376] /dev/input/event1: 0000 0000 00000000
[   37178.274760] /dev/input/event1: 0003 0035 0000125e
[   37178.274760] /dev/input/event1: 0000 0000 00000000
[   37178.286340] /dev/input/event1: 0003 0035 000007f0
[   37178.286340] /dev/input/event1: 0003 0036 00003499
[   37178.286340] /dev/input/event1: 0000 0000 00000000
[   37178.296219] /dev/input/event1: 0003 0035 00000000
[   37178.296219] /dev/input/event1: 0000 0000 00000000
[   37178.353178] /dev/input/event1: 0003 003a 00000000
[   37178.353178] /dev/input/event1: 0003 0039 ffffffff
[   37178.353178] /dev/input/event1: 0000 0000 00000000
[   37179.390305] /dev/input/event1: 0003 0039 00000000
[   37179.390305] /dev/input/event1: 0003 0035 00005bd9
[   37179.390305] /dev/input/event1: 0003 0036 00003510
[   37179.390305] /dev/input/event1: 0003 003a 00000400
[   37179.390305] /dev/input/event1: 0000 0000 00000000
[   37179.399537] /dev/input/event1: 0003 0035 00005b7e
[   37179.399537] /dev/input/event1: 0000 0000 00000000
[   37179.410896] /dev/input/event1: 0003 0035 00005a30
[   37179.410896] /dev/input/event1: 0003 0036 00003554
[   37179.410896] /dev/input/event1: 0000 0000 00000000
[   37179.421235] /dev/input/event1: 0003 0035 0000595c
[   37179.421235] /dev/input/event1: 0000 0000 00000000
[   37179.433297] /dev/input/event1: 0003 0035 0000560a
[   37179.433297] /dev/input/event1: 0000 0000 00000000
[   37179.444181] /dev/input/event1: 0003 0035 0000523f
[   37179.444181] /dev/input/event1: 0003 0036 00003588
[   37179.444181] /dev/input/event1: 0000 0000 00000000
[   37179.455473] /dev/input/event1: 0003 0035 00004ac8
[   37179.455473] /dev/input/event1: 0000 0000 00000000
[   37179.467455] /dev/input/event1: 0003 0035 00003f0c
[   37179.467455] /dev/input/event1: 0000 0000 00000000
[   37179.477440] /dev/input/event1: 0003 0035 000033ca
[   37179.477440] /dev/input/event1: 0000 0000 00000000
[   37179.490347] /dev/input/event1: 0003 0035 0000216b
[   37179.490347] /dev/input/event1: 0000 0000 00000000
[   37179.500441] /dev/input/event1: 0003 0035 00000bbb
[   37179.500441] /dev/input/event1: 0003 0036 00003554
[   37179.500441] /dev/input/event1: 0000 0000 00000000
[   37179.511509] /dev/input/event1: 0003 0035 00000000
[   37179.511509] /dev/input/event1: 0003 0036 00003510
[   37179.511509] /dev/input/event1: 0000 0000 00000000
[   37179.594846] /dev/input/event1: 0003 003a 00000000
[   37179.594846] /dev/input/event1: 0003 0039 ffffffff
[   37179.594846] /dev/input/event1: 0000 0000 00000000
[   37180.694207] /dev/input/event1: 0003 0039 00000000
[   37180.694207] /dev/input/event1: 0003 0035 00005a30
[   37180.694207] /dev/input/event1: 0003 0036 000036bb
[   37180.694207] /dev/input/event1: 0003 003a 00000400
[   37180.694207] /dev/input/event1: 0000 0000 00000000
[   37180.727215] /dev/input/event1: 0003 0035 00005901
[   37180.727215] /dev/input/event1: 0000 0000 00000000
[   37180.738204] /dev/input/event1: 0003 0035 0000538d
[   37180.738204] /dev/input/event1: 0000 0000 00000000
[   37180.748929] /dev/input/event1: 0003 0035 00004bf7
[   37180.748929] /dev/input/event1: 0000 0000 00000000
[   37180.762449] /dev/input/event1: 0003 0035 00003999
[   37180.762449] /dev/input/event1: 0003 0036 00003643
[   37180.762449] /dev/input/event1: 0000 0000 00000000
[   37180.774878] /dev/input/event1: 0003 0035 00002110
[   37180.774878] /dev/input/event1: 0003 0036 00003610
[   37180.774878] /dev/input/event1: 0000 0000 00000000
[   37180.782874] /dev/input/event1: 0003 0035 00000d09
[   37180.782874] /dev/input/event1: 0003 0036 00003588
[   37180.782874] /dev/input/event1: 0000 0000 00000000
[   37180.796509] /dev/input/event1: 0003 0035 00000000
[   37180.796509] /dev/input/event1: 0003 0036 00003499
[   37180.796509] /dev/input/event1: 0000 0000 00000000
[   37180.850318] /dev/input/event1: 0003 003a 00000000
[   37180.850318] /dev/input/event1: 0003 0039 ffffffff
[   37180.850318] /dev/input/event1: 0000 0000 00000000
[   37182.532464] /dev/input/event1: 0003 0039 00000000
[   37182.532464] /dev/input/event1: 0003 0035 00000d64
[   37182.532464] /dev/input/event1: 0003 0036 00000888
[   37182.532464] /dev/input/event1: 0003 003a 00000400
[   37182.532464] /dev/input/event1: 0000 0000 00000000
[   37182.605749] /dev/input/event1: 0003 003a 00000000
[   37182.605749] /dev/input/event1: 0003 0039 ffffffff
[   37182.605749] /dev/input/event1: 0000 0000 00000000
[   37185.126308] /dev/input/event1: 0003 0039 00000000
[   37185.126308] /dev/input/event1: 0003 0035 0000405a
[   37185.126308] /dev/input/event1: 0003 0036 00005c43
[   37185.126308] /dev/input/event1: 0003 003a 00000400
[   37185.126308] /dev/input/event1: 0000 0000 00000000
[   37185.193180] /dev/input/event1: 0003 003a 00000000
[   37185.193180] /dev/input/event1: 0003 0039 ffffffff
[   37185.193180] /dev/input/event1: 0000 0000 00000000
[   37186.477653] /dev/input/event1: 0003 0039 00000000
[   37186.477653] /dev/input/event1: 0003 0035 000074db
[   37186.477653] /dev/input/event1: 0003 0036 000072cb
[   37186.477653] /dev/input/event1: 0003 003a 00000400
[   37186.477653] /dev/input/event1: 0000 0000 00000000
[   37186.567072] /dev/input/event1: 0003 003a 00000000
[   37186.567072] /dev/input/event1: 0003 0039 ffffffff
[   37186.567072] /dev/input/event1: 0000 0000 00000000
[   37189.674560] /dev/input/event1: 0003 0039 00000000
[   37189.674560] /dev/input/event1: 0003 0035 0000791f
[   37189.674560] /dev/input/event1: 0003 0036 00000977
[   37189.674560] /dev/input/event1: 0003 003a 00000400
[   37189.674560] /dev/input/event1: 0000 0000 00000000
[   37189.774962] /dev/input/event1: 0003 003a 00000000
[   37189.774962] /dev/input/event1: 0003 0039 ffffffff
[   37189.774962] /dev/input/event1: 0000 0000 00000000
[   37191.685864] /dev/input/event1: 0003 0039 00000000
[   37191.685864] /dev/input/event1: 0003 0035 00005aa9
[   37191.685864] /dev/input/event1: 0003 0036 00002e43
[   37191.685864] /dev/input/event1: 0003 003a 00000400
[   37191.685864] /dev/input/event1: 0000 0000 00000000
[   37191.787109] /dev/input/event1: 0003 003a 00000000
[   37191.787109] /dev/input/event1: 0003 0039 ffffffff
[   37191.787109] /dev/input/event1: 0000 0000 00000000
[   37194.535570] /dev/input/event1: 0003 0039 00000000
[   37194.535570] /dev/input/event1: 0003 0035 0000412e
[   37194.535570] /dev/input/event1: 0003 0036 00007d21
[   37194.535570] /dev/input/event1: 0003 003a 00000400
[   37194.535570] /dev/input/event1: 0000 0000 00000000
[   37194.643921] /dev/input/event1: 0003 003a 00000000
[   37194.643921] /dev/input/event1: 0003 0039 ffffffff
[   37194.643921] /dev/input/event1: 0000 0000 00000000
[   37196.909025] /dev/input/event1: 0003 0039 00000000
[   37196.909025] /dev/input/event1: 0003 0035 000017d2
[   37196.909025] /dev/input/event1: 0003 0036 000041cc
[   37196.909025] /dev/input/event1: 0003 003a 00000400
[   37196.909025] /dev/input/event1: 0000 0000 00000000
[   37197.018772] /dev/input/event1: 0003 003a 00000000
[   37197.018772] /dev/input/event1: 0003 0039 ffffffff
[   37197.018772] /dev/input/event1: 0000 0000 00000000
[   37199.374811] /dev/input/event1: 0003 0039 00000000
[   37199.374811] /dev/input/event1: 0003 0035 00003a12
[   37199.374811] /dev/input/event1: 0003 0036 000070a9
[   37199.374811] /dev/input/event1: 0003 003a 00000400
[   37199.374811] /dev/input/event1: 0000 0000 00000000
[   37199.417339] /dev/input/event1: 0003 0036 00007032
[   37199.417339] /dev/input/event1: 0000 0000 00000000
[   37199.425672] /dev/input/event1: 0003 0036 00006f43
[   37199.425672] /dev/input/event1: 0000 0000 00000000
[   37199.438200] /dev/input/event1: 0003 0036 00006ddd
[   37199.438200] /dev/input/event1: 0000 0000 00000000
[   37199.449236] /dev/input/event1: 0003 0036 00006cba
[   37199.449236] /dev/input/event1: 0000 0000 00000000
[   37199.461083] /dev/input/event1: 0003 0035 00003a6d
[   37199.461083] /dev/input/event1: 0003 0036 00006a98
[   37199.461083] /dev/input/event1: 0000 0000 00000000
[   37199.472627] /dev/input/event1: 0003 0035 00003ae6
[   37199.472627] /dev/input/event1: 0003 0036 00006843
[   37199.472627] /dev/input/event1: 0000 0000 00000000
[   37199.482974] /dev/input/event1: 0003 0035 00003b41
[   37199.482974] /dev/input/event1: 0003 0036 00006532
[   37199.482974] /dev/input/event1: 0000 0000 00000000
[   37199.493233] /dev/input/event1: 0003 0035 00003bbb
[   37199.493233] /dev/input/event1: 0003 0036 00006310
[   37199.493233] /dev/input/event1: 0000 0000 00000000
[   37199.510821] /dev/input/event1: 0003 0035 00003c34
[   37199.510821] /dev/input/event1: 0003 0036 000060ff
[   37199.510821] /dev/input/event1: 0000 0000 00000000
[   37199.515953] /dev/input/event1: 0003 0036 00006010
[   37199.515953] /dev/input/event1: 0000 0000 00000000
[   37199.526079] /dev/input/event1: 0003 0036 00005f54
[   37199.526079] /dev/input/event1: 0000 0000 00000000
[   37199.538925] /dev/input/event1: 0003 0036 00005e98
[   37199.538925] /dev/input/event1: 0000 0000 00000000
[   37199.548518] /dev/input/event1: 0003 0036 00005dee
[   37199.548518] /dev/input/event1: 0000 0000 00000000
[   37199.559578] /dev/input/event1: 0003 0036 00005cff
[   37199.559578] /dev/input/event1: 0000 0000 00000000
[   37199.573504] /dev/input/event1: 0003 0036 00005c10
[   37199.573504] /dev/input/event1: 0000 0000 00000000
[   37199.583793] /dev/input/event1: 0003 0035 00003c8f
[   37199.583793] /dev/input/event1: 0003 0036 00005b98
[   37199.583793] /dev/input/event1: 0000 0000 00000000
[   37199.593620] /dev/input/event1: 0003 0035 00003d09
[   37199.593620] /dev/input/event1: 0003 0036 00005a65
[   37199.593620] /dev/input/event1: 0000 0000 00000000
[   37199.605533] /dev/input/event1: 0003 0035 00003d64
[   37199.605533] /dev/input/event1: 0003 0036 00005932
[   37199.605533] /dev/input/event1: 0000 0000 00000000
[   37199.616971] /dev/input/event1: 0003 0036 00005843
[   37199.616971] /dev/input/event1: 0000 0000 00000000
[   37199.627429] /dev/input/event1: 0003 0036 00005754
[   37199.627429] /dev/input/event1: 0000 0000 00000000
[   37199.640605] /dev/input/event1: 0003 0036 00005665
[   37199.640605] /dev/input/event1: 0000 0000 00000000
[   37199.650074] /dev/input/event1: 0003 0036 000055bb
[   37199.650074] /dev/input/event1: 0000 0000 00000000
[   37199.661044] /dev/input/event1: 0003 0036 00005487
[   37199.661044] /dev/input/event1: 0000 0000 00000000
[   37199.673689] /dev/input/event1: 0003 0035 00003ddd
[   37199.673689] /dev/input/event1: 0003 0036 00005398
[   37199.673689] /dev/input/event1: 0000 0000 00000000
[   37199.683677] /dev/input/event1: 0003 0036 000052aa
[   37199.683677] /dev/input/event1: 0000 0000 00000000
[   37199.694964] /dev/input/event1: 0003 0036 00005143
[   37199.694964] /dev/input/event1: 0000 0000 00000000
[   37199.708231] /dev/input/event1: 0003 0035 00003e38
[   37199.708231] /dev/input/event1: 0003 0036 00004f98
[   37199.708231] /dev/input/event1: 0000 0000 00000000
[   37199.718260] /dev/input/event1: 0003 0036 00004e76
[   37199.718260] /dev/input/event1: 0000 0000 00000000
[   37199.728674] /dev/input/event1: 0003 0036 00004cff
[   37199.728674] /dev/input/event1: 0000 0000 00000000
[   37199.741032] /dev/input/event1: 0003 0036 00004bdd
[   37199.741032] /dev/input/event1: 0000 0000 00000000
[   37199.751720] /dev/input/event1: 0003 0036 00004b21
[   37199.751720] /dev/input/event1: 0000 0000 00000000
[   37199.762362] /dev/input/event1: 0003 0036 00004a32
[   37199.762362] /dev/input/event1: 0000 0000 00000000
[   37199.774203] /dev/input/event1: 0003 0036 00004943
[   37199.774203] /dev/input/event1: 0000 0000 00000000
[   37199.785063] /dev/input/event1: 0003 0036 00004899
[   37199.785063] /dev/input/event1: 0000 0000 00000000
[   37199.800169] /dev/input/event1: 0003 0036 00004765
[   37199.800169] /dev/input/event1: 0000 0000 00000000
[   37199.807762] /dev/input/event1: 0003 0036 00004632
[   37199.807762] /dev/input/event1: 0000 0000 00000000
[   37199.822798] /dev/input/event1: 0003 0036 00004543
[   37199.822798] /dev/input/event1: 0000 0000 00000000
[   37199.840182] /dev/input/event1: 0003 0036 00004454
[   37199.840182] /dev/input/event1: 0000 0000 00000000
[   37199.841154] /dev/input/event1: 0003 0036 000043aa
[   37199.841154] /dev/input/event1: 0000 0000 00000000
[   37199.852506] /dev/input/event1: 0003 0036 00004365
[   37199.852506] /dev/input/event1: 0000 0000 00000000
[   37199.866340] /dev/input/event1: 0003 0035 00003ddd
[   37199.866340] /dev/input/event1: 0003 0036 00004332
[   37199.866340] /dev/input/event1: 0000 0000 00000000
[   37199.874757] /dev/input/event1: 0003 0036 000042bb
[   37199.874757] /dev/input/event1: 0000 0000 00000000
[   37199.890066] /dev/input/event1: 0003 0036 00004276
[   37199.890066] /dev/input/event1: 0000 0000 00000000
[   37199.899919] /dev/input/event1: 0003 0036 000041cc
[   37199.899919] /dev/input/event1: 0000 0000 00000000
[   37199.908961] /dev/input/event1: 0003 0036 00004110
[   37199.908961] /dev/input/event1: 0000 0000 00000000
[   37199.923852] /dev/input/event1: 0003 0035 00003d64
[   37199.923852] /dev/input/event1: 0003 0036 00004054
[   37199.923852] /dev/input/event1: 0000 0000 00000000
[   37199.932727] /dev/input/event1: 0003 0036 00003f65
[   37199.932727] /dev/input/event1: 0000 0000 00000000
[   37199.942165] /dev/input/event1: 0003 0036 00003e76
[   37199.942165] /dev/input/event1: 0000 0000 00000000
[   37199.955291] /dev/input/event1: 0003 0036 00003dff
[   37199.955291] /dev/input/event1: 0000 0000 00000000
[   37199.966400] /dev/input/event1: 0003 0036 00003d54
[   37199.966400] /dev/input/event1: 0000 0000 00000000
[   37199.976074] /dev/input/event1: 0003 0036 00003cdd
[   37199.976074] /dev/input/event1: 0000 0000 00000000
[   37199.990377] /dev/input/event1: 0003 0035 00003d09
[   37199.990377] /dev/input/event1: 0003 0036 00003c65
[   37199.990377] /dev/input/event1: 0000 0000 00000000
[   37199.999663] /dev/input/event1: 0003 0036 00003b65
[   37199.999663] /dev/input/event1: 0000 0000 00000000
[   37200.009718] /dev/input/event1: 0003 0036 00003a77
[   37200.009718] /dev/input/event1: 0000 0000 00000000
[   37200.023820] /dev/input/event1: 0003 0036 00003988
[   37200.023820] /dev/input/event1: 0000 0000 00000000
[   37200.033090] /dev/input/event1: 0003 0035 00003c8f
[   37200.033090] /dev/input/event1: 0003 0036 00003821
[   37200.033090] /dev/input/event1: 0000 0000 00000000
[   37200.043440] /dev/input/event1: 0003 0036 000036bb
[   37200.043440] /dev/input/event1: 0000 0000 00000000
[   37200.056650] /dev/input/event1: 0003 0036 000035cc
[   37200.056650] /dev/input/event1: 0000 0000 00000000
[   37200.066795] /dev/input/event1: 0003 0035 00003c34
[   37200.066795] /dev/input/event1: 0003 0036 000034dd
[   37200.066795] /dev/input/event1: 0000 0000 00000000
[   37200.077199] /dev/input/event1: 0003 0036 000033ee
[   37200.077199] /dev/input/event1: 0000 0000 00000000
[   37200.090097] /dev/input/event1: 0003 0036 00003377
[   37200.090097] /dev/input/event1: 0000 0000 00000000
[   37200.100101] /dev/input/event1: 0003 0036 000032bb
[   37200.100101] /dev/input/event1: 0000 0000 00000000
[   37200.111675] /dev/input/event1: 0003 0036 00003210
[   37200.111675] /dev/input/event1: 0000 0000 00000000
[   37200.123485] /dev/input/event1: 0003 0036 00003199
[   37200.123485] /dev/input/event1: 0000 0000 00000000
[   37200.133587] /dev/input/event1: 0003 0036 000030aa
[   37200.133587] /dev/input/event1: 0000 0000 00000000
[   37200.144803] /dev/input/event1: 0003 0036 00002f77
[   37200.144803] /dev/input/event1: 0000 0000 00000000
[   37200.156878] /dev/input/event1: 0003 0036 00002eff
[   37200.156878] /dev/input/event1: 0000 0000 00000000
[   37200.168937] /dev/input/event1: 0003 0036 00002e43
[   37200.168937] /dev/input/event1: 0000 0000 00000000
[   37200.178674] /dev/input/event1: 0003 0036 00002d99
[   37200.178674] /dev/input/event1: 0000 0000 00000000
[   37200.190359] /dev/input/event1: 0003 0036 00002d21
[   37200.190359] /dev/input/event1: 0000 0000 00000000
[   37200.202026] /dev/input/event1: 0003 0036 00002caa
[   37200.202026] /dev/input/event1: 0000 0000 00000000
[   37200.212373] /dev/input/event1: 0003 0036 00002bee
[   37200.212373] /dev/input/event1: 0000 0000 00000000
[   37200.224508] /dev/input/event1: 0003 0036 00002b43
[   37200.224508] /dev/input/event1: 0000 0000 00000000
[   37200.235136] /dev/input/event1: 0003 0036 00002a88
[   37200.235136] /dev/input/event1: 0000 0000 00000000
[   37200.249613] /dev/input/event1: 0003 0036 00002999
[   37200.249613] /dev/input/event1: 0000 0000 00000000
[   37200.257752] /dev/input/event1: 0003 0036 00002921
[   37200.257752] /dev/input/event1: 0000 0000 00000000
[   37200.268677] /dev/input/event1: 0003 0036 00002866
[   37200.268677] /dev/input/event1: 0000 0000 00000000
[   37200.282960] /dev/input/event1: 0003 0036 000027ee
[   37200.282960] /dev/input/event1: 0000 0000 00000000
[   37200.291209] /dev/input/event1: 0003 0036 00002777
[   37200.291209] /dev/input/event1: 0000 0000 00000000
[   37200.307030] /dev/input/event1: 0003 0036 000026ff
[   37200.307030] /dev/input/event1: 0000 0000 00000000
[   37200.316351] /dev/input/event1: 0003 0036 00002688
[   37200.316351] /dev/input/event1: 0000 0000 00000000
[   37200.324683] /dev/input/event1: 0003 0036 00002610
[   37200.324683] /dev/input/event1: 0000 0000 00000000
[   37200.340031] /dev/input/event1: 0003 0036 00002566
[   37200.340031] /dev/input/event1: 0000 0000 00000000
[   37200.349636] /dev/input/event1: 0003 0036 000024ee
[   37200.349636] /dev/input/event1: 0000 0000 00000000
[   37200.358635] /dev/input/event1: 0003 0036 00002477
[   37200.358635] /dev/input/event1: 0000 0000 00000000
[   37200.369552] /dev/input/event1: 0003 0036 000023ff
[   37200.369552] /dev/input/event1: 0000 0000 00000000
[   37200.383667] /dev/input/event1: 0003 0036 000023bb
[   37200.383667] /dev/input/event1: 0000 0000 00000000
[   37200.392280] /dev/input/event1: 0003 0035 00003c8f
[   37200.392280] /dev/input/event1: 0003 0036 00002343
[   37200.392280] /dev/input/event1: 0000 0000 00000000
[   37200.406234] /dev/input/event1: 0003 0036 000022cc
[   37200.406234] /dev/input/event1: 0000 0000 00000000
[   37200.416328] /dev/input/event1: 0003 0036 00002288
[   37200.416328] /dev/input/event1: 0000 0000 00000000
[   37200.426063] /dev/input/event1: 0003 0036 00002210
[   37200.426063] /dev/input/event1: 0000 0000 00000000
[   37200.440724] /dev/input/event1: 0003 0036 00002199
[   37200.440724] /dev/input/event1: 0000 0000 00000000
[   37200.449590] /dev/input/event1: 0003 0036 00002166
[   37200.449590] /dev/input/event1: 0000 0000 00000000
[   37200.459856] /dev/input/event1: 0003 0036 000020ee
[   37200.459856] /dev/input/event1: 0000 0000 00000000
[   37200.473632] /dev/input/event1: 0003 0036 00002077
[   37200.473632] /dev/input/event1: 0000 0000 00000000
[   37200.482922] /dev/input/event1: 0003 0036 00002032
[   37200.482922] /dev/input/event1: 0000 0000 00000000
[   37200.493515] /dev/input/event1: 0003 0036 00001fff
[   37200.493515] /dev/input/event1: 0000 0000 00000000
[   37200.507085] /dev/input/event1: 0003 0036 00001fbb
[   37200.507085] /dev/input/event1: 0000 0000 00000000
[   37200.527533] /dev/input/event1: 0003 0036 00001f44
[   37200.527533] /dev/input/event1: 0000 0000 00000000
[   37200.538934] /dev/input/event1: 0003 0036 00001f10
[   37200.538934] /dev/input/event1: 0000 0000 00000000
[   37200.562001] /dev/input/event1: 0003 0036 00001ecc
[   37200.562001] /dev/input/event1: 0000 0000 00000000
[   37200.572656] /dev/input/event1: 0003 0036 00001e99
[   37200.572656] /dev/input/event1: 0000 0000 00000000
[   37200.583833] /dev/input/event1: 0003 0036 00001e55
[   37200.583833] /dev/input/event1: 0000 0000 00000000
[   37200.607078] /dev/input/event1: 0003 0036 00001e21
[   37200.607078] /dev/input/event1: 0000 0000 00000000
[   37200.879507] /dev/input/event1: 0003 003a 00000000
[   37200.879507] /dev/input/event1: 0003 0039 ffffffff
[   37200.879507] /dev/input/event1: 0000 0000 00000000
[   37202.042676] /dev/input/event1: 0003 0039 00000000
[   37202.042676] /dev/input/event1: 0003 0035 0000295c
[   37202.042676] /dev/input/event1: 0003 0036 00005da9
[   37202.042676] /dev/input/event1: 0003 003a 00000400
[   37202.042676] /dev/input/event1: 0000 0000 00000000
[   37202.159849] /dev/input/event1: 0003 003a 00000000
[   37202.159849] /dev/input/event1: 0003 0039 ffffffff
[   37202.159849] /dev/input/event1: 0000 0000 00000000
[   37203.895832] /dev/input/event1: 0003 0039 00000000
[   37203.895832] /dev/input/event1: 0003 0035 00001f68
[   37203.895832] /dev/input/event1: 0003 0036 00001566
[   37203.895832] /dev/input/event1: 0003 003a 00000400
[   37203.895832] /dev/input/event1: 0000 0000 00000000
[   37204.006355] /dev/input/event1: 0003 003a 00000000
[   37204.006355] /dev/input/event1: 0003 0039 ffffffff
[   37204.006355] /dev/input/event1: 0000 0000 00000000
[   37205.943353] /dev/input/event1: 0003 0039 00000000
[   37205.943353] /dev/input/event1: 0003 0035 0000280e
[   37205.943353] /dev/input/event1: 0003 0036 000035cc
[   37205.943353] /dev/input/event1: 0003 003a 00000400
[   37205.943353] /dev/input/event1: 0000 0000 00000000
[   37206.044660] /dev/input/event1: 0003 003a 00000000
[   37206.044660] /dev/input/event1: 0003 0039 ffffffff
[   37206.044660] /dev/input/event1: 0000 0000 00000000
[   37208.427973] /dev/input/event1: 0003 0039 00000000
[   37208.427973] /dev/input/event1: 0003 0035 000067f0
[   37208.427973] /dev/input/event1: 0003 0036 00007d98
[   37208.427973] /dev/input/event1: 0003 003a 00000400
[   37208.427973] /dev/input/event1: 0000 0000 00000000
[   37208.517632] /dev/input/event1: 0003 003a 00000000
[   37208.517632] /dev/input/event1: 0003 0039 ffffffff
[   37208.517632] /dev/input/event1: 0000 0000 00000000
[   37210.296393] /dev/input/event1: 0003 0039 00000000
[   37210.296393] /dev/input/event1: 0003 0035 00003f0c
[   37210.296393] /dev/input/event1: 0003 0036 000027bb
[   37210.296393] /dev/input/event1: 0003 003a 00000400
[   37210.296393] /dev/input/event1: 0000 0000 00000000
[   37210.384056] /dev/input/event1: 0003 003a 00000000
[   37210.384056] /dev/input/event1: 0003 0039 ffffffff
[   37210.384056] /dev/input/event1: 0000 0000 00000000
[   37212.659867] /dev/input/event1: 0003 0039 00000000
[   37212.659867] /dev/input/event1: 0003 0035 000078a5
[   37212.659867] /dev/input/event1: 0003 0036 00007310
[   37212.659867] /dev/input/event1: 0003 003a 00000400
[   37212.659867] /dev/input/event1: 0000 0000 00000000
[   37212.770452] /dev/input/event1: 0003 003a 00000000
[   37212.770452] /dev/input/event1: 0003 0039 ffffffff
[   37212.770452] /dev/input/event1: 0000 0000 00000000
[   37213.783618] /dev/input/event1: 0003 0039 00000000
[   37213.783618] /dev/input/event1: 0003 0035 00006d63
[   37213.783618] /dev/input/event1: 0003 0036 000018ee
[   37213.783618] /dev/input/event1: 0003 003a 00000400
[   37213.783618] /dev/input/event1: 0000 0000 00000000
[   37213.784340] /dev/input/event1: 0003 0036 00001933
[   37213.784340] /dev/input/event1: 0000 0000 00000000
[   37213.803408] /dev/input/event1: 0003 0036 00001966
[   37213.803408] /dev/input/event1: 0000 0000 00000000
[   37213.814496] /dev/input/event1: 0003 0036 000019aa
[   37213.814496] /dev/input/event1: 0000 0000 00000000
[   37213.825746] /dev/input/event1: 0003 0036 00001a21
[   37213.825746] /dev/input/event1: 0000 0000 00000000
[   37213.840144] /dev/input/event1: 0003 0036 00001a99
[   37213.840144] /dev/input/event1: 0000 0000 00000000
[   37213.851287] /dev/input/event1: 0003 0035 00006d08
[   37213.851287] /dev/input/event1: 0003 0036 00001b44
[   37213.851287] /dev/input/event1: 0000 0000 00000000
[   37213.859938] /dev/input/event1: 0003 0036 00001c77
[   37213.859938] /dev/input/event1: 0000 0000 00000000
[   37213.872173] /dev/input/event1: 0003 0036 00001d66
[   37213.872173] /dev/input/event1: 0000 0000 00000000
[   37213.888055] /dev/input/event1: 0003 0036 00001e55
[   37213.888055] /dev/input/event1: 0000 0000 00000000
[   37213.893219] /dev/input/event1: 0003 0035 00006c8f
[   37213.893219] /dev/input/event1: 0003 0036 00001f88
[   37213.893219] /dev/input/event1: 0000 0000 00000000
[   37213.906292] /dev/input/event1: 0003 0036 000020ee
[   37213.906292] /dev/input/event1: 0000 0000 00000000
[   37213.923173] /dev/input/event1: 0003 0036 000021dd
[   37213.923173] /dev/input/event1: 0000 0000 00000000
[   37213.926981] /dev/input/event1: 0003 0035 00006c34
[   37213.926981] /dev/input/event1: 0003 0036 000022ff
[   37213.926981] /dev/input/event1: 0000 0000 00000000
[   37213.938336] /dev/input/event1: 0003 0036 000023ff
[   37213.938336] /dev/input/event1: 0000 0000 00000000
[   37213.955576] /dev/input/event1: 0003 0036 000024aa
[   37213.955576] /dev/input/event1: 0000 0000 00000000
[   37213.962197] /dev/input/event1: 0003 0036 000025dd
[   37213.962197] /dev/input/event1: 0000 0000 00000000
[   37213.973536] /dev/input/event1: 0003 0036 000026ff
[   37213.973536] /dev/input/event1: 0000 0000 00000000
[   37213.991568] /dev/input/event1: 0003 0036 000027ee
[   37213.991568] /dev/input/event1: 0000 0000 00000000
[   37213.994711] /dev/input/event1: 0003 0036 00002999
[   37213.994711] /dev/input/event1: 0000 0000 00000000
[   37214.005798] /dev/input/event1: 0003 0036 00002b77
[   37214.005798] /dev/input/event1: 0000 0000 00000000
[   37214.017367] /dev/input/event1: 0003 0036 00002cdd
[   37214.017367] /dev/input/event1: 0000 0000 00000000
[   37214.028277] /dev/input/event1: 0003 0036 00002ebb
[   37214.028277] /dev/input/event1: 0000 0000 00000000
[   37214.039436] /dev/input/event1: 0003 0035 00006bba
[   37214.039436] /dev/input/event1: 0003 0036 000030dd
[   37214.039436] /dev/input/event1: 0000 0000 00000000
[   37214.055316] /dev/input/event1: 0003 0036 00003243
[   37214.055316] /dev/input/event1: 0000 0000 00000000
[   37214.061875] /dev/input/event1: 0003 0036 00003499
[   37214.061875] /dev/input/event1: 0000 0000 00000000
[   37214.073312] /dev/input/event1: 0003 0036 000036ff
[   37214.073312] /dev/input/event1: 0000 0000 00000000
[   37214.095307] /dev/input/event1: 0003 0036 00003899
[   37214.095307] /dev/input/event1: 0000 0000 00000000
[   37214.096310] /dev/input/event1: 0003 0036 00003a43
[   37214.096310] /dev/input/event1: 0000 0000 00000000
[   37214.106660] /dev/input/event1: 0003 0036 00003b65
[   37214.106660] /dev/input/event1: 0000 0000 00000000
[   37214.121767] /dev/input/event1: 0003 0035 00006b41
[   37214.121767] /dev/input/event1: 0003 0036 00003bee
[   37214.121767] /dev/input/event1: 0000 0000 00000000
[   37214.129526] /dev/input/event1: 0003 0036 00003c65
[   37214.129526] /dev/input/event1: 0000 0000 00000000
[   37214.141150] /dev/input/event1: 0003 0036 00003d10
[   37214.141150] /dev/input/event1: 0000 0000 00000000
[   37214.155140] /dev/input/event1: 0003 0035 00006ae6
[   37214.155140] /dev/input/event1: 0003 0036 00003d88
[   37214.155140] /dev/input/event1: 0000 0000 00000000
[   37214.163099] /dev/input/event1: 0003 0036 00003dff
[   37214.163099] /dev/input/event1: 0000 0000 00000000
[   37214.174849] /dev/input/event1: 0003 0036 00003e43
[   37214.174849] /dev/input/event1: 0000 0000 00000000
[   37214.189932] /dev/input/event1: 0003 0036 00003e76
[   37214.189932] /dev/input/event1: 0000 0000 00000000
[   37214.200342] /dev/input/event1: 0003 0036 00003ebb
[   37214.200342] /dev/input/event1: 0000 0000 00000000
[   37214.223043] /dev/input/event1: 0003 0036 00003eee
[   37214.223043] /dev/input/event1: 0000 0000 00000000
[   37214.467466] /dev/input/event1: 0003 003a 00000000
[   37214.467466] /dev/input/event1: 0003 0039 ffffffff
[   37214.467466] /dev/input/event1: 0000 0000 00000000
[   37215.587670] /dev/input/event1: 0003 0039 00000000
[   37215.587670] /dev/input/event1: 0003 0035 000074db
[   37215.587670] /dev/input/event1: 0003 0036 00000844
[   37215.587670] /dev/input/event1: 0003 003a 00000400
[   37215.587670] /dev/input/event1: 0000 0000 00000000
[   37215.706981] /dev/input/event1: 0003 003a 00000000
[   37215.706981] /dev/input/event1: 0003 0039 ffffffff
[   37215.706981] /dev/input/event1: 0000 0000 00000000
[   37217.294455] /dev/input/event1: 0003 0039 00000000
[   37217.294455] /dev/input/event1: 0003 0035 00005314
[   37217.294455] /dev/input/event1: 0003 0036 00002f32
[   37217.294455] /dev/input/event1: 0003 003a 00000400
[   37217.294455] /dev/input/event1: 0000 0000 00000000
[   37217.369462] /dev/input/event1: 0003 003a 00000000
[   37217.369462] /dev/input/event1: 0003 0039 ffffffff
[   37217.369462] /dev/input/event1: 0000 0000 00000000
[   37219.883122] /dev/input/event1: 0003 0039 00000000
[   37219.883122] /dev/input/event1: 0003 0035 00002ed0
[   37219.883122] /dev/input/event1: 0003 0036 00003732
[   37219.883122] /dev/input/event1: 0003 003a 00000400
[   37219.883122] /dev/input/event1: 0000 0000 00000000
[   37220.014260] /dev/input/event1: 0003 003a 00000000
[   37220.014260] /dev/input/event1: 0003 0039 ffffffff
[   37220.014260] /dev/input/event1: 0000 0000 00000000
[   37222.022217] /dev/input/event1: 0003 0039 00000000
[   37222.022217] /dev/input/event1: 0003 0035 00006c8f
[   37222.022217] /dev/input/event1: 0003 0036 00003288
[   37222.022217] /dev/input/event1: 0003 003a 00000400
[   37222.022217] /dev/input/event1: 0000 0000 00000000
[   37222.107999] /dev/input/event1: 0003 003a 00000000
[   37222.107999] /dev/input/event1: 0003 0039 ffffffff
[   37222.107999] /dev/input/event1: 0000 0000 00000000
[   37223.674371] /dev/input/event1: 0003 0039 00000000
[   37223.674371] /dev/input/event1: 0003 0035 00000ae7
[   37223.674371] /dev/input/event1: 0003 0036 00001ecc
[   37223.674371] /dev/input/event1: 0003 003a 00000400
[   37223.674371] /dev/input/event1: 0000 0000 00000000
[   37223.773905] /dev/input/event1: 0003 003a 00000000
[   37223.773905] /dev/input/event1: 0003 0039 ffffffff
[   37223.773905] /dev/input/event1: 0000 0000 00000000
