* daemon not running. starting it now at tcp:5037 *
* daemon started successfully *
add device 1: /dev/input/event0
  name:     "Power Button"
add device 2: /dev/input/event2
  name:     "goldfish_rotary"
add device 3: /dev/input/event1
  name:     "qwerty2"
[   33948.574454] /dev/input/event1: 0003 0039 00000000
[   33948.574454] /dev/input/event1: 0003 0035 000029f4
[   33948.574454] /dev/input/event1: 0003 0036 00003aaa
[   33948.574454] /dev/input/event1: 0003 003a 00000400
[   33948.574454] /dev/input/event1: 0000 0000 00000000
[   33948.574858] /dev/input/event1: 0003 0035 00002f0c
[   33948.574858] /dev/input/event1: 0003 0036 00003acc
[   33948.574858] /dev/input/event1: 0000 0000 00000000
[   33948.580743] /dev/input/event1: 0003 0035 0000360a
[   33948.580743] /dev/input/event1: 0003 0036 00003b32
[   33948.580743] /dev/input/event1: 0000 0000 00000000
[   33948.592015] /dev/input/event1: 0003 0035 00003c52
[   33948.592015] /dev/input/event1: 0003 0036 00003b54
[   33948.592015] /dev/input/event1: 0000 0000 00000000
[   33948.607238] /dev/input/event1: 0003 0035 00004573
[   33948.607238] /dev/input/event1: 0003 0036 00003b88
[   33948.607238] /dev/input/event1: 0000 0000 00000000
[   33948.614266] /dev/input/event1: 0003 0035 00004d63
[   33948.614266] /dev/input/event1: 0003 0036 00003bbb
[   33948.614266] /dev/input/event1: 0000 0000 00000000
[   33948.625584] /dev/input/event1: 0003 0035 000051c6
[   33948.625584] /dev/input/event1: 0003 0036 00003bdd
[   33948.625584] /dev/input/event1: 0000 0000 00000000
[   33948.636965] /dev/input/event1: 0003 0035 00005869
[   33948.636965] /dev/input/event1: 0003 0036 00003c10
[   33948.636965] /dev/input/event1: 0000 0000 00000000
[   33948.648687] /dev/input/event1: 0003 0035 00005ddd
[   33948.648687] /dev/input/event1: 0003 0036 00003c43
[   33948.648687] /dev/input/event1: 0000 0000 00000000
[   33948.659284] /dev/input/event1: 0003 0035 000061a8
[   33948.659284] /dev/input/event1: 0003 0036 00003c65
[   33948.659284] /dev/input/event1: 0000 0000 00000000
[   33948.670662] /dev/input/event1: 0003 0035 00006332
[   33948.670662] /dev/input/event1: 0000 0000 00000000
[   33948.681725] /dev/input/event1: 0003 0035 00006425
[   33948.681725] /dev/input/event1: 0000 0000 00000000
[   33948.692665] /dev/input/event1: 0003 0035 00006480
[   33948.692665] /dev/input/event1: 0000 0000 00000000
[   33948.726442] /dev/input/event1: 0003 0035 000064bc
[   33948.726442] /dev/input/event1: 0000 0000 00000000
[   33948.748822] /dev/input/event1: 0003 0035 00006517
[   33948.748822] /dev/input/event1: 0000 0000 00000000
[   33948.772645] /dev/input/event1: 0003 0035 00006572
[   33948.772645] /dev/input/event1: 0000 0000 00000000
[   33948.816740] /dev/input/event1: 0003 0035 00006517
[   33948.816740] /dev/input/event1: 0000 0000 00000000
[   33948.839775] /dev/input/event1: 0003 0035 000064bc
[   33948.839775] /dev/input/event1: 0000 0000 00000000
[   33948.850999] /dev/input/event1: 0003 0035 00006425
[   33948.850999] /dev/input/event1: 0000 0000 00000000
[   33948.863581] /dev/input/event1: 0003 003a 00000000
[   33948.863581] /dev/input/event1: 0003 0039 ffffffff
[   33948.863581] /dev/input/event1: 0000 0000 00000000
[   33949.204448] /dev/input/event1: 0003 0039 00000000
[   33949.204448] /dev/input/event1: 0003 0035 00003462
[   33949.204448] /dev/input/event1: 0003 0036 000039ee
[   33949.204448] /dev/input/event1: 0003 003a 00000400
[   33949.204448] /dev/input/event1: 0000 0000 00000000
[   33949.221127] /dev/input/event1: 0003 0035 000034bd
[   33949.221127] /dev/input/event1: 0000 0000 00000000
[   33949.226253] /dev/input/event1: 0003 0035 000035af
[   33949.226253] /dev/input/event1: 0000 0000 00000000
[   33949.233137] /dev/input/event1: 0003 0035 000036a2
[   33949.233137] /dev/input/event1: 0000 0000 00000000
[   33949.244484] /dev/input/event1: 0003 0035 0000397a
[   33949.244484] /dev/input/event1: 0000 0000 00000000
[   33949.259134] /dev/input/event1: 0003 0035 00003d45
[   33949.259134] /dev/input/event1: 0003 0036 00003a21
[   33949.259134] /dev/input/event1: 0000 0000 00000000
[   33949.267063] /dev/input/event1: 0003 0035 000040b5
[   33949.267063] /dev/input/event1: 0000 0000 00000000
[   33949.278212] /dev/input/event1: 0003 0035 000046c0
[   33949.278212] /dev/input/event1: 0003 0036 00003a77
[   33949.278212] /dev/input/event1: 0000 0000 00000000
[   33949.291825] /dev/input/event1: 0003 0035 00004d63
[   33949.291825] /dev/input/event1: 0003 0036 00003aaa
[   33949.291825] /dev/input/event1: 0000 0000 00000000
[   33949.300585] /dev/input/event1: 0003 0035 00005221
[   33949.300585] /dev/input/event1: 0000 0000 00000000
[   33949.311887] /dev/input/event1: 0003 0035 00005869
[   33949.311887] /dev/input/event1: 0003 0036 00003acc
[   33949.311887] /dev/input/event1: 0000 0000 00000000
[   33949.339044] /dev/input/event1: 0003 0035 0000623f
[   33949.339044] /dev/input/event1: 0003 0036 00003aff
[   33949.339044] /dev/input/event1: 0000 0000 00000000
[   33949.357247] /dev/input/event1: 0003 0035 00006758
[   33949.357247] /dev/input/event1: 0000 0000 00000000
[   33949.359865] /dev/input/event1: 0003 0035 00006b5f
[   33949.359865] /dev/input/event1: 0000 0000 00000000
[   33949.373119] /dev/input/event1: 0003 0035 00006da0
[   33949.373119] /dev/input/event1: 0003 0036 00003b32
[   33949.373119] /dev/input/event1: 0000 0000 00000000
[   33949.391605] /dev/input/event1: 0003 0035 000071c6
[   33949.391605] /dev/input/event1: 0000 0000 00000000
[   33949.405645] /dev/input/event1: 0003 0035 000072b8
[   33949.405645] /dev/input/event1: 0003 0036 00003b54
[   33949.405645] /dev/input/event1: 0000 0000 00000000
[   33949.423415] /dev/input/event1: 0003 0035 00007350
[   33949.423415] /dev/input/event1: 0000 0000 00000000
[   33949.425156] /dev/input/event1: 0003 0035 000073e8
[   33949.425156] /dev/input/event1: 0000 0000 00000000
[   33949.438680] /dev/input/event1: 0003 0035 00007443
[   33949.438680] /dev/input/event1: 0000 0000 00000000
[   33949.446828] /dev/input/event1: 0003 0035 0000749e
[   33949.446828] /dev/input/event1: 0000 0000 00000000
[   33949.457607] /dev/input/event1: 0003 0035 000074db
[   33949.457607] /dev/input/event1: 0000 0000 00000000
[   33949.472229] /dev/input/event1: 0003 0036 00003b88
[   33949.472229] /dev/input/event1: 0000 0000 00000000
[   33949.480757] /dev/input/event1: 0003 0035 00007536
[   33949.480757] /dev/input/event1: 0000 0000 00000000
[   33949.562341] /dev/input/event1: 0003 003a 00000000
[   33949.562341] /dev/input/event1: 0003 0039 ffffffff
[   33949.562341] /dev/input/event1: 0000 0000 00000000
[   33950.981579] /dev/input/event1: 0003 0039 00000000
[   33950.981579] /dev/input/event1: 0003 0035 000062d7
[   33950.981579] /dev/input/event1: 0003 0036 00004576
[   33950.981579] /dev/input/event1: 0003 003a 00000400
[   33950.981579] /dev/input/event1: 0000 0000 00000000
[   33951.047139] /dev/input/event1: 0003 003a 00000000
[   33951.047139] /dev/input/event1: 0003 0039 ffffffff
[   33951.047139] /dev/input/event1: 0000 0000 00000000
[   33952.558474] /dev/input/event1: 0003 0039 00000000
[   33952.558474] /dev/input/event1: 0003 0035 000017b3
[   33952.558474] /dev/input/event1: 0003 0036 00005554
[   33952.558474] /dev/input/event1: 0003 003a 00000400
[   33952.558474] /dev/input/event1: 0000 0000 00000000
[   33952.643978] /dev/input/event1: 0003 003a 00000000
[   33952.643978] /dev/input/event1: 0003 0039 ffffffff
[   33952.643978] /dev/input/event1: 0000 0000 00000000
[   33953.813065] /dev/input/event1: 0003 0039 00000000
[   33953.813065] /dev/input/event1: 0003 0035 00000c53
[   33953.813065] /dev/input/event1: 0003 0036 00000aaa
[   33953.813065] /dev/input/event1: 0003 003a 00000400
[   33953.813065] /dev/input/event1: 0000 0000 00000000
[   33953.903357] /dev/input/event1: 0003 003a 00000000
[   33953.903357] /dev/input/event1: 0003 0039 ffffffff
[   33953.903357] /dev/input/event1: 0000 0000 00000000
[   33955.222004] /dev/input/event1: 0003 0039 00000000
[   33955.222004] /dev/input/event1: 0003 0035 00000e75
[   33955.222004] /dev/input/event1: 0003 0036 00006332
[   33955.222004] /dev/input/event1: 0003 003a 00000400
[   33955.222004] /dev/input/event1: 0000 0000 00000000
[   33955.311354] /dev/input/event1: 0003 003a 00000000
[   33955.311354] /dev/input/event1: 0003 0039 ffffffff
[   33955.311354] /dev/input/event1: 0000 0000 00000000
[   33956.582984] /dev/input/event1: 0003 0039 00000000
[   33956.582984] /dev/input/event1: 0003 0035 0000595c
[   33956.582984] /dev/input/event1: 0003 0036 00002c10
[   33956.582984] /dev/input/event1: 0003 003a 00000400
[   33956.582984] /dev/input/event1: 0000 0000 00000000
[   33956.694914] /dev/input/event1: 0003 003a 00000000
[   33956.694914] /dev/input/event1: 0003 0039 ffffffff
[   33956.694914] /dev/input/event1: 0000 0000 00000000
[   33958.966662] /dev/input/event1: 0003 0039 00000000
[   33958.966662] /dev/input/event1: 0003 0035 000013e9
[   33958.966662] /dev/input/event1: 0003 0036 00003aff
[   33958.966662] /dev/input/event1: 0003 003a 00000400
[   33958.966662] /dev/input/event1: 0000 0000 00000000
[   33959.035530] /dev/input/event1: 0003 003a 00000000
[   33959.035530] /dev/input/event1: 0003 0039 ffffffff
[   33959.035530] /dev/input/event1: 0000 0000 00000000
[   33961.092254] /dev/input/event1: 0003 0039 00000000
[   33961.092254] /dev/input/event1: 0003 0035 00001c16
[   33961.092254] /dev/input/event1: 0003 0036 00007c43
[   33961.092254] /dev/input/event1: 0003 003a 00000400
[   33961.092254] /dev/input/event1: 0000 0000 00000000
[   33961.207136] /dev/input/event1: 0003 003a 00000000
[   33961.207136] /dev/input/event1: 0003 0039 ffffffff
[   33961.207136] /dev/input/event1: 0000 0000 00000000
[   33962.547575] /dev/input/event1: 0003 0039 00000000
[   33962.547575] /dev/input/event1: 0003 0035 00000b05
[   33962.547575] /dev/input/event1: 0003 0036 00000910
[   33962.547575] /dev/input/event1: 0003 003a 00000400
[   33962.547575] /dev/input/event1: 0000 0000 00000000
[   33962.678350] /dev/input/event1: 0003 003a 00000000
[   33962.678350] /dev/input/event1: 0003 0039 ffffffff
[   33962.678350] /dev/input/event1: 0000 0000 00000000
[   33964.061965] /dev/input/event1: 0003 0039 00000000
[   33964.061965] /dev/input/event1: 0003 0035 00000f2b
[   33964.061965] /dev/input/event1: 0003 0036 00006c65
[   33964.061965] /dev/input/event1: 0003 003a 00000400
[   33964.061965] /dev/input/event1: 0000 0000 00000000
[   33964.196317] /dev/input/event1: 0003 003a 00000000
[   33964.196317] /dev/input/event1: 0003 0039 ffffffff
[   33964.196317] /dev/input/event1: 0000 0000 00000000
[   33965.414943] /dev/input/event1: 0003 0039 00000000
[   33965.414943] /dev/input/event1: 0003 0035 00002221
[   33965.414943] /dev/input/event1: 0003 0036 00004687
[   33965.414943] /dev/input/event1: 0003 003a 00000400
[   33965.414943] /dev/input/event1: 0000 0000 00000000
[   33965.604665] /dev/input/event1: 0003 003a 00000000
[   33965.604665] /dev/input/event1: 0003 0039 ffffffff
[   33965.604665] /dev/input/event1: 0000 0000 00000000
[   33966.743895] /dev/input/event1: 0003 0039 00000000
[   33966.743895] /dev/input/event1: 0003 0035 000036fd
[   33966.743895] /dev/input/event1: 0003 0036 000061ba
[   33966.743895] /dev/input/event1: 0003 003a 00000400
[   33966.743895] /dev/input/event1: 0000 0000 00000000
[   33966.790290] /dev/input/event1: 0003 0035 0000373a
[   33966.790290] /dev/input/event1: 0003 0036 00006165
[   33966.790290] /dev/input/event1: 0000 0000 00000000
[   33966.795094] /dev/input/event1: 0003 0036 00006087
[   33966.795094] /dev/input/event1: 0000 0000 00000000
[   33966.809436] /dev/input/event1: 0003 0036 00005e32
[   33966.809436] /dev/input/event1: 0000 0000 00000000
[   33966.820780] /dev/input/event1: 0003 0036 00005b54
[   33966.820780] /dev/input/event1: 0000 0000 00000000
[   33966.828943] /dev/input/event1: 0003 0035 00003795
[   33966.828943] /dev/input/event1: 0003 0036 000056ee
[   33966.828943] /dev/input/event1: 0000 0000 00000000
[   33966.840732] /dev/input/event1: 0003 0035 000037f0
[   33966.840732] /dev/input/event1: 0003 0036 000051ee
[   33966.840732] /dev/input/event1: 0000 0000 00000000
[   33966.851823] /dev/input/event1: 0003 0035 00003888
[   33966.851823] /dev/input/event1: 0003 0036 00004ebb
[   33966.851823] /dev/input/event1: 0000 0000 00000000
[   33966.863102] /dev/input/event1: 0003 0035 0000391f
[   33966.863102] /dev/input/event1: 0003 0036 00004a21
[   33966.863102] /dev/input/event1: 0000 0000 00000000
[   33966.874009] /dev/input/event1: 0003 0035 00003a6d
[   33966.874009] /dev/input/event1: 0003 0036 000044cc
[   33966.874009] /dev/input/event1: 0000 0000 00000000
[   33966.898043] /dev/input/event1: 0003 0035 00003b05
[   33966.898043] /dev/input/event1: 0003 0036 00003c99
[   33966.898043] /dev/input/event1: 0000 0000 00000000
[   33966.907505] /dev/input/event1: 0003 0036 000038aa
[   33966.907505] /dev/input/event1: 0000 0000 00000000
[   33966.919323] /dev/input/event1: 0003 0036 000036ee
[   33966.919323] /dev/input/event1: 0000 0000 00000000
[   33966.929759] /dev/input/event1: 0003 0035 00003ac8
[   33966.929759] /dev/input/event1: 0003 0036 00003577
[   33966.929759] /dev/input/event1: 0000 0000 00000000
[   33966.941223] /dev/input/event1: 0003 0036 00003465
[   33966.941223] /dev/input/event1: 0000 0000 00000000
[   33966.953923] /dev/input/event1: 0003 0036 000033bb
[   33966.953923] /dev/input/event1: 0000 0000 00000000
[   33966.964649] /dev/input/event1: 0003 0036 000032cc
[   33966.964649] /dev/input/event1: 0000 0000 00000000
[   33966.974888] /dev/input/event1: 0003 0036 00003199
[   33966.974888] /dev/input/event1: 0000 0000 00000000
[   33966.986968] /dev/input/event1: 0003 0036 000030dd
[   33966.986968] /dev/input/event1: 0000 0000 00000000
[   33966.997377] /dev/input/event1: 0003 0036 00003054
[   33966.997377] /dev/input/event1: 0000 0000 00000000
[   33967.008508] /dev/input/event1: 0003 0036 00002fcc
[   33967.008508] /dev/input/event1: 0000 0000 00000000
[   33967.031374] /dev/input/event1: 0003 0036 00002f99
[   33967.031374] /dev/input/event1: 0000 0000 00000000
[   33967.056176] /dev/input/event1: 0003 0036 00002f77
[   33967.056176] /dev/input/event1: 0000 0000 00000000
[   33967.099647] /dev/input/event1: 0003 003a 00000000
[   33967.099647] /dev/input/event1: 0003 0039 ffffffff
[   33967.099647] /dev/input/event1: 0000 0000 00000000
[   33967.543921] /dev/input/event1: 0003 0039 00000000
[   33967.543921] /dev/input/event1: 0003 0035 00003a6d
[   33967.543921] /dev/input/event1: 0003 0036 00006087
[   33967.543921] /dev/input/event1: 0003 003a 00000400
[   33967.543921] /dev/input/event1: 0000 0000 00000000
[   33967.595861] /dev/input/event1: 0003 0036 00006054
[   33967.595861] /dev/input/event1: 0000 0000 00000000
[   33967.605882] /dev/input/event1: 0003 0035 00003b05
[   33967.605882] /dev/input/event1: 0003 0036 00005f76
[   33967.605882] /dev/input/event1: 0000 0000 00000000
[   33967.621142] /dev/input/event1: 0003 0035 00003b60
[   33967.621142] /dev/input/event1: 0003 0036 00005dff
[   33967.621142] /dev/input/event1: 0000 0000 00000000
[   33967.629476] /dev/input/event1: 0003 0035 00003bbb
[   33967.629476] /dev/input/event1: 0003 0036 00005a21
[   33967.629476] /dev/input/event1: 0000 0000 00000000
[   33967.640850] /dev/input/event1: 0003 0035 00003c52
[   33967.640850] /dev/input/event1: 0003 0036 00005443
[   33967.640850] /dev/input/event1: 0000 0000 00000000
[   33967.654117] /dev/input/event1: 0003 0035 00003cea
[   33967.654117] /dev/input/event1: 0003 0036 00005021
[   33967.654117] /dev/input/event1: 0000 0000 00000000
[   33967.661309] /dev/input/event1: 0003 0035 00003ed0
[   33967.661309] /dev/input/event1: 0003 0036 00004a43
[   33967.661309] /dev/input/event1: 0000 0000 00000000
[   33967.673842] /dev/input/event1: 0003 0035 000040b5
[   33967.673842] /dev/input/event1: 0003 0036 00004521
[   33967.673842] /dev/input/event1: 0000 0000 00000000
[   33967.685577] /dev/input/event1: 0003 0035 000041a8
[   33967.685577] /dev/input/event1: 0003 0036 00004221
[   33967.685577] /dev/input/event1: 0000 0000 00000000
[   33967.710128] /dev/input/event1: 0003 0035 0000429a
[   33967.710128] /dev/input/event1: 0003 0036 00003bdd
[   33967.710128] /dev/input/event1: 0000 0000 00000000
[   33967.719412] /dev/input/event1: 0003 0036 00003a21
[   33967.719412] /dev/input/event1: 0000 0000 00000000
[   33967.728543] /dev/input/event1: 0003 0035 0000425e
[   33967.728543] /dev/input/event1: 0003 0036 00003821
[   33967.728543] /dev/input/event1: 0000 0000 00000000
[   33967.740120] /dev/input/event1: 0003 0035 00004203
[   33967.740120] /dev/input/event1: 0003 0036 000036ee
[   33967.740120] /dev/input/event1: 0000 0000 00000000
[   33967.751535] /dev/input/event1: 0003 0036 00003665
[   33967.751535] /dev/input/event1: 0000 0000 00000000
[   33967.762601] /dev/input/event1: 0003 0036 000035aa
[   33967.762601] /dev/input/event1: 0000 0000 00000000
[   33967.776828] /dev/input/event1: 0003 0036 00003554
[   33967.776828] /dev/input/event1: 0000 0000 00000000
[   33967.785999] /dev/input/event1: 0003 0036 000034ee
[   33967.785999] /dev/input/event1: 0000 0000 00000000
[   33967.797472] /dev/input/event1: 0003 0036 000034cc
[   33967.797472] /dev/input/event1: 0000 0000 00000000
[   33967.889131] /dev/input/event1: 0003 003a 00000000
[   33967.889131] /dev/input/event1: 0003 0039 ffffffff
[   33967.889131] /dev/input/event1: 0000 0000 00000000
[   33968.316673] /dev/input/event1: 0003 0039 00000000
[   33968.316673] /dev/input/event1: 0003 0035 00004480
[   33968.316673] /dev/input/event1: 0003 0036 00005eba
[   33968.316673] /dev/input/event1: 0003 003a 00000400
[   33968.316673] /dev/input/event1: 0000 0000 00000000
[   33968.350507] /dev/input/event1: 0003 0035 000044db
[   33968.350507] /dev/input/event1: 0003 0036 00005e65
[   33968.350507] /dev/input/event1: 0000 0000 00000000
[   33968.359897] /dev/input/event1: 0003 0036 00005ddd
[   33968.359897] /dev/input/event1: 0000 0000 00000000
[   33968.372039] /dev/input/event1: 0003 0036 00005d21
[   33968.372039] /dev/input/event1: 0000 0000 00000000
[   33968.384082] /dev/input/event1: 0003 0036 00005bdd
[   33968.384082] /dev/input/event1: 0000 0000 00000000
[   33968.392984] /dev/input/event1: 0003 0035 00004480
[   33968.392984] /dev/input/event1: 0003 0036 00005aa9
[   33968.392984] /dev/input/event1: 0000 0000 00000000
[   33968.404817] /dev/input/event1: 0003 0036 00005821
[   33968.404817] /dev/input/event1: 0000 0000 00000000
[   33968.415520] /dev/input/event1: 0003 0036 000054cc
[   33968.415520] /dev/input/event1: 0000 0000 00000000
[   33968.426417] /dev/input/event1: 0003 0035 000044db
[   33968.426417] /dev/input/event1: 0003 0036 000051bb
[   33968.426417] /dev/input/event1: 0000 0000 00000000
[   33968.437560] /dev/input/event1: 0003 0035 000045ce
[   33968.437560] /dev/input/event1: 0003 0036 00004c99
[   33968.437560] /dev/input/event1: 0000 0000 00000000
[   33968.449370] /dev/input/event1: 0003 0035 0000471b
[   33968.449370] /dev/input/event1: 0003 0036 00004665
[   33968.449370] /dev/input/event1: 0000 0000 00000000
[   33968.460858] /dev/input/event1: 0003 0035 0000480e
[   33968.460858] /dev/input/event1: 0003 0036 00004199
[   33968.460858] /dev/input/event1: 0000 0000 00000000
[   33968.471109] /dev/input/event1: 0003 0035 00004901
[   33968.471109] /dev/input/event1: 0003 0036 00003bdd
[   33968.471109] /dev/input/event1: 0000 0000 00000000
[   33968.483095] /dev/input/event1: 0003 0035 00004999
[   33968.483095] /dev/input/event1: 0003 0036 00003777
[   33968.483095] /dev/input/event1: 0000 0000 00000000
[   33968.494034] /dev/input/event1: 0003 0035 000049f4
[   33968.494034] /dev/input/event1: 0003 0036 000034cc
[   33968.494034] /dev/input/event1: 0000 0000 00000000
[   33968.505130] /dev/input/event1: 0003 0035 00004ae6
[   33968.505130] /dev/input/event1: 0003 0036 00003199
[   33968.505130] /dev/input/event1: 0000 0000 00000000
[   33968.517998] /dev/input/event1: 0003 0035 00004b7e
[   33968.517998] /dev/input/event1: 0003 0036 00002eee
[   33968.517998] /dev/input/event1: 0000 0000 00000000
[   33968.527765] /dev/input/event1: 0003 0035 00004c16
[   33968.527765] /dev/input/event1: 0003 0036 00002d54
[   33968.527765] /dev/input/event1: 0000 0000 00000000
[   33968.539655] /dev/input/event1: 0003 0035 00004c71
[   33968.539655] /dev/input/event1: 0003 0036 00002b88
[   33968.539655] /dev/input/event1: 0000 0000 00000000
[   33968.556086] /dev/input/event1: 0003 0035 00004ccc
[   33968.556086] /dev/input/event1: 0003 0036 000029ee
[   33968.556086] /dev/input/event1: 0000 0000 00000000
[   33968.561293] /dev/input/event1: 0003 0036 000028dd
[   33968.561293] /dev/input/event1: 0000 0000 00000000
[   33968.574267] /dev/input/event1: 0003 0035 00004d08
[   33968.574267] /dev/input/event1: 0003 0036 00002799
[   33968.574267] /dev/input/event1: 0000 0000 00000000
[   33968.584505] /dev/input/event1: 0003 0035 00004dbe
[   33968.584505] /dev/input/event1: 0003 0036 00002666
[   33968.584505] /dev/input/event1: 0000 0000 00000000
[   33968.594828] /dev/input/event1: 0003 0035 00004dfb
[   33968.594828] /dev/input/event1: 0003 0036 000025aa
[   33968.594828] /dev/input/event1: 0000 0000 00000000
[   33968.606615] /dev/input/event1: 0003 0036 000024cc
[   33968.606615] /dev/input/event1: 0000 0000 00000000
[   33968.617992] /dev/input/event1: 0003 0035 00004e56
[   33968.617992] /dev/input/event1: 0003 0036 000023dd
[   33968.617992] /dev/input/event1: 0000 0000 00000000
[   33968.628683] /dev/input/event1: 0003 0036 00002388
[   33968.628683] /dev/input/event1: 0000 0000 00000000
[   33968.640765] /dev/input/event1: 0003 0036 000022ff
[   33968.640765] /dev/input/event1: 0000 0000 00000000
[   33968.651756] /dev/input/event1: 0003 0036 000022aa
[   33968.651756] /dev/input/event1: 0000 0000 00000000
[   33968.674950] /dev/input/event1: 0003 0036 00002277
[   33968.674950] /dev/input/event1: 0000 0000 00000000
[   33968.688789] /dev/input/event1: 0003 003a 00000000
[   33968.688789] /dev/input/event1: 0003 0039 ffffffff
[   33968.688789] /dev/input/event1: 0000 0000 00000000
[   33969.208763] /dev/input/event1: 0003 0039 00000000
[   33969.208763] /dev/input/event1: 0003 0035 000055ec
[   33969.208763] /dev/input/event1: 0003 0036 00005c65
[   33969.208763] /dev/input/event1: 0003 003a 00000400
[   33969.208763] /dev/input/event1: 0000 0000 00000000
[   33969.240496] /dev/input/event1: 0003 0036 00005bdd
[   33969.240496] /dev/input/event1: 0000 0000 00000000
[   33969.256077] /dev/input/event1: 0003 0035 00005591
[   33969.256077] /dev/input/event1: 0003 0036 00005acc
[   33969.256077] /dev/input/event1: 0000 0000 00000000
[   33969.258921] /dev/input/event1: 0003 0036 00005965
[   33969.258921] /dev/input/event1: 0000 0000 00000000
[   33969.272826] /dev/input/event1: 0003 0036 000055dd
[   33969.272826] /dev/input/event1: 0000 0000 00000000
[   33969.289078] /dev/input/event1: 0003 0036 00004f43
[   33969.289078] /dev/input/event1: 0000 0000 00000000
[   33969.293068] /dev/input/event1: 0003 0035 000055ec
[   33969.293068] /dev/input/event1: 0003 0036 000048dd
[   33969.293068] /dev/input/event1: 0000 0000 00000000
[   33969.305650] /dev/input/event1: 0003 0036 00003f99
[   33969.305650] /dev/input/event1: 0000 0000 00000000
[   33969.321831] /dev/input/event1: 0003 0035 00005591
[   33969.321831] /dev/input/event1: 0003 0036 000038aa
[   33969.321831] /dev/input/event1: 0000 0000 00000000
[   33969.326727] /dev/input/event1: 0003 0036 00003521
[   33969.326727] /dev/input/event1: 0000 0000 00000000
[   33969.338979] /dev/input/event1: 0003 0036 00003132
[   33969.338979] /dev/input/event1: 0000 0000 00000000
[   33969.360142] /dev/input/event1: 0003 0036 00002dff
[   33969.360142] /dev/input/event1: 0000 0000 00000000
[   33969.361396] /dev/input/event1: 0003 0036 00002c10
[   33969.361396] /dev/input/event1: 0000 0000 00000000
[   33969.371896] /dev/input/event1: 0003 0036 000029bb
[   33969.371896] /dev/input/event1: 0000 0000 00000000
[   33969.388161] /dev/input/event1: 0003 0036 00002821
[   33969.388161] /dev/input/event1: 0000 0000 00000000
[   33969.393714] /dev/input/event1: 0003 0036 00002710
[   33969.393714] /dev/input/event1: 0000 0000 00000000
[   33969.405322] /dev/input/event1: 0003 0035 000055ec
[   33969.405322] /dev/input/event1: 0003 0036 000025ff
[   33969.405322] /dev/input/event1: 0000 0000 00000000
[   33969.421426] /dev/input/event1: 0003 0036 000024ee
[   33969.421426] /dev/input/event1: 0000