add device 1: /dev/input/event0
  name:     "Power Button"
add device 2: /dev/input/event1
  name:     "qwerty2"
could not get driver version for /dev/input/mice, Not a typewriter
[   63740.326340] /dev/input/event1: 0003 0039 00000000
[   63740.326340] /dev/input/event1: 0003 0035 000043ac
[   63740.326340] /dev/input/event1: 0003 0036 00007d54
[   63740.326340] /dev/input/event1: 0003 003a 00000400
[   63740.326340] /dev/input/event1: 0000 0000 00000000
[   63740.401852] /dev/input/event1: 0003 003a 00000000
[   63740.401852] /dev/input/event1: 0003 0039 ffffffff
[   63740.401852] /dev/input/event1: 0000 0000 00000000
[   63742.066863] /dev/input/event1: 0003 0039 00000000
[   63742.066863] /dev/input/event1: 0003 0035 00001ac8
[   63742.066863] /dev/input/event1: 0003 0036 000041ff
[   63742.066863] /dev/input/event1: 0003 003a 00000400
[   63742.066863] /dev/input/event1: 0000 0000 00000000
[   63742.179258] /dev/input/event1: 0003 003a 00000000
[   63742.179258] /dev/input/event1: 0003 0039 ffffffff
[   63742.179258] /dev/input/event1: 0000 0000 00000000
[   63744.097430] /dev/input/event1: 0003 0039 00000000
[   63744.097430] /dev/input/event1: 0003 0035 000037f0
[   63744.097430] /dev/input/event1: 0003 0036 000065dd
[   63744.097430] /dev/input/event1: 0003 003a 00000400
[   63744.097430] /dev/input/event1: 0000 0000 00000000
[   63744.157496] /dev/input/event1: 0003 0036 000065a9
[   63744.157496] /dev/input/event1: 0000 0000 00000000
[   63744.179290] /dev/input/event1: 0003 0036 00006565
[   63744.179290] /dev/input/event1: 0000 0000 00000000
[   63744.192482] /dev/input/event1: 0003 0036 000064ee
[   63744.192482] /dev/input/event1: 0000 0000 00000000
[   63744.201856] /dev/input/event1: 0003 0035 00003869
[   63744.201856] /dev/input/event1: 0003 0036 00006476
[   63744.201856] /dev/input/event1: 0000 0000 00000000
[   63744.212271] /dev/input/event1: 0003 0036 00006443
[   63744.212271] /dev/input/event1: 0000 0000 00000000
[   63744.223446] /dev/input/event1: 0003 0036 000063cc
[   63744.223446] /dev/input/event1: 0000 0000 00000000
[   63744.235090] /dev/input/event1: 0003 0036 00006354
[   63744.235090] /dev/input/event1: 0000 0000 00000000
[   63744.245925] /dev/input/event1: 0003 0036 00006298
[   63744.245925] /dev/input/event1: 0000 0000 00000000
[   63744.257306] /dev/input/event1: 0003 0035 000038c4
[   63744.257306] /dev/input/event1: 0003 0036 000061a9
[   63744.257306] /dev/input/event1: 0000 0000 00000000
[   63744.269566] /dev/input/event1: 0003 0036 000060ba
[   63744.269566] /dev/input/event1: 0000 0000 00000000
[   63744.281119] /dev/input/event1: 0003 0036 00006010
[   63744.281119] /dev/input/event1: 0000 0000 00000000
[   63744.291475] /dev/input/event1: 0003 0036 00005f54
[   63744.291475] /dev/input/event1: 0000 0000 00000000
[   63744.302519] /dev/input/event1: 0003 0035 0000393e
[   63744.302519] /dev/input/event1: 0003 0036 00005e65
[   63744.302519] /dev/input/event1: 0000 0000 00000000
[   63744.313995] /dev/input/event1: 0003 0036 00005d76
[   63744.313995] /dev/input/event1: 0000 0000 00000000
[   63744.326499] /dev/input/event1: 0003 0036 00005cff
[   63744.326499] /dev/input/event1: 0000 0000 00000000
[   63744.337213] /dev/input/event1: 0003 0036 00005c10
[   63744.337213] /dev/input/event1: 0000 0000 00000000
[   63744.347202] /dev/input/event1: 0003 0036 00005b54
[   63744.347202] /dev/input/event1: 0000 0000 00000000
[   63744.358672] /dev/input/event1: 0003 0036 00005a32
[   63744.358672] /dev/input/event1: 0000 0000 00000000
[   63744.370994] /dev/input/event1: 0003 0036 000058ff
[   63744.370994] /dev/input/event1: 0000 0000 00000000
[   63744.381981] /dev/input/event1: 0003 0036 00005798
[   63744.381981] /dev/input/event1: 0000 0000 00000000
[   63744.392222] /dev/input/event1: 0003 0036 00005665
[   63744.392222] /dev/input/event1: 0000 0000 00000000
[   63744.407595] /dev/input/event1: 0003 0036 000054cc
[   63744.407595] /dev/input/event1: 0000 0000 00000000
[   63744.416028] /dev/input/event1: 0003 0036 00005321
[   63744.416028] /dev/input/event1: 0000 0000 00000000
[   63744.427032] /dev/input/event1: 0003 0036 000051ee
[   63744.427032] /dev/input/event1: 0000 0000 00000000
[   63744.437842] /dev/input/event1: 0003 0036 00005054
[   63744.437842] /dev/input/event1: 0000 0000 00000000
[   63744.449933] /dev/input/event1: 0003 0036 00004e32
[   63744.449933] /dev/input/event1: 0000 0000 00000000
[   63744.459847] /dev/input/event1: 0003 0036 00004ccc
[   63744.459847] /dev/input/event1: 0000 0000 00000000
[   63744.471417] /dev/input/event1: 0003 0036 00004aee
[   63744.471417] /dev/input/event1: 0000 0000 00000000
[   63744.483155] /dev/input/event1: 0003 0036 000048cc
[   63744.483155] /dev/input/event1: 0000 0000 00000000
[   63744.493442] /dev/input/event1: 0003 0036 00004799
[   63744.493442] /dev/input/event1: 0000 0000 00000000
[   63744.505377] /dev/input/event1: 0003 0036 000045bb
[   63744.505377] /dev/input/event1: 0000 0000 00000000
[   63744.516837] /dev/input/event1: 0003 0036 000043aa
[   63744.516837] /dev/input/event1: 0000 0000 00000000
[   63744.529441] /dev/input/event1: 0003 0035 000038c4
[   63744.529441] /dev/input/event1: 0003 0036 00004276
[   63744.529441] /dev/input/event1: 0000 0000 00000000
[   63744.539137] /dev/input/event1: 0003 0036 00004110
[   63744.539137] /dev/input/event1: 0000 0000 00000000
[   63744.550978] /dev/input/event1: 0003 0036 00003fdd
[   63744.550978] /dev/input/event1: 0000 0000 00000000
[   63744.562761] /dev/input/event1: 0003 0036 00003eee
[   63744.562761] /dev/input/event1: 0000 0000 00000000
[   63744.572737] /dev/input/event1: 0003 0036 00003d88
[   63744.572737] /dev/input/event1: 0000 0000 00000000
[   63744.583686] /dev/input/event1: 0003 0036 00003c21
[   63744.583686] /dev/input/event1: 0000 0000 00000000
[   63744.596378] /dev/input/event1: 0003 0036 00003aee
[   63744.596378] /dev/input/event1: 0000 0000 00000000
[   63744.606353] /dev/input/event1: 0003 0036 00003910
[   63744.606353] /dev/input/event1: 0000 0000 00000000
[   63744.617477] /dev/input/event1: 0003 0036 00003777
[   63744.617477] /dev/input/event1: 0000 0000 00000000
[   63744.629491] /dev/input/event1: 0003 0036 00003688
[   63744.629491] /dev/input/event1: 0000 0000 00000000
[   63744.640068] /dev/input/event1: 0003 0036 00003510
[   63744.640068] /dev/input/event1: 0000 0000 00000000
[   63744.651775] /dev/input/event1: 0003 0036 000033ee
[   63744.651775] /dev/input/event1: 0000 0000 00000000
[   63744.663003] /dev/input/event1: 0003 0036 000032ff
[   63744.663003] /dev/input/event1: 0000 0000 00000000
[   63744.673412] /dev/input/event1: 0003 0036 000031cc
[   63744.673412] /dev/input/event1: 0000 0000 00000000
[   63744.684670] /dev/input/event1: 0003 0036 00003066
[   63744.684670] /dev/input/event1: 0000 0000 00000000
[   63744.696380] /dev/input/event1: 0003 0036 00002f77
[   63744.696380] /dev/input/event1: 0000 0000 00000000
[   63744.707288] /dev/input/event1: 0003 0036 00002dcc
[   63744.707288] /dev/input/event1: 0000 0000 00000000
[   63744.718629] /dev/input/event1: 0003 0036 00002caa
[   63744.718629] /dev/input/event1: 0000 0000 00000000
[   63744.730835] /dev/input/event1: 0003 0036 00002bbb
[   63744.730835] /dev/input/event1: 0000 0000 00000000
[   63744.741253] /dev/input/event1: 0003 0036 00002a88
[   63744.741253] /dev/input/event1: 0000 0000 00000000
[   63744.752185] /dev/input/event1: 0003 0036 00002955
[   63744.752185] /dev/input/event1: 0000 0000 00000000
[   63744.763781] /dev/input/event1: 0003 0036 000028aa
[   63744.763781] /dev/input/event1: 0000 0000 00000000
[   63744.774723] /dev/input/event1: 0003 0035 0000393e
[   63744.774723] /dev/input/event1: 0003 0036 000027ee
[   63744.774723] /dev/input/event1: 0000 0000 00000000
[   63744.786567] /dev/input/event1: 0003 0036 000026ff
[   63744.786567] /dev/input/event1: 0000 0000 00000000
[   63744.797218] /dev/input/event1: 0003 0036 00002655
[   63744.797218] /dev/input/event1: 0000 0000 00000000
[   63744.808721] /dev/input/event1: 0003 0036 00002566
[   63744.808721] /dev/input/event1: 0000 0000 00000000
[   63744.819885] /dev/input/event1: 0003 0036 000024aa
[   63744.819885] /dev/input/event1: 0000 0000 00000000
[   63744.831724] /dev/input/event1: 0003 0035 00003999
[   63744.831724] /dev/input/event1: 0003 0036 000023ff
[   63744.831724] /dev/input/event1: 0000 0000 00000000
[   63744.842111] /dev/input/event1: 0003 0036 00002343
[   63744.842111] /dev/input/event1: 0000 0000 00000000
[   63744.854507] /dev/input/event1: 0003 0036 00002288
[   63744.854507] /dev/input/event1: 0000 0000 00000000
[   63744.866715] /dev/input/event1: 0003 0036 00002210
[   63744.866715] /dev/input/event1: 0000 0000 00000000
[   63744.875986] /dev/input/event1: 0003 0036 00002199
[   63744.875986] /dev/input/event1: 0000 0000 00000000
[   63744.887512] /dev/input/event1: 0003 0036 00002121
[   63744.887512] /dev/input/event1: 0000 0000 00000000
[   63744.901341] /dev/input/event1: 0003 0036 000020aa
[   63744.901341] /dev/input/event1: 0000 0000 00000000
[   63744.909937] /dev/input/event1: 0003 0036 00002032
[   63744.909937] /dev/input/event1: 0000 0000 00000000
[   63744.922024] /dev/input/event1: 0003 0035 00003a12
[   63744.922024] /dev/input/event1: 0003 0036 00001f88
[   63744.922024] /dev/input/event1: 0000 0000 00000000
[   63744.933734] /dev/input/event1: 0003 0036 00001f44
[   63744.933734] /dev/input/event1: 0000 0000 00000000
[   63744.946113] /dev/input/event1: 0003 0036 00001e99
[   63744.946113] /dev/input/event1: 0000 0000 00000000
[   63744.955422] /dev/input/event1: 0003 0036 00001e55
[   63744.955422] /dev/input/event1: 0000 0000 00000000
[   63744.969002] /dev/input/event1: 0003 0036 00001ddd
[   63744.969002] /dev/input/event1: 0000 0000 00000000
[   63744.979458] /dev/input/event1: 0003 0036 00001daa
[   63744.979458] /dev/input/event1: 0000 0000 00000000
[   63744.989122] /dev/input/event1: 0003 0036 00001d21
[   63744.989122] /dev/input/event1: 0000 0000 00000000
[   63745.002342] /dev/input/event1: 0003 0036 00001cee
[   63745.002342] /dev/input/event1: 0000 0000 00000000
[   63745.015833] /dev/input/event1: 0003 0036 00001c77
[   63745.015833] /dev/input/event1: 0000 0000 00000000
[   63745.023395] /dev/input/event1: 0003 0036 00001c32
[   63745.023395] /dev/input/event1: 0000 0000 00000000
[   63745.035006] /dev/input/event1: 0003 0036 00001bbb
[   63745.035006] /dev/input/event1: 0000 0000 00000000
[   63745.046203] /dev/input/event1: 0003 0036 00001b88
[   63745.046203] /dev/input/event1: 0000 0000 00000000
[   63745.056150] /dev/input/event1: 0003 0036 00001b44
[   63745.056150] /dev/input/event1: 0000 0000 00000000
[   63745.068061] /dev/input/event1: 0003 0035 00003999
[   63745.068061] /dev/input/event1: 0003 0036 00001b10
[   63745.068061] /dev/input/event1: 0000 0000 00000000
[   63745.081744] /dev/input/event1: 0003 0036 00001acc
[   63745.081744] /dev/input/event1: 0000 0000 00000000
[   63745.089737] /dev/input/event1: 0003 0036 00001a99
[   63745.089737] /dev/input/event1: 0000 0000 00000000
[   63745.112687] /dev/input/event1: 0003 0036 00001a55
[   63745.112687] /dev/input/event1: 0000 0000 00000000
[   63745.157302] /dev/input/event1: 0003 0036 00001a21
[   63745.157302] /dev/input/event1: 0000 0000 00000000
[   63745.470151] /dev/input/event1: 0003 003a 00000000
[   63745.470151] /dev/input/event1: 0003 0039 ffffffff
[   63745.470151] /dev/input/event1: 0000 0000 00000000
[   63746.545320] /dev/input/event1: 0003 0039 00000000
[   63746.545320] /dev/input/event1: 0003 0035 00004407
[   63746.545320] /dev/input/event1: 0003 0036 000063cc
[   63746.545320] /dev/input/event1: 0003 003a 00000400
[   63746.545320] /dev/input/event1: 0000 0000 00000000
[   63746.656640] /dev/input/event1: 0003 003a 00000000
[   63746.656640] /dev/input/event1: 0003 0039 ffffffff
[   63746.656640] /dev/input/event1: 0000 0000 00000000
[   63748.269471] /dev/input/event1: 0003 0039 00000000
[   63748.269471] /dev/input/event1: 0003 0035 000038c4
[   63748.269471] /dev/input/event1: 0003 0036 00001966
[   63748.269471] /dev/input/event1: 0003 003a 00000400
[   63748.269471] /dev/input/event1: 0000 0000 00000000
[   63748.386994] /dev/input/event1: 0003 003a 00000000
[   63748.386994] /dev/input/event1: 0003 0039 ffffffff
[   63748.386994] /dev/input/event1: 0000 0000 00000000
[   63749.708504] /dev/input/event1: 0003 0039 00000000
[   63749.708504] /dev/input/event1: 0003 0035 000032f6
[   63749.708504] /dev/input/event1: 0003 0036 000037ee
[   63749.708504] /dev/input/event1: 0003 003a 00000400
[   63749.708504] /dev/input/event1: 0000 0000 00000000
[   63749.793531] /dev/input/event1: 0003 003a 00000000
[   63749.793531] /dev/input/event1: 0003 0039 ffffffff
[   63749.793531] /dev/input/event1: 0000 0000 00000000
[   63751.522699] /dev/input/event1: 0003 0039 00000000
[   63751.522699] /dev/input/event1: 0003 0035 000066c0
[   63751.522699] /dev/input/event1: 0003 0036 00007d54
[   63751.522699] /dev/input/event1: 0003 003a 00000400
[   63751.522699] /dev/input/event1: 0000 0000 00000000
[   63751.616062] /dev/input/event1: 0003 003a 00000000
[   63751.616062] /dev/input/event1: 0003 0039 ffffffff
[   63751.616062] /dev/input/event1: 0000 0000 00000000
[   63752.914581] /dev/input/event1: 0003 0039 00000000
[   63752.914581] /dev/input/event1: 0003 0035 0000491f
[   63752.914581] /dev/input/event1: 0003 0036 00001e55
[   63752.914581] /dev/input/event1: 0003 003a 00000400
[   63752.914581] /dev/input/event1: 0000 0000 00000000
[   63753.014122] /dev/input/event1: 0003 003a 00000000
[   63753.014122] /dev/input/event1: 0003 0039 ffffffff
[   63753.014122] /dev/input/event1: 0000 0000 00000000
[   63754.350518] /dev/input/event1: 0003 0039 00000000
[   63754.350518] /dev/input/event1: 0003 0035 000035ec
[   63754.350518] /dev/input/event1: 0003 0036 00003b65
[   63754.350518] /dev/input/event1: 0003 003a 00000400
[   63754.350518] /dev/input/event1: 0000 0000 00000000
[   63754.463003] /dev/input/event1: 0003 003a 00000000
[   63754.463003] /dev/input/event1: 0003 0039 ffffffff
[   63754.463003] /dev/input/event1: 0000 0000 00000000
[   63755.388428] /dev/input/event1: 0003 0039 00000000
[   63755.388428] /dev/input/event1: 0003 0035 0000071c
[   63755.388428] /dev/input/event1: 0003 0036 000066dd
[   63755.388428] /dev/input/event1: 0003 003a 00000400
[   63755.388428] /dev/input/event1: 0000 0000 00000000
[   63755.465610] /dev/input/event1: 0003 003a 00000000
[   63755.465610] /dev/input/event1: 0003 0039 ffffffff
[   63755.465610] /dev/input/event1: 0000 0000 00000000
[   63756.006689] /dev/input/event1: 0003 0039 00000000
[   63756.006689] /dev/input/event1: 0003 0035 00002d27
[   63756.006689] /dev/input/event1: 0003 0036 00004eee
[   63756.006689] /dev/input/event1: 0003 003a 00000400
[   63756.006689] /dev/input/event1: 0000 0000 00000000
[   63756.093464] /dev/input/event1: 0003 003a 00000000
[   63756.093464] /dev/input/event1: 0003 0039 ffffffff
[   63756.093464] /dev/input/event1: 0000 0000 00000000
[   63756.536334] /dev/input/event1: 0003 0039 00000000
[   63756.536334] /dev/input/event1: 0003 0035 00001eee
[   63756.536334] /dev/input/event1: 0003 0036 00005087
[   63756.536334] /dev/input/event1: 0003 003a 00000400
[   63756.536334] /dev/input/event1: 0000 0000 00000000
[   63756.634682] /dev/input/event1: 0003 003a 00000000
[   63756.634682] /dev/input/event1: 0003 0039 ffffffff
[   63756.634682] /dev/input/event1: 0000 0000 00000000
[   63757.244645] /dev/input/event1: 0003 0039 00000000
[   63757.244645] /dev/input/event1: 0003 0035 000077d1
[   63757.244645] /dev/input/event1: 0003 0036 00005176
[   63757.244645] /dev/input/event1: 0003 003a 00000400
[   63757.244645] /dev/input/event1: 0000 0000 00000000
[   63757.342913] /dev/input/event1: 0003 003a 00000000
[   63757.342913] /dev/input/event1: 0003 0039 ffffffff
[   63757.342913] /dev/input/event1: 0000 0000 00000000
[   63758.279421] /dev/input/event1: 0003 0039 00000000
[   63758.279421] /dev/input/event1: 0003 0035 00002c53
[   63758.279421] /dev/input/event1: 0003 0036 000051ee
[   63758.279421] /dev/input/event1: 0003 003a 00000400
[   63758.279421] /dev/input/event1: 0000 0000 00000000
[   63758.365869] /dev/input/event1: 0003 003a 00000000
[   63758.365869] /dev/input/event1: 0003 0039 ffffffff
[   63758.365869] /dev/input/event1: 0000 0000 00000000
[   63758.967332] /dev/input/event1: 0003 0039 00000000
[   63758.967332] /dev/input/event1: 0003 0035 00006eb1
[   63758.967332] /dev/input/event1: 0003 0036 000052aa
[   63758.967332] /dev/input/event1: 0003 003a 00000400
[   63758.967332] /dev/input/event1: 0000 0000 00000000
[   63759.052157] /dev/input/event1: 0003 003a 00000000
[   63759.052157] /dev/input/event1: 0003 0039 ffffffff
[   63759.052157] /dev/input/event1: 0000 0000 00000000
[   63759.739289] /dev/input/event1: 0003 0039 00000000
[   63759.739289] /dev/input/event1: 0003 0035 000027b3
[   63759.739289] /dev/input/event1: 0003 0036 00005c10
[   63759.739289] /dev/input/event1: 0003 003a 00000400
[   63759.739289] /dev/input/event1: 0000 0000 00000000
[   63759.828514] /dev/input/event1: 0003 003a 00000000
[   63759.828514] /dev/input/event1: 0003 0039 ffffffff
[   63759.828514] /dev/input/event1: 0000 0000 00000000
[   63760.381096] /dev/input/event1: 0003 0039 00000000
[   63760.381096] /dev/input/event1: 0003 0035 0000580e
[   63760.381096] /dev/input/event1: 0003 0036 00005143
[   63760.381096] /dev/input/event1: 0003 003a 00000400
[   63760.381096] /dev/input/event1: 0000 0000 00000000
[   63760.481866] /dev/input/event1: 0003 003a 00000000
[   63760.481866] /dev/input/event1: 0003 0039 ffffffff
[   63760.481866] /dev/input/event1: 0000 0000 00000000
[   63761.182582] /dev/input/event1: 0003 0039 00000000
[   63761.182582] /dev/input/event1: 0003 0035 00002fa4
[   63761.182582] /dev/input/event1: 0003 0036 00006876
[   63761.182582] /dev/input/event1: 0003 003a 00000400
[   63761.182582] /dev/input/event1: 0000 0000 00000000
[   63761.257949] /dev/input/event1: 0003 003a 00000000
[   63761.257949] /dev/input/event1: 0003 0039 ffffffff
[   63761.257949] /dev/input/event1: 0000 0000 00000000
[   63761.800301] /dev/input/event1: 0003 0039 00000000
[   63761.800301] /dev/input/event1: 0003 0035 00003bbb
[   63761.800301] /dev/input/event1: 0003 0036 00005143
[   63761.800301] /dev/input/event1: 0003 003a 00000400
[   63761.800301] /dev/input/event1: 0000 0000 00000000
[   63761.887408] /dev/input/event1: 0003 003a 00000000
[   63761.887408] /dev/input/event1: 0003 0039 ffffffff
[   63761.887408] /dev/input/event1: 0000 0000 00000000
[   63762.666738] /dev/input/event1: 0003 0039 00000000
[   63762.666738] /dev/input/event1: 0003 0035 000062f5
[   63762.666738] /dev/input/event1: 0003 0036 00005232
[   63762.666738] /dev/input/event1: 0003 003a 00000400
[   63762.666738] /dev/input/event1: 0000 0000 00000000
[   63762.764749] /dev/input/event1: 0003 003a 00000000
[   63762.764749] /dev/input/event1: 0003 0039 ffffffff
[   63762.764749] /dev/input/event1: 0000 0000 00000000
[   63763.118582] /dev/input/event1: 0003 0039 00000000
[   63763.118582] /dev/input/event1: 0003 0035 00006c34
[   63763.118582] /dev/input/event1: 0003 0036 000050cc
[   63763.118582] /dev/input/event1: 0003 003a 00000400
[   63763.118582] /dev/input/event1: 0000 0000 00000000
[   63763.204052] /dev/input/event1: 0003 003a 00000000
[   63763.204052] /dev/input/event1: 0003 0039 ffffffff
[   63763.204052] /dev/input/event1: 0000 0000 00000000
[   63763.725756] /dev/input/event1: 0003 0039 00000000
[   63763.725756] /dev/input/event1: 0003 0035 00005b04
[   63763.725756] /dev/input/event1: 0003 0036 00006665
[   63763.725756] /dev/input/event1: 0003 003a 00000400
[   63763.725756] /dev/input/event1: 0000 0000 00000000
[   63763.811753] /dev/input/event1: 0003 003a 00000000
[   63763.811753] /dev/input/event1: 0003 0039 ffffffff
[   63763.811753] /dev/input/event1: 0000 0000 00000000
[   63764.254903] /dev/input/event1: 0003 0039 00000000
[   63764.254903] /dev/input/event1: 0003 0035 00004554
[   63764.254903] /dev/input/event1: 0003 0036 00007121
[   63764.254903] /dev/input/event1: 0003 003a 00000400
[   63764.254903] /dev/input/event1: 0000 0000 00000000
[   63764.330412] /dev/input/event1: 0003 003a 00000000
[   63764.330412] /dev/input/event1: 0003 0039 ffffffff
[   63764.330412] /dev/input/event1: 0000 0000 00000000
[   63764.870460] /dev/input/event1: 0003 0039 00000000
[   63764.870460] /dev/input/event1: 0003 0035 00003a6d
[   63764.870460] /dev/input/event1: 0003 0036 00004eee
[   63764.870460] /dev/input/event1: 0003 003a 00000400
[   63764.870460] /dev/input/event1: 0000 0000 00000000
[   63764.973433] /dev/input/event1: 0003 003a 00000000
[   63764.973433] /dev/input/event1: 0003 0039 ffffffff
[   63764.973433] /dev/input/event1: 0000 0000 00000000
[   63765.424616] /dev/input/event1: 0003 0039 00000000
[   63765.424616] /dev/input/event1: 0003 0035 000023e8
[   63765.424616] /dev/input/event1: 0003 0036 00005143
[   63765.424616] /dev/input/event1: 0003 003a 00000400
[   63765.424616] /dev/input/event1: 0000 0000 00000000
[   63765.500066] /dev/input/event1: 0003 0035 0000238d
[   63765.500066] /dev/input/event1: 0003 0036 00005176
[   63765.500066] /dev/input/event1: 0000 0000 00000000
[   63765.510994] /dev/input/event1: 0003 003a 00000000
[   63765.510994] /dev/input/event1: 0003 0039 ffffffff
[   63765.510994] /dev/input/event1: 0000 0000 00000000
[   63765.875213] /dev/input/event1: 0003 0039 00000000
[   63765.875213] /dev/input/event1: 0003 0035 00001a4f
[   63765.875213] /dev/input/event1: 0003 0036 00005bcc
[   63765.875213] /dev/input/event1: 0003 003a 00000400
[   63765.875213] /dev/input/event1: 0000 0000 00000000
[   63765.960747] /dev/input/event1: 0003 003a 00000000
[   63765.960747] /dev/input/event1: 0003 0039 ffffffff
[   63765.960747] /dev/input/event1: 0000 0000 00000000
[   63766.470950] /dev/input/event1: 0003 0039 00000000
[   63766.470950] /dev/input/event1: 0003 0035 00003c8f
[   63766.470950] /dev/input/event1: 0003 0036 00005054
[   63766.470950] /dev/input/event1: 0003 003a 00000400
[   63766.470950] /dev/input/event1: 0000 0000 00000000
[   63766.568756] /dev/input/event1: 0003 003a 00000000
[   63766.568756] /dev/input/event1: 0003 0039 ffffffff
[   63766.568756] /dev/input/event1: 0000 0000 00000000
[   63767.156418] /dev/input/event1: 0003 0039 00000000
[   63767.156418] /dev/input/event1: 0003 0035 0000336f
[   63767.156418] /dev/input/event1: 0003 0036 000045bb
[   63767.156418] /dev/input/event1: 0003 003a 00000400
[   63767.156418] /dev/input/event1: 0000 0000 00000000
[   63767.212186] /dev/input/event1: 0003 003a 00000000
[   63767.212186] /dev/input/event1: 0003 0039 ffffffff
[   63767.212186] /dev/input/event1: 0000 0000 00000000
[   63768.642714] /dev/input/event1: 0003 0039 00000000
[   63768.642714] /dev/input/event1: 0003 0035 00003999
[   63768.642714] /dev/input/event1: 0003 0036 00005176
[   63768.642714] /dev/input/event1: 0003 003a 00000400
[   63768.642714] /dev/input/event1: 0000 0000 00000000
[   63768.717775] /dev/input/event1: 0003 003a 00000000
[   63768.717775] /dev/input/event1: 0003 0039 ffffffff
[   63768.717775] /dev/input/event1: 0000 0000 00000000
[   63769.430936] /dev/input/event1: 0003 0039 00000000
[   63769.430936] /dev/input/event1: 0003 0035 00001d45
[   63769.430936] /dev/input/event1: 0003 0036 000050cc
[   63769.430936] /dev/input/event1: 0003 003a 00000400
[   63769.430936] /dev/input/event1: 0000 0000 00000000
[   63769.515678] /dev/input/event1: 0003 003a 00000000
[   63769.515678] /dev/input/event1: 0003 0039 ffffffff
[   63769.515678] /dev/input/event1: 0000 0000 00000000
[   63769.946281] /dev/input/event1: 0003 0039 00000000
[   63769.946281] /dev/input/event1: 0003 0035 00001920
[   63769.946281] /dev/input/event1: 0003 0036 00005b54
[   63769.946281] /dev/input/event1: 0003 003a 00000400
[   63769.946281] /dev/input/event1: 0000 0000 00000000
[   63770.045916] /dev/input/event1: 0003 003a 00000000
[   63770.045916] /dev/input/event1: 0003 0039 ffffffff
[   63770.045916] /dev/input/event1: 0000 0000 00000000
[   63771.724975] /dev/input/event1: 0003 0039 00000000
[   63771.724975] /dev/input/event1: 0003 0035 00003a6d
[   63771.724975] /dev/input/event1: 0003 0036 00005054
[   63771.724975] /dev/input/event1: 0003 003a 00000400
[   63771.724975] /dev/input/event1: 0000 0000 00000000
[   63771.858656] /dev/input/event1: 0003 003a 00000000
[   63771.858656] /dev/input/event1: 0003 0039 ffffffff
[   63771.858656] /dev/input/event1: 0000 0000 00000000
[   63773.705637] /dev/input/event1: 0003 0039 00000000
[   63773.705637] /dev/input/event1: 0003 0035 0000784a
[   63773.705637] /dev/input/event1: 0003 0036 00005265
[   63773.705637] /dev/input/event1: 0003 003a 00000400
[   63773.705637] /dev/input/event1: 0000 0000 00000000
[   63773.802143] /dev/input/event1: 0003 003a 00000000
[   63773.802143] /dev/input/event1: 0003 0039 ffffffff
[   63773.802143] /dev/input/event1: 0000 0000 00000000
[   63774.322935] /dev/input/event1: 0003 0039 00000000
[   63774.322935] /dev/input/event1: 0003 0035 0000112f
[   63774.322935] /dev/input/event1: 0003 0036 000050ff
[   63774.322935] /dev/input/event1: 0003 003a 00000400
[   63774.322935] /dev/input/event1: 0000 0000 00000000
[   63774.414276] /dev/input/event1: 0003 003a 00000000
[   63774.414276] /dev/input/event1: 0003 0039 ffffffff
[   63774.414276] /dev/input/event1: 0000 0000 00000000
[   63774.986977] /dev/input/event1: 0003 0039 00000000
[   63774.986977] /dev/input/event1: 0003 0035 00000795
[   63774.986977] /dev/input/event1: 0003 0036 00007310
[   63774.986977] /dev/input/event1: 0003 003a 00000400
[   63774.986977] /dev/input/event1: 0000 0000 00000000
[   63775.074076] /dev/input/event1: 0003 003a 00000000
[   63775.074076] /dev/input/event1: 0003 0039 ffffffff
[   63775.074076] /dev/input/event1: 0000 0000 00000000
[   63775.899704] /dev/input/event1: 0003 0039 00000000
[   63775.899704] /dev/input/event1: 0003 0035 00005901
[   63775.899704] /dev/input/event1: 0003 0036 00006698
[   63775.899704] /dev/input/event1: 0003 003a 00000400
[   63775.899704] /dev/input/event1: 0000 0000 00000000
[   63776.009808] /dev/input/event1: 0003 003a 00000000
[   63776.009808] /dev/input/event1: 0003 0039 ffffffff
[   63776.009808] /dev/input/event1: 0000 0000 00000000
[   63776.854990] /dev/input/event1: 0003 0039 00000000
[   63776.854990] /dev/input/event1: 0003 0035 00000795
[   63776.854990] /dev/input/event1: 0003 0036 000051ee
[   63776.854990] /dev/input/event1: 0003 003a 00000400
[   63776.854990] /dev/input/event1: 0000 0000 00000000
[   63776.943105] /dev/input/event1: 0003 003a 00000000
[   63776.943105] /dev/input/event1: 0003 0039 ffffffff
[   63776.943105] /dev/input/event1: 0000 0000 00000000
[   63777.328386] /dev/input/event1: 0003 0039 00000000
[   63777.328386] /dev/input/event1: 0003 0035 00001407
[   63777.328386] /dev/input/event1: 0003 003a 00000400
[   63777.328386] /dev/input/event1: 0000 0000 00000000
[   63777.437501] /dev/input/event1: 0003 003a 00000000
[   63777.437501] /dev/input/event1: 0003 0039 ffffffff
[   63777.437501] /dev/input/event1: 0000 0000 00000000
[   63778.328470] /dev/input/event1: 0003 0039 00000000
[   63778.328470] /dev/input/event1: 0003 0035 0000725d
[   63778.328470] /dev/input/event1: 0003 0036 00007121
[   63778.328470] /dev/input/event1: 0003 003a 00000400
[   63778.328470] /dev/input/event1: 0000 0000 00000000
[   63778.428363] /dev/input/event1: 0003 003a 00000000
[   63778.428363] /dev/input/event1: 0003 0039 ffffffff
[   63778.428363] /dev/input/event1: 0000 0000 00000000
[   63781.749899] /dev/input/event1: 0003 0039 00000000
[   63781.749899] /dev/input/event1: 0003 0035 000061a8
[   63781.749899] /dev/input/event1: 0003 0036 00003c99
[   63781.749899] /dev/input/event1: 0003 003a 00000400
[   63781.749899] /dev/input/event1: 0000 0000 00000000
[   63781.779630] /dev/input/event1: 0003 0035 0000614c
[   63781.779630] /dev/input/event1: 0000 0000 00000000
[   63781.790664] /dev/input/event1: 0003 0035 000060d3
[   63781.790664] /dev/input/event1: 0000 0000 00000000
[   63781.803849] /dev/input/event1: 0003 0035 00006078
[   63781.803849] /dev/input/event1: 0003 0036 00003cdd
[   63781.803849] /dev/input/event1: 0000 0000 00000000
[   63781.811987] /dev/input/event1: 0003 0035 00005fa4
[   63781.811987] /dev/input/event1: 0000 0000 00000000
[   63781.824576] /dev/input/event1: 0003 0035 00005e56
[   63781.824576] /dev/input/event1: 0003 0036 00003d10
[   63781.824576] /dev/input/event1: 0000 0000 00000000
[   63781.834197] /dev/input/event1: 0003 0035 00005c52
[   63781.834197] /dev/input/event1: 0003 0036 00003d54
[   63781.834197] /dev/input/event1: 0000 0000 00000000
[   63781.845913] /dev/input/event1: 0003 0035 0000580e
[   63781.845913] /dev/input/event1: 0003 0036 00003d88
[   63781.845913] /dev/input/event1: 0000 0000 00000000
[   63781.856583] /dev/input/event1: 0003 0035 000052b9
[   63781.856583] /dev/input/event1: 0003 0036 00003dff
[   63781.856583] /dev/input/event1: 0000 0000 00000000
[   63781.867896] /dev/input/event1: 0003 0035 00004da0
[   63781.867896] /dev/input/event1: 0003 0036 00003e43
[   63781.867896] /dev/input/event1: 0000 0000 00000000
[   63781.881324] /dev/input/event1: 0003 0035 000046a2
[   63781.881324] /dev/input/event1: 0003 0036 00003e76
[   63781.881324] /dev/input/event1: 0000 0000 00000000
[   63781.891571] /dev/input/event1: 0003 0035 00003f86
[   63781.891571] /dev/input/event1: 0003 0036 00003eee
[   63781.891571] /dev/input/event1: 0000 0000 00000000
[   63781.901394] /dev/input/event1: 0003 0035 00003a6d
[   63781.901394] /dev/input/event1: 0000 0000 00000000
[   63781.913157] /dev/input/event1: 0003 0035 00003443
[   63781.913157] /dev/input/event1: 0003 0036 00003f65
[   63781.913157] /dev/input/event1: 0000 0000 00000000
[   63781.923860] /dev/input/event1: 0003 0035 00002dfb
[   63781.923860] /dev/input/event1: 0003 0036 00003faa
[   63781.923860] /dev/input/event1: 0000 0000 00000000
[   63781.941486] /dev/input/event1: 0003 0035 000029d5
[   63781.941486] /dev/input/event1: 0003 0036 00003fdd
[   63781.941486] /dev/input/event1: 0000 0000 00000000
[   63781.946870] /dev/input/event1: 0003 0035 00002462
[   63781.946870] /dev/input/event1: 0003 0036 00004021
[   63781.946870] /dev/input/event1: 0000 0000 00000000
[   63781.958547] /dev/input/event1: 0003 0035 00001f68
[   63781.958547] /dev/input/event1: 0003 0036 00004054
[   63781.958547] /dev/input/event1: 0000 0000 00000000
[   63781.968916] /dev/input/event1: 0003 0035 00001b9d
[   63781.968916] /dev/input/event1: 0000 0000 00000000
[   63781.980719] /dev/input/event1: 0003 0035 00001777
[   63781.980719] /dev/input/event1: 0000 0000 00000000
[   63781.993092] /dev/input/event1: 0003 0035 000014db
[   63781.993092] /dev/input/event1: 0000 0000 00000000
[   63782.008836] /dev/input/event1: 0003 0035 000012d8
[   63782.008836] /dev/input/event1: 0000 0000 00000000
[   63782.013700] /dev/input/event1: 0003 0035 000010b5
[   63782.013700] /dev/input/event1: 0000 0000 00000000
[   63782.026173] /dev/input/event1: 0003 0035 00000f0d
[   63782.026173] /dev/input/event1: 0000 0000 00000000
[   63782.041911] /dev/input/event1: 0003 0035 00000ddd
[   63782.041911] /dev/input/event1: 0000 0000 00000000
[   63782.048294] /dev/input/event1: 0003 003a 00000000
[   63782.048294] /dev/input/event1: 0003 0039 ffffffff
[   63782.048294] /dev/input/event1: 0000 0000 00000000
[   63782.841698] /dev/input/event1: 0003 0039 00000000
[   63782.841698] /dev/input/event1: 0003 0035 00006c34
[   63782.841698] /dev/input/event1: 0003 0036 00003fdd
[   63782.841698] /dev/input/event1: 0003 003a 00000400
[   63782.841698] /dev/input/event1: 0000 0000 00000000
[   63782.859634] /dev/input/event1: 0003 0035 00006bba
[   63782.859634] /dev/input/event1: 0000 0000 00000000
[   63782.872864] /dev/input/event1: 0003 0035 00006ae6
[   63782.872864] /dev/input/event1: 0000 0000 00000000
[   63782.882735] /dev/input/event1: 0003 0035 00006998
[   63782.882735] /dev/input/event1: 0003 0036 00004021
[   63782.882735] /dev/input/event1: 0000 0000 00000000
[   63782.892601] /dev/input/event1: 0003 0035 000067f0
[   63782.892601] /dev/input/event1: 0000 0000 00000000
[   63782.904804] /dev/input/event1: 0003 0035 000065ec
[   63782.904804] /dev/input/event1: 0003 0036 00004054
[   63782.904804] /dev/input/event1: 0000 0000 00000000
[   63782.915047] /dev/input/event1: 0003 0035 0000636f
[   63782.915047] /dev/input/event1: 0003 0036 00004099
[   63782.915047] /dev/input/event1: 0000 0000 00000000
[   63782.925988] /dev/input/event1: 0003 0035 00005ecf
[   63782.925988] /dev/input/event1: 0003 0036 00004110
[   63782.925988] /dev/input/event1: 0000 0000 00000000
[   63782.939723] /dev/input/event1: 0003 0035 000057b3
[   63782.939723] /dev/input/event1: 0000 0000 00000000
[   63782.947890] /dev/input/event1: 0003 0035 0000523f
[   63782.947890] /dev/input/event1: 0000 0000 00000000
[   63782.959053] /dev/input/event1: 0003 0035 00004b23
[   63782.959053] /dev/input/event1: 0000 0000 00000000
[   63782.973715] /dev/input/event1: 0003 0035 00004554
[   63782.973715] /dev/input/event1: 0000 0000 00000000
[   63782.984401] /dev/input/event1: 0003 0035 0000425e
[   63782.984401] /dev/input/event1: 0000 0000 00000000
[   63782.992503] /dev/input/event1: 0003 0035 00003fe1
[   63782.992503] /dev/input/event1: 0000 0000 00000000
[   63783.006994] /dev/input/event1: 0003 0035 00003d64
[   63783.006994] /dev/input/event1: 0000 0000 00000000
[   63783.015377] /dev/input/event1: 0003 0035 00003bbb
[   63783.015377] /dev/input/event1: 0000 0000 00000000
[   63783.026378] /dev/input/event1: 0003 0035 0000393e
[   63783.026378] /dev/input/event1: 0000 0000 00000000
[   63783.057744] /dev/input/event1: 0003 0035 000033ca
[   63783.057744] /dev/input/event1: 0000 0000 00000000
[   63783.060077] /dev/input/event1: 0003 0035 00003078
[   63783.060077] /dev/input/event1: 0000 0000 00000000
[   63783.073343] /dev/input/event1: 0003 0035 00002cae
[   63783.073343] /dev/input/event1: 0003 0036 00004143
[   63783.073343] /dev/input/event1: 0000 0000 00000000
[   63783.083774] /dev/input/event1: 0003 0035 00002a30
[   63783.083774] /dev/input/event1: 0000 0000 00000000
[   63783.094050] /dev/input/event1: 0003 0035 000027b3
[   63783.094050] /dev/input/event1: 0000 0000 00000000
[   63783.106151] /dev/input/event1: 0003 0035 00002591
[   63783.106151] /dev/input/event1: 0000 0000 00000000
[   63783.116765] /dev/input/event1: 0003 0035 00002462
[   63783.116765] /dev/input/event1: 0000 0000 00000000
[   63783.127685] /dev/input/event1: 0003 0035 000021e5
[   63783.127685] /dev/input/event1: 0000 0000 00000000
[   63783.155212] /dev/input/event1: 0003 003a 00000000
[   63783.155212] /dev/input/event1: 0003 0039 ffffffff
[   63783.155212] /dev/input/event1: 0000 0000 00000000
[   63784.093068] /dev/input/event1: 0003 0039 00000000
[   63784.093068] /dev/input/event1: 0003 0035 0000629a
[   63784.093068] /dev/input/event1: 0003 0036 00003fdd
[   63784.093068] /dev/input/event1: 0003 003a 00000400
[   63784.093068] /dev/input/event1: 0000 0000 00000000
[   63784.097909] /dev/input/event1: 0003 0035 00006221
[   63784.097909] /dev/input/event1: 0003 0036 00004021
[   63784.097909] /dev/input/event1: 0000 0000 00000000
[   63784.106830] /dev/input/event1: 0003 0035 0000614c
[   63784.106830] /dev/input/event1: 0003 0036 00004054
[   63784.106830] /dev/input/event1: 0000 0000 00000000
[   63784.121721] /dev/input/event1: 0003 0035 00005fff
[   63784.121721] /dev/input/event1: 0003 0036 00004099
[   63784.121721] /dev/input/event1: 0000 0000 00000000
[   63784.129434] /dev/input/event1: 0003 0035 00005ecf
[   63784.129434] /dev/input/event1: 0003 0036 000040cc
[   63784.129434] /dev/input/event1: 0000 0000 00000000
[   63784.143629] /dev/input/event1: 0003 0035 00005cad
[   63784.143629] /dev/input/event1: 0003 0036 00004110
[   63784.143629] /dev/input/event1: 0000 0000 00000000
[   63784.152443] /dev/input/event1: 0003 0035 00005901
[   63784.152443] /dev/input/event1: 0003 0036 00004188
[   63784.152443] /dev/input/event1: 0000 0000 00000000
[   63784.162948] /dev/input/event1: 0003 0035 000054bc
[   63784.162948] /dev/input/event1: 0003 0036 000041ff
[   63784.162948] /dev/input/event1: 0000 0000 00000000
[   63784.177230] /dev/input/event1: 0003 0035 00004e19
[   63784.177230] /dev/input/event1: 0003 0036 00004276
[   63784.177230] /dev/input/event1: 0000 0000 00000000
[   63784.185523] /dev/input/event1: 0003 0035 000044db
[   63784.185523] /dev/input/event1: 0003 0036 000042ee
[   63784.185523] /dev/input/event1: 0000 0000 00000000
[   63784.196554] /dev/input/event1: 0003 0035 00003c8f
[   63784.196554] /dev/input/event1: 0003 0036 00004332
[   63784.196554] /dev/input/event1: 0000 0000 00000000
[   63784.210659] /dev/input/event1: 0003 0035 00002fff
[   63784.210659] /dev/input/event1: 0000 0000 00000000
[   63784.219339] /dev/input/event1: 0003 0035 000023e8
[   63784.219339] /dev/input/event1: 0000 0000 00000000
[   63784.230318] /dev/input/event1: 0003 0035 00001ccc
[   63784.230318] /dev/input/event1: 0003 0036 00004365
[   63784.230318] /dev/input/event1: 0000 0000 00000000
[   63784.243636] /dev/input/event1: 0003 0035 00001555
[   63784.243636] /dev/input/event1: 0000 0000 00000000
[   63784.259377] /dev/input/event1: 0003 0035 00000e38
[   63784.259377] /dev/input/event1: 0000 0000 00000000
[   63784.263946] /dev/input/event1: 0003 0035 00000a6d
[   63784.263946] /dev/input/event1: 0000 0000 00000000
[   63784.276810] /dev/input/event1: 0003 0035 000005ec
[   63784.276810] /dev/input/event1: 0000 0000 00000000
[   63784.289044] /dev/input/event1: 0003 0035 0000014d
[   63784.289044] /dev/input/event1: 0000 0000 00000000
[   63784.298426] /dev/input/event1: 0003 003a 00000000
[   63784.298426] /dev/input/event1: 0003 0039 ffffffff
[   63784.298426] /dev/input/event1: 0000 0000 00000000
[   63785.304681] /dev/input/event1: 0003 0039 00000000
[   63785.304681] /dev/input/event1: 0003 0035 00006221
[   63785.304681] /dev/input/event1: 0003 0036 000042bb
[   63785.304681] /dev/input/event1: 0003 003a 00000400
[   63785.304681] /dev/input/event1: 0000 0000 00000000
[   63785.335364] /dev/input/event1: 0003 0035 0000614c
[   63785.335364] /dev/input/event1: 0000 0000 00000000
[   63785.344496] /dev/input/event1: 0003 0035 00005fa4
[   63785.344496] /dev/input/event1: 0000 0000 00000000
[   63785.356016] /dev/input/event1: 0003 0035 00005bd9
[   63785.356016] /dev/input/event1: 0003 0036 000042ee
[   63785.356016] /dev/input/event1: 0000 0000 00000000
[   63785.370076] /dev/input/event1: 0003 0035 0000573a
[   63785.370076] /dev/input/event1: 0000 0000 00000000
[   63785.378177] /dev/input/event1: 0003 0035 00004e74
[   63785.378177] /dev/input/event1: 0000 0000 00000000
[   63785.391785] /dev/input/event1: 0003 0035 0000425e
[   63785.391785] /dev/input/event1: 0000 0000 00000000
[   63785.401603] /dev/input/event1: 0003 0035 000038c4
[   63785.401603] /dev/input/event1: 0000 0000 00000000
[   63785.411609] /dev/input/event1: 0003 0035 00002a30
[   63785.411609] /dev/input/event1: 0003 0036 000042bb
[   63785.411609] /dev/input/event1: 0000 0000 00000000
[   63785.426219] /dev/input/event1: 0003 0035 000019f4
[   63785.426219] /dev/input/event1: 0000 0000 00000000
[   63785.434805] /dev/input/event1: 0003 0035 00000e38
[   63785.434805] /dev/input/event1: 0003 0036 00004276
[   63785.434805] /dev/input/event1: 0000 0000 00000000
[   63785.459033] /dev/input/event1: 0003 0035 00000000
[   63785.459033] /dev/input/event1: 0003 0036 000042bb
[   63785.459033] /dev/input/event1: 0000 0000 00000000
[   63785.513081] /dev/input/event1: 0003 003a 00000000
[   63785.513081] /dev/input/event1: 0003 0039 ffffffff
[   63785.513081] /dev/input/event1: 0000 0000 00000000
[   63786.521243] /dev/input/event1: 0003 0039 00000000
[   63786.521243] /dev/input/event1: 0003 0035 00005f2a
[   63786.521243] /dev/input/event1: 0003 0036 00004110
[   63786.521243] /dev/input/event1: 0003 003a 00000400
[   63786.521243] /dev/input/event1: 0000 0000 00000000
[   63786.530624] /dev/input/event1: 0003 0035 00005ecf
[   63786.530624] /dev/input/event1: 0003 0036 00004143
[   63786.530624] /dev/input/event1: 0000 0000 00000000
[   63786.538909] /dev/input/event1: 0003 0035 00005dfb
[   63786.538909] /dev/input/event1: 0003 0036 00004188
[   63786.538909] /dev/input/event1: 0000 0000 00000000
[   63786.549109] /dev/input/event1: 0003 0035 00005c52
[   63786.549109] /dev/input/event1: 0003 0036 000041ff
[   63786.549109] /dev/input/event1: 0000 0000 00000000
[   63786.560071] /dev/input/event1: 0003 0035 000056df
[   63786.560071] /dev/input/event1: 0003 0036 000042bb
[   63786.560071] /dev/input/event1: 0000 0000 00000000
[   63786.575197] /dev/input/event1: 0003 0035 00004b9c
[   63786.575197] /dev/input/event1: 0003 0036 00004365
[   63786.575197] /dev/input/event1: 0000 0000 00000000
[   63786.582841] /dev/input/event1: 0003 0035 00003f86
[   63786.582841] /dev/input/event1: 0000 0000 00000000
[   63786.592887] /dev/input/event1: 0003 0035 00002bd9
[   63786.592887] /dev/input/event1: 0000 0000 00000000
[   63786.608401] /dev/input/event1: 0003 0035 00001555
[   63786.608401] /dev/input/event1: 0003 0036 00004332
[   63786.608401] /dev/input/event1: 0000 0000 00000000
[   63786.617809] /dev/input/event1: 0003 0035 00000518
[   63786.617809] /dev/input/event1: 0003 0036 000042bb
[   63786.617809] /dev/input/event1: 0000 0000 00000000
[   63786.627660] /dev/input/event1: 0003 0035 00000000
[   63786.627660] /dev/input/event1: 0003 0036 000041ff
[   63786.627660] /dev/input/event1: 0000 0000 00000000
[   63786.686281] /dev/input/event1: 0003 003a 00000000
[   63786.686281] /dev/input/event1: 0003 0039 ffffffff
[   63786.686281] /dev/input/event1: 0000 0000 00000000
[   63788.048662] /dev/input/event1: 0003 0039 00000000
[   63788.048662] /dev/input/event1: 0003 0035 000040b5
[   63788.048662] /dev/input/event1: 0003 0036 00004f98
[   63788.048662] /dev/input/event1: 0003 003a 00000400
[   63788.048662] /dev/input/event1: 0000 0000 00000000
[   63788.149463] /dev/input/event1: 0003 003a 00000000
[   63788.149463] /dev/input/event1: 0003 0039 ffffffff
[   63788.149463] /dev/input/event1: 0000 0000 00000000
[   63790.366698] /dev/input/event1: 0003 0039 00000000
[   63790.366698] /dev/input/event1: 0003 0035 00007ccb
[   63790.366698] /dev/input/event1: 0003 0036 00000844
[   63790.366698] /dev/input/event1: 0003 003a 00000400
[   63790.366698] /dev/input/event1: 0000 0000 00000000
[   63790.478570] /dev/input/event1: 0003 003a 00000000
[   63790.478570] /dev/input/event1: 0003 0039 ffffffff
[   63790.478570] /dev/input/event1: 0000 0000 00000000
[   63792.119796] /dev/input/event1: 0003 0039 00000000
[   63792.119796] /dev/input/event1: 0003 0035 00005f2a
[   63792.119796] /dev/input/event1: 0003 0036 00003d88
[   63792.119796] /dev/input/event1: 0003 003a 00000400
[   63792.119796] /dev/input/event1: 0000 0000 00000000
[   63792.274967] /dev/input/event1: 0003 003a 00000000
[   63792.274967] /dev/input/event1: 0003 0039 ffffffff
[   63792.274967] /dev/input/event1: 0000 0000 00000000
[   63792.596944] /dev/input/event1: 0003 0039 00000000
[   63792.596944] /dev/input/event1: 0003 0035 0000393e
[   63792.596944] /dev/input/event1: 0003 0036 000054cc
[   63792.596944] /dev/input/event1: 0003 003a 00000400
[   63792.596944] /dev/input/event1: 0000 0000 00000000
[   63792.740236] /dev/input/event1: 0003 003a 00000000
[   63792.740236] /dev/input/event1: 0003 0039 ffffffff
[   63792.740236] /dev/input/event1: 0000 0000 00000000
[   63793.043618] /dev/input/event1: 0003 0039 00000000
[   63793.043618] /dev/input/event1: 0003 0035 00003221
[   63793.043618] /dev/input/event1: 0003 0036 00002caa
[   63793.043618] /dev/input/event1: 0003 003a 00000400
[   63793.043618] /dev/input/event1: 0000 0000 00000000
[   63793.177474] /dev/input/event1: 0003 003a 00000000
[   63793.177474] /dev/input/event1: 0003 0039 ffffffff
[   63793.177474] /dev/input/event1: 0000 0000 00000000
[   63793.538882] /dev/input/event1: 0003 0039 00000000
[   63793.538882] /dev/input/event1: 0003 0035 00005a30
[   63793.538882] /dev/input/event1: 0003 0036 000043aa
[   63793.538882] /dev/input/event1: 0003 003a 00000400
[   63793.538882] /dev/input/event1: 0000 0000 00000000
[   63793.663046] /dev/input/event1: 0003 003a 00000000
[   63793.663046] /dev/input/event1: 0003 0039 ffffffff
[   63793.663046] /dev/input/event1: 0000 0000 00000000
[   63794.013244] /dev/input/event1: 0003 0039 00000000
[   63794.013244] /dev/input/event1: 0003 0035 00002aaa
[   63794.013244] /dev/input/event1: 0003 0036 00005fcc
[   63794.013244] /dev/input/event1: 0003 003a 00000400
[   63794.013244] /dev/input/event1: 0000 0000 00000000
[   63794.089850] /dev/input/event1: 0003 0035 00002a30
[   63794.089850] /dev/input/event1: 0000 0000 00000000
[   63794.098266] /dev/input/event1: 0003 0035 00002901
[   63794.098266] /dev/input/event1: 0000 0000 00000000
[   63794.109475] /dev/input/event1: 0003 0035 000026df
[   63794.109475] /dev/input/event1: 0000 0000 00000000
[   63794.120828] /dev/input/event1: 0003 003a 00000000
[   63794.120828] /dev/input/event1: 0003 0039 ffffffff
[   63794.120828] /dev/input/event1: 0000 0000 00000000
