add device 1: /dev/input/event0
  name:     "Power Button"
add device 2: /dev/input/event1
  name:     "qwerty2"
could not get driver version for /dev/input/mice, Not a typewriter
[     996.181563] /dev/input/event1: 0003 0039 00000000
[     996.181563] /dev/input/event1: 0003 0035 00002240
[     996.181563] /dev/input/event1: 0003 0036 00007121
[     996.181563] /dev/input/event1: 0003 003a 00000400
[     996.181563] /dev/input/event1: 0000 0000 00000000
[     996.247960] /dev/input/event1: 0003 0035 000021e5
[     996.247960] /dev/input/event1: 0000 0000 00000000
[     996.283132] /dev/input/event1: 0003 003a 00000000
[     996.283132] /dev/input/event1: 0003 0039 ffffffff
[     996.283132] /dev/input/event1: 0000 0000 00000000
[     997.352258] /dev/input/event1: 0003 0039 00000000
[     997.352258] /dev/input/event1: 0003 0035 00006998
[     997.352258] /dev/input/event1: 0003 0036 00004054
[     997.352258] /dev/input/event1: 0003 003a 00000400
[     997.352258] /dev/input/event1: 0000 0000 00000000
[     997.440346] /dev/input/event1: 0003 003a 00000000
[     997.440346] /dev/input/event1: 0003 0039 ffffffff
[     997.440346] /dev/input/event1: 0000 0000 00000000
[     999.722430] /dev/input/event1: 0003 0039 00000000
[     999.722430] /dev/input/event1: 0003 0035 000061a8
[     999.722430] /dev/input/event1: 0003 0036 00006fba
[     999.722430] /dev/input/event1: 0003 003a 00000400
[     999.722430] /dev/input/event1: 0000 0000 00000000
[     999.813227] /dev/input/event1: 0003 003a 00000000
[     999.813227] /dev/input/event1: 0003 0039 ffffffff
[     999.813227] /dev/input/event1: 0000 0000 00000000
[    1001.414212] /dev/input/event1: 0003 0039 00000000
[    1001.414212] /dev/input/event1: 0003 0035 000026df
[    1001.414212] /dev/input/event1: 0003 0036 00001bbb
[    1001.414212] /dev/input/event1: 0003 003a 00000400
[    1001.414212] /dev/input/event1: 0000 0000 00000000
[    1001.455551] /dev/input/event1: 0003 0035 00002666
[    1001.455551] /dev/input/event1: 0000 0000 00000000
[    1001.481169] /dev/input/event1: 0003 003a 00000000
[    1001.481169] /dev/input/event1: 0003 0039 ffffffff
[    1001.481169] /dev/input/event1: 0000 0000 00000000
[    1003.157431] /dev/input/event1: 0003 0039 00000000
[    1003.157431] /dev/input/event1: 0003 0035 0000273a
[    1003.157431] /dev/input/event1: 0003 0036 00000a22
[    1003.157431] /dev/input/event1: 0003 003a 00000400
[    1003.157431] /dev/input/event1: 0000 0000 00000000
[    1003.165270] /dev/input/event1: 0003 0036 00000a66
[    1003.165270] /dev/input/event1: 0000 0000 00000000
[    1003.247832] /dev/input/event1: 0003 003a 00000000
[    1003.247832] /dev/input/event1: 0003 0039 ffffffff
[    1003.247832] /dev/input/event1: 0000 0000 00000000
[    1004.943986] /dev/input/event1: 0003 0039 00000000
[    1004.943986] /dev/input/event1: 0003 0035 000075cd
[    1004.943986] /dev/input/event1: 0003 0036 00006ecb
[    1004.943986] /dev/input/event1: 0003 003a 00000400
[    1004.943986] /dev/input/event1: 0000 0000 00000000
[    1005.023282] /dev/input/event1: 0003 003a 00000000
[    1005.023282] /dev/input/event1: 0003 0039 ffffffff
[    1005.023282] /dev/input/event1: 0000 0000 00000000
[    1006.768923] /dev/input/event1: 0003 0039 00000000
[    1006.768923] /dev/input/event1: 0003 0035 00007202
[    1006.768923] /dev/input/event1: 0003 0036 00006532
[    1006.768923] /dev/input/event1: 0003 003a 00000400
[    1006.768923] /dev/input/event1: 0000 0000 00000000
[    1006.878794] /dev/input/event1: 0003 003a 00000000
[    1006.878794] /dev/input/event1: 0003 0039 ffffffff
[    1006.878794] /dev/input/event1: 0000 0000 00000000
[    1008.434624] /dev/input/event1: 0003 0039 00000000
[    1008.434624] /dev/input/event1: 0003 0035 0000649e
[    1008.434624] /dev/input/event1: 0003 0036 00007521
[    1008.434624] /dev/input/event1: 0003 003a 00000400
[    1008.434624] /dev/input/event1: 0000 0000 00000000
[    1008.532209] /dev/input/event1: 0003 003a 00000000
[    1008.532209] /dev/input/event1: 0003 0039 ffffffff
[    1008.532209] /dev/input/event1: 0000 0000 00000000
[    1010.143515] /dev/input/event1: 0003 0039 00000000
[    1010.143515] /dev/input/event1: 0003 0035 00004407
[    1010.143515] /dev/input/event1: 0003 0036 00005a65
[    1010.143515] /dev/input/event1: 0003 003a 00000400
[    1010.143515] /dev/input/event1: 0000 0000 00000000
[    1010.256861] /dev/input/event1: 0003 003a 00000000
[    1010.256861] /dev/input/event1: 0003 0039 ffffffff
[    1010.256861] /dev/input/event1: 0000 0000 00000000
[    1014.272617] /dev/input/event1: 0003 0039 00000000
[    1014.272617] /dev/input/event1: 0003 0035 00007628
[    1014.272617] /dev/input/event1: 0003 0036 00004c10
[    1014.272617] /dev/input/event1: 0003 003a 00000400
[    1014.272617] /dev/input/event1: 0000 0000 00000000
[    1014.291250] /dev/input/event1: 0003 0035 000075cd
[    1014.291250] /dev/input/event1: 0000 0000 00000000
[    1014.372677] /dev/input/event1: 0003 003a 00000000
[    1014.372677] /dev/input/event1: 0003 0039 ffffffff
[    1014.372677] /dev/input/event1: 0000 0000 00000000
[    1015.510235] /dev/input/event1: 0003 0039 00000000
[    1015.510235] /dev/input/event1: 0003 003a 00000400
[    1015.510235] /dev/input/event1: 0000 0000 00000000
[    1015.601155] /dev/input/event1: 0003 003a 00000000
[    1015.601155] /dev/input/event1: 0003 0039 ffffffff
[    1015.601155] /dev/input/event1: 0000 0000 00000000
[    1016.647188] /dev/input/event1: 0003 0039 00000000
[    1016.647188] /dev/input/event1: 0003 003a 00000400
[    1016.647188] /dev/input/event1: 0000 0000 00000000
[    1016.734640] /dev/input/event1: 0003 003a 00000000
[    1016.734640] /dev/input/event1: 0003 0039 ffffffff
[    1016.734640] /dev/input/event1: 0000 0000 00000000
