add device 1: /dev/input/event0
  name:     "Power Button"
add device 2: /dev/input/event1
  name:     "qwerty2"
could not get driver version for /dev/input/mice, Not a typewriter
[    4193.875361] /dev/input/event1: 0003 0039 00000000
[    4193.875361] /dev/input/event1: 0003 0035 000033ca
[    4193.875361] /dev/input/event1: 0003 0036 00005bcc
[    4193.875361] /dev/input/event1: 0003 003a 00000400
[    4193.875361] /dev/input/event1: 0000 0000 00000000
[    4193.963403] /dev/input/event1: 0003 003a 00000000
[    4193.963403] /dev/input/event1: 0003 0039 ffffffff
[    4193.963403] /dev/input/event1: 0000 0000 00000000
[    4194.626149] /dev/input/event1: 0003 0039 00000000
[    4194.626149] /dev/input/event1: 0003 0035 00007332
[    4194.626149] /dev/input/event1: 0003 0036 00006fba
[    4194.626149] /dev/input/event1: 0003 003a 00000400
[    4194.626149] /dev/input/event1: 0000 0000 00000000
[    4194.691614] /dev/input/event1: 0003 003a 00000000
[    4194.691614] /dev/input/event1: 0003 0039 ffffffff
[    4194.691614] /dev/input/event1: 0000 0000 00000000
[    4196.942707] /dev/input/event1: 0003 0039 00000000
[    4196.942707] /dev/input/event1: 0003 0035 00000c35
[    4196.942707] /dev/input/event1: 0003 0036 00000844
[    4196.942707] /dev/input/event1: 0003 003a 00000400
[    4196.942707] /dev/input/event1: 0000 0000 00000000
[    4197.036368] /dev/input/event1: 0003 003a 00000000
[    4197.036368] /dev/input/event1: 0003 0039 ffffffff
[    4197.036368] /dev/input/event1: 0000 0000 00000000
[    4199.128915] /dev/input/event1: 0003 0039 00000000
[    4199.128915] /dev/input/event1: 0003 0035 00002536
[    4199.128915] /dev/input/event1: 0003 0036 00006c76
[    4199.128915] /dev/input/event1: 0003 003a 00000400
[    4199.128915] /dev/input/event1: 0000 0000 00000000
[    4199.205522] /dev/input/event1: 0003 003a 00000000
[    4199.205522] /dev/input/event1: 0003 0039 ffffffff
[    4199.205522] /dev/input/event1: 0000 0000 00000000
[    4201.670720] /dev/input/event1: 0003 0039 00000000
[    4201.670720] /dev/input/event1: 0003 0035 000024bd
[    4201.670720] /dev/input/event1: 0003 0036 00001bbb
[    4201.670720] /dev/input/event1: 0003 003a 00000400
[    4201.670720] /dev/input/event1: 0000 0000 00000000
[    4201.771613] /dev/input/event1: 0003 003a 00000000
[    4201.771613] /dev/input/event1: 0003 0039 ffffffff
[    4201.771613] /dev/input/event1: 0000 0000 00000000
[    4205.189486] /dev/input/event1: 0003 0039 00000000
[    4205.189486] /dev/input/event1: 0003 0035 00001e1a
[    4205.189486] /dev/input/event1: 0003 0036 00007bed
[    4205.189486] /dev/input/event1: 0003 003a 00000400
[    4205.189486] /dev/input/event1: 0000 0000 00000000
[    4205.278591] /dev/input/event1: 0003 003a 00000000
[    4205.278591] /dev/input/event1: 0003 0039 ffffffff
[    4205.278591] /dev/input/event1: 0000 0000 00000000
[    4208.273138] /dev/input/event1: 0003 0039 00000000
[    4208.273138] /dev/input/event1: 0003 0036 000012dd
[    4208.273138] /dev/input/event1: 0003 003a 00000400
[    4208.273138] /dev/input/event1: 0000 0000 00000000
[    4208.376296] /dev/input/event1: 0003 003a 00000000
[    4208.376296] /dev/input/event1: 0003 0039 ffffffff
[    4208.376296] /dev/input/event1: 0000 0000 00000000
[    4210.422207] /dev/input/event1: 0003 0039 00000000
[    4210.422207] /dev/input/event1: 0003 0035 00002110
[    4210.422207] /dev/input/event1: 0003 0036 000025dd
[    4210.422207] /dev/input/event1: 0003 003a 00000400
[    4210.422207] /dev/input/event1: 0000 0000 00000000
[    4210.502789] /dev/input/event1: 0003 003a 00000000
[    4210.502789] /dev/input/event1: 0003 0039 ffffffff
[    4210.502789] /dev/input/event1: 0000 0000 00000000
[    4212.175916] /dev/input/event1: 0003 0039 00000000
[    4212.175916] /dev/input/event1: 0003 0035 00001480
[    4212.175916] /dev/input/event1: 0003 0036 000024ee
[    4212.175916] /dev/input/event1: 0003 003a 00000400
[    4212.175916] /dev/input/event1: 0000 0000 00000000
[    4212.276626] /dev/input/event1: 0003 003a 00000000
[    4212.276626] /dev/input/event1: 0003 0039 ffffffff
[    4212.276626] /dev/input/event1: 0000 0000 00000000
[    4214.958082] /dev/input/event1: 0003 0039 00000000
[    4214.958082] /dev/input/event1: 0003 0035 00004332
[    4214.958082] /dev/input/event1: 0003 0036 00006132
[    4214.958082] /dev/input/event1: 0003 003a 00000400
[    4214.958082] /dev/input/event1: 0000 0000 00000000
[    4215.104031] /dev/input/event1: 0003 003a 00000000
[    4215.104031] /dev/input/event1: 0003 0039 ffffffff
[    4215.104031] /dev/input/event1: 0000 0000 00000000
