* daemon not running. starting it now at tcp:5037 *
* daemon started successfully *
add device 1: /dev/input/event2
  name:     "goldfish_rotary"
add device 2: /dev/input/event0
  name:     "Power Button"
add device 3: /dev/input/event1
  name:     "qwerty2"
[    1959.775748] /dev/input/event1: 0003 0039 00000000
[    1959.775748] /dev/input/event1: 0003 0035 0000105a
[    1959.775748] /dev/input/event1: 0003 0036 000027ff
[    1959.775748] /dev/input/event1: 0003 003a 00000400
[    1959.775748] /dev/input/event1: 0000 0000 00000000
[    1959.895492] /dev/input/event1: 0003 003a 00000000
[    1959.895492] /dev/input/event1: 0003 0039 ffffffff
[    1959.895492] /dev/input/event1: 0000 0000 00000000
[    1960.798896] /dev/input/event1: 0003 0039 00000000
[    1960.798896] /dev/input/event1: 0003 0035 000010b5
[    1960.798896] /dev/input/event1: 0003 0036 000024cc
[    1960.798896] /dev/input/event1: 0003 003a 00000400
[    1960.798896] /dev/input/event1: 0000 0000 00000000
[    1960.910798] /dev/input/event1: 0003 003a 00000000
[    1960.910798] /dev/input/event1: 0003 0039 ffffffff
[    1960.910798] /dev/input/event1: 0000 0000 00000000
[    1961.834847] /dev/input/event1: 0003 0039 00000000
[    1961.834847] /dev/input/event1: 0003 0035 00000f68
[    1961.834847] /dev/input/event1: 0003 0036 000026ee
[    1961.834847] /dev/input/event1: 0003 003a 00000400
[    1961.834847] /dev/input/event1: 0000 0000 00000000
[    1961.946611] /dev/input/event1: 0003 003a 00000000
[    1961.946611] /dev/input/event1: 0003 0039 ffffffff
[    1961.946611] /dev/input/event1: 0000 0000 00000000
[    1963.681502] /dev/input/event1: 0003 0039 00000000
[    1963.681502] /dev/input/event1: 0003 0035 00006c15
[    1963.681502] /dev/input/event1: 0003 0036 00000888
[    1963.681502] /dev/input/event1: 0003 003a 00000400
[    1963.681502] /dev/input/event1: 0000 0000 00000000
[    1963.779833] /dev/input/event1: 0003 003a 00000000
[    1963.779833] /dev/input/event1: 0003 0039 ffffffff
[    1963.779833] /dev/input/event1: 0000 0000 00000000
[    1964.851213] /dev/input/event1: 0003 0039 00000000
[    1964.851213] /dev/input/event1: 0003 0035 0000397a
[    1964.851213] /dev/input/event1: 0003 0036 00003888
[    1964.851213] /dev/input/event1: 0003 003a 00000400
[    1964.851213] /dev/input/event1: 0000 0000 00000000
[    1964.949034] /dev/input/event1: 0003 003a 00000000
[    1964.949034] /dev/input/event1: 0003 0039 ffffffff
[    1964.949034] /dev/input/event1: 0000 0000 00000000
[    1966.085907] /dev/input/event1: 0003 0039 00000000
[    1966.085907] /dev/input/event1: 0003 0035 00000a12
[    1966.085907] /dev/input/event1: 0003 0036 000066ee
[    1966.085907] /dev/input/event1: 0003 003a 00000400
[    1966.085907] /dev/input/event1: 0000 0000 00000000
[    1966.173585] /dev/input/event1: 0003 003a 00000000
[    1966.173585] /dev/input/event1: 0003 0039 ffffffff
[    1966.173585] /dev/input/event1: 0000 0000 00000000
[    1966.975956] /dev/input/event1: 0003 0039 00000000
[    1966.975956] /dev/input/event1: 0003 0035 00002e75
[    1966.975956] /dev/input/event1: 0003 0036 00004fff
[    1966.975956] /dev/input/event1: 0003 003a 00000400
[    1966.975956] /dev/input/event1: 0000 0000 00000000
[    1967.041971] /dev/input/event1: 0003 003a 00000000
[    1967.041971] /dev/input/event1: 0003 0039 ffffffff
[    1967.041971] /dev/input/event1: 0000 0000 00000000
[    1967.604271] /dev/input/event1: 0003 0039 00000000
[    1967.604271] /dev/input/event1: 0003 0035 0000225e
[    1967.604271] /dev/input/event1: 0003 0036 000050aa
[    1967.604271] /dev/input/event1: 0003 003a 00000400
[    1967.604271] /dev/input/event1: 0000 0000 00000000
[    1967.682026] /dev/input/event1: 0003 003a 00000000
[    1967.682026] /dev/input/event1: 0003 0039 ffffffff
[    1967.682026] /dev/input/event1: 0000 0000 00000000
[    1968.494278] /dev/input/event1: 0003 0039 00000000
[    1968.494278] /dev/input/event1: 0003 0035 00007c34
[    1968.494278] /dev/input/event1: 0003 0036 000052aa
[    1968.494278] /dev/input/event1: 0003 003a 00000400
[    1968.494278] /dev/input/event1: 0000 0000 00000000
[    1968.571048] /dev/input/event1: 0003 003a 00000000
[    1968.571048] /dev/input/event1: 0003 0039 ffffffff
[    1968.571048] /dev/input/event1: 0000 0000 00000000
[    1969.406572] /dev/input/event1: 0003 0039 00000000
[    1969.406572] /dev/input/event1: 0003 0035 00002dbf
[    1969.406572] /dev/input/event1: 0003 0036 000050aa
[    1969.406572] /dev/input/event1: 0003 003a 00000400
[    1969.406572] /dev/input/event1: 0000 0000 00000000
[    1969.493359] /dev/input/event1: 0003 003a 00000000
[    1969.493359] /dev/input/event1: 0003 0039 ffffffff
[    1969.493359] /dev/input/event1: 0000 0000 00000000
[    1970.340045] /dev/input/event1: 0003 0039 00000000
[    1970.340045] /dev/input/event1: 0003 0035 00006e93
[    1970.340045] /dev/input/event1: 0003 003a 00000400
[    1970.340045] /dev/input/event1: 0000 0000 00000000
[    1970.385502] /dev/input/event1: 0003 003a 00000000
[    1970.385502] /dev/input/event1: 0003 0039 ffffffff
[    1970.385502] /dev/input/event1: 0000 0000 00000000
[    1971.173857] /dev/input/event1: 0003 0039 00000000
[    1971.173857] /dev/input/event1: 0003 0035 000028c4
[    1971.173857] /dev/input/event1: 0003 0036 00005bdd
[    1971.173857] /dev/input/event1: 0003 003a 00000400
[    1971.173857] /dev/input/event1: 0000 0000 00000000
[    1971.271708] /dev/input/event1: 0003 003a 00000000
[    1971.271708] /dev/input/event1: 0003 0039 ffffffff
[    1971.271708] /dev/input/event1: 0000 0000 00000000
[    1972.209281] /dev/input/event1: 0003 0039 00000000
[    1972.209281] /dev/input/event1: 0003 0035 000051c6
[    1972.209281] /dev/input/event1: 0003 0036 00004fff
[    1972.209281] /dev/input/event1: 0003 003a 00000400
[    1972.209281] /dev/input/event1: 0000 0000 00000000
[    1972.317674] /dev/input/event1: 0003 003a 00000000
[    1972.317674] /dev/input/event1: 0003 0039 ffffffff
[    1972.317674] /dev/input/event1: 0000 0000 00000000
[    1973.171941] /dev/input/event1: 0003 0039 00000000
[    1973.171941] /dev/input/event1: 0003 0035 00003332
[    1973.171941] /dev/input/event1: 0003 0036 00006710
[    1973.171941] /dev/input/event1: 0003 003a 00000400
[    1973.171941] /dev/input/event1: 0000 0000 00000000
[    1973.298033] /dev/input/event1: 0003 003a 00000000
[    1973.298033] /dev/input/event1: 0003 0039 ffffffff
[    1973.298033] /dev/input/event1: 0000 0000 00000000
[    1974.019068] /dev/input/event1: 0003 0039 00000000
[    1974.019068] /dev/input/event1: 0003 0035 0000391f
[    1974.019068] /dev/input/event1: 0003 0036 00005087
[    1974.019068] /dev/input/event1: 0003 003a 00000400
[    1974.019068] /dev/input/event1: 0000 0000 00000000
[    1974.139585] /dev/input/event1: 0003 003a 00000000
[    1974.139585] /dev/input/event1: 0003 0039 ffffffff
[    1974.139585] /dev/input/event1: 0000 0000 00000000
[    1974.987029] /dev/input/event1: 0003 0039 00000000
[    1974.987029] /dev/input/event1: 0003 0035 00005fff
[    1974.987029] /dev/input/event1: 0003 0036 00005132
[    1974.987029] /dev/input/event1: 0003 003a 00000400
[    1974.987029] /dev/input/event1: 0000 0000 00000000
[    1975.074204] /dev/input/event1: 0003 003a 00000000
[    1975.074204] /dev/input/event1: 0003 0039 ffffffff
[    1975.074204] /dev/input/event1: 0000 0000 00000000
[    1975.815271] /dev/input/event1: 0003 0039 00000000
[    1975.815271] /dev/input/event1: 0003 0035 00006cad
[    1975.815271] /dev/input/event1: 0003 0036 000050dd
[    1975.815271] /dev/input/event1: 0003 003a 00000400
[    1975.815271] /dev/input/event1: 0000 0000 00000000
[    1975.938440] /dev/input/event1: 0003 003a 00000000
[    1975.938440] /dev/input/event1: 0003 0039 ffffffff
[    1975.938440] /dev/input/event1: 0000 0000 00000000
[    1976.830562] /dev/input/event1: 0003 0039 00000000
[    1976.830562] /dev/input/event1: 0003 0035 000059b7
[    1976.830562] /dev/input/event1: 0003 0036 000065ff
[    1976.830562] /dev/input/event1: 0003 003a 00000400
[    1976.830562] /dev/input/event1: 0000 0000 00000000
[    1976.907950] /dev/input/event1: 0003 0036 00006632
[    1976.907950] /dev/input/event1: 0000 0000 00000000
[    1976.917857] /dev/input/event1: 0003 003a 00000000
[    1976.917857] /dev/input/event1: 0003 0039 ffffffff
[    1976.917857] /dev/input/event1: 0000 0000 00000000
[    1977.517503] /dev/input/event1: 0003 0039 00000000
[    1977.517503] /dev/input/event1: 0003 0035 000045ce
[    1977.517503] /dev/input/event1: 0003 0036 00007087
[    1977.517503] /dev/input/event1: 0003 003a 00000400
[    1977.517503] /dev/input/event1: 0000 0000 00000000
[    1977.525068] /dev/input/event1: 0003 0036 000070a9
[    1977.525068] /dev/input/event1: 0000 0000 00000000
[    1977.549166] /dev/input/event1: 0003 0035 00004573
[    1977.549166] /dev/input/event1: 0000 0000 00000000
[    1977.627387] /dev/input/event1: 0003 003a 00000000
[    1977.627387] /dev/input/event1: 0003 0039 ffffffff
[    1977.627387] /dev/input/event1: 0000 0000 00000000
[    1978.510917] /dev/input/event1: 0003 0039 00000000
[    1978.510917] /dev/input/event1: 0003 0035 00003a12
[    1978.510917] /dev/input/event1: 0003 0036 00004ebb
[    1978.510917] /dev/input/event1: 0003 003a 00000400
[    1978.510917] /dev/input/event1: 0000 0000 00000000
[    1978.593650] /dev/input/event1: 0003 003a 00000000
[    1978.593650] /dev/input/event1: 0003 0039 ffffffff
[    1978.593650] /dev/input/event1: 0000 0000 00000000
[    1979.308554] /dev/input/event1: 0003 0039 00000000
[    1979.308554] /dev/input/event1: 0003 0035 000020d4
[    1979.308554] /dev/input/event1: 0003 0036 00004fcc
[    1979.308554] /dev/input/event1: 0003 003a 00000400
[    1979.308554] /dev/input/event1: 0000 0000 00000000
[    1979.416293] /dev/input/event1: 0003 003a 00000000
[    1979.416293] /dev/input/event1: 0003 0039 ffffffff
[    1979.416293] /dev/input/event1: 0000 0000 00000000
[    1980.150273] /dev/input/event1: 0003 0039 00000000
[    1980.150273] /dev/input/event1: 0003 0035 00001b23
[    1980.150273] /dev/input/event1: 0003 0036 00005aff
[    1980.150273] /dev/input/event1: 0003 003a 00000400
[    1980.150273] /dev/input/event1: 0000 0000 00000000
[    1980.261472] /dev/input/event1: 0003 003a 00000000
[    1980.261472] /dev/input/event1: 0003 0039 ffffffff
[    1980.261472] /dev/input/event1: 0000 0000 00000000
[    1980.916491] /dev/input/event1: 0003 0039 00000000
[    1980.916491] /dev/input/event1: 0003 0035 00003cea
[    1980.916491] /dev/input/event1: 0003 0036 00005110
[    1980.916491] /dev/input/event1: 0003 003a 00000400
[    1980.916491] /dev/input/event1: 0000 0000 00000000
[    1981.025724] /dev/input/event1: 0003 003a 00000000
[    1981.025724] /dev/input/event1: 0003 0039 ffffffff
[    1981.025724] /dev/input/event1: 0000 0000 00000000
[    1982.008987] /dev/input/event1: 0003 0039 00000000
[    1982.008987] /dev/input/event1: 0003 0035 00003d45
[    1982.008987] /dev/input/event1: 0003 0036 00003743
[    1982.008987] /dev/input/event1: 0003 003a 00000400
[    1982.008987] /dev/input/event1: 0000 0000 00000000
[    1982.126317] /dev/input/event1: 0003 003a 00000000
[    1982.126317] /dev/input/event1: 0003 0039 ffffffff
[    1982.126317] /dev/input/event1: 0000 0000 00000000
[    1983.616717] /dev/input/event1: 0003 0039 00000000
[    1983.616717] /dev/input/event1: 0003 0035 00003a12
[    1983.616717] /dev/input/event1: 0003 0036 00004f10
[    1983.616717] /dev/input/event1: 0003 003a 00000400
[    1983.616717] /dev/input/event1: 0000 0000 00000000
[    1983.679372] /dev/input/event1: 0003 003a 00000000
[    1983.679372] /dev/input/event1: 0003 0039 ffffffff
[    1983.679372] /dev/input/event1: 0000 0000 00000000
[    1984.314204] /dev/input/event1: 0003 0039 00000000
[    1984.314204] /dev/input/event1: 0003 0035 00002079
[    1984.314204] /dev/input/event1: 0003 0036 00005054
[    1984.314204] /dev/input/event1: 0003 003a 00000400
[    1984.314204] /dev/input/event1: 0000 0000 00000000
[    1984.388372] /dev/input/event1: 0003 003a 00000000
[    1984.388372] /dev/input/event1: 0003 0039 ffffffff
[    1984.388372] /dev/input/event1: 0000 0000 00000000
[    1985.224283] /dev/input/event1: 0003 0039 00000000
[    1985.224283] /dev/input/event1: 0003 0035 00001a8c
[    1985.224283] /dev/input/event1: 0003 0036 00005c98
[    1985.224283] /dev/input/event1: 0003 003a 00000400
[    1985.224283] /dev/input/event1: 0000 0000 00000000
[    1985.302745] /dev/input/event1: 0003 003a 00000000
[    1985.302745] /dev/input/event1: 0003 0039 ffffffff
[    1985.302745] /dev/input/event1: 0000 0000 00000000
[    1985.908431] /dev/input/event1: 0003 0039 00000000
[    1985.908431] /dev/input/event1: 0003 0035 00003b05
[    1985.908431] /dev/input/event1: 0003 0036 00005021
[    1985.908431] /dev/input/event1: 0003 003a 00000400
[    1985.908431] /dev/input/event1: 0000 0000 00000000
[    1986.021425] /dev/input/event1: 0003 003a 00000000
[    1986.021425] /dev/input/event1: 0003 0039 ffffffff
[    1986.021425] /dev/input/event1: 0000 0000 00000000
[    1986.822296] /dev/input/event1: 0003 0039 00000000
[    1986.822296] /dev/input/event1: 0003 0035 000079f3
[    1986.822296] /dev/input/event1: 0003 0036 000050dd
[    1986.822296] /dev/input/event1: 0003 003a 00000400
[    1986.822296] /dev/input/event1: 0000 0000 00000000
[    1986.919301] /dev/input/event1: 0003 003a 00000000
[    1986.919301] /dev/input/event1: 0003 0039 ffffffff
[    1986.919301] /dev/input/event1: 0000 0000 00000000
[    1987.756411] /dev/input/event1: 0003 0039 00000000
[    1987.756411] /dev/input/event1: 0003 0035 000014db
[    1987.756411] /dev/input/event1: 0003 0036 00005110
[    1987.756411] /dev/input/event1: 0003 003a 00000400
[    1987.756411] /dev/input/event1: 0000 0000 00000000
[    1987.832631] /dev/input/event1: 0003 003a 00000000
[    1987.832631] /dev/input/event1: 0003 0039 ffffffff
[    1987.832631] /dev/input/event1: 0000 0000 00000000
[    1988.624027] /dev/input/event1: 0003 0039 00000000
[    1988.624027] /dev/input/event1: 0003 0035 00000b05
[    1988.624027] /dev/input/event1: 0003 0036 000070a9
[    1988.624027] /dev/input/event1: 0003 003a 00000400
[    1988.624027] /dev/input/event1: 0000 0000 00000000
[    1988.766984] /dev/input/event1: 0003 003a 00000000
[    1988.766984] /dev/input/event1: 0003 0039 ffffffff
[    1988.766984] /dev/input/event1: 0000 0000 00000000
[    1989.546321] /dev/input/event1: 0003 0039 00000000
[    1989.546321] /dev/input/event1: 0003 0035 00005b04
[    1989.546321] /dev/input/event1: 0003 0036 000065dd
[    1989.546321] /dev/input/event1: 0003 003a 00000400
[    1989.546321] /dev/input/event1: 0000 0000 00000000
[    1989.692218] /dev/input/event1: 0003 003a 00000000
[    1989.692218] /dev/input/event1: 0003 0039 ffffffff
[    1989.692218] /dev/input/event1: 0000 0000 00000000
[    1990.501991] /dev/input/event1: 0003 0039 00000000
[    1990.501991] /dev/input/event1: 0003 0035 000007d2
[    1990.501991] /dev/input/event1: 0003 0036 00005198
[    1990.501991] /dev/input/event1: 0003 003a 00000400
[    1990.501991] /dev/input/event1: 0000 0000 00000000
[    1990.573030] /dev/input/event1: 0003 003a 00000000
[    1990.573030] /dev/input/event1: 0003 0039 ffffffff
[    1990.573030] /dev/input/event1: 0000 0000 00000000
[    1991.210411] /dev/input/event1: 0003 0039 00000000
[    1991.210411] /dev/input/event1: 0003 0035 00001203
[    1991.210411] /dev/input/event1: 0003 0036 00005110
[    1991.210411] /dev/input/event1: 0003 003a 00000400
[    1991.210411] /dev/input/event1: 0000 0000 00000000
[    1991.333815] /dev/input/event1: 0003 003a 00000000
[    1991.333815] /dev/input/event1: 0003 0039 ffffffff
[    1991.333815] /dev/input/event1: 0000 0000 00000000
[    1992.018992] /dev/input/event1: 0003 0039 00000000
[    1992.018992] /dev/input/event1: 0003 0035 000051c6
[    1992.018992] /dev/input/event1: 0003 0036 00004332
[    1992.018992] /dev/input/event1: 0003 003a 00000400
[    1992.018992] /dev/input/event1: 0000 0000 00000000
[    1992.173781] /dev/input/event1: 0003 003a 00000000
[    1992.173781] /dev/input/event1: 0003 0039 ffffffff
[    1992.173781] /dev/input/event1: 0000 0000 00000000
[    1995.753225] /dev/input/event1: 0003 0039 00000000
[    1995.753225] /dev/input/event1: 0003 0035 00000a12
[    1995.753225] /dev/input/event1: 0003 0036 000009bb
[    1995.753225] /dev/input/event1: 0003 003a 00000400
[    1995.753225] /dev/input/event1: 0000 0000 00000000
[    1995.874143] /dev/input/event1: 0003 003a 00000000
[    1995.874143] /dev/input/event1: 0003 0039 ffffffff
[    1995.874143] /dev/input/event1: 0000 0000 00000000
[    1997.477514] /dev/input/event1: 0003 0039 00000000
[    1997.477514] /dev/input/event1: 0003 0035 0000193e
[    1997.477514] /dev/input/event1: 0003 0036 000051bb
[    1997.477514] /dev/input/event1: 0003 003a 00000400
[    1997.477514] /dev/input/event1: 0000 0000 00000000
[    1997.506304] /dev/input/event1: 0003 0035 000018e3
[    1997.506304] /dev/input/event1: 0003 0036 000051ee
[    1997.506304] /dev/input/event1: 0000 0000 00000000
[    1997.607121] /dev/input/event1: 0003 003a 00000000
[    1997.607121] /dev/input/event1: 0003 0039 ffffffff
[    1997.607121] /dev/input/event1: 0000 0000 00000000
[    1999.151971] /dev/input/event1: 0003 0039 00000000
[    1999.151971] /dev/input/event1: 0003 0035 000070d3
[    1999.151971] /dev/input/event1: 0003 0036 000019ee
[    1999.151971] /dev/input/event1: 0003 003a 00000400
[    1999.151971] /dev/input/event1: 0000 0000 00000000
[    1999.249888] /dev/input/event1: 0003 003a 00000000
[    1999.249888] /dev/input/event1: 0003 0039 ffffffff
[    1999.249888] /dev/input/event1: 0000 0000 00000000
[    2000.794215] /dev/input/event1: 0003 0039 00000000
[    2000.794215] /dev/input/event1: 0003 0035 000003ca
[    2000.794215] /dev/input/event1: 0003 0036 00000799
[    2000.794215] /dev/input/event1: 0003 003a 00000400
[    2000.794215] /dev/input/event1: 0000 0000 00000000
[    2000.893410] /dev/input/event1: 0003 003a 00000000
[    2000.893410] /dev/input/event1: 0003 0039 ffffffff
[    2000.893410] /dev/input/event1: 0000 0000 00000000
[    2002.314606] /dev/input/event1: 0003 0039 00000000
[    2002.314606] /dev/input/event1: 0003 0035 00001dfb
[    2002.314606] /dev/input/event1: 0003 0036 00003e88
[    2002.314606] /dev/input/event1: 0003 003a 00000400
[    2002.314606] /dev/input/event1: 0000 0000 00000000
[    2002.423791] /dev/input/event1: 0003 003a 00000000
[    2002.423791] /dev/input/event1: 0003 0039 ffffffff
[    2002.423791] /dev/input/event1: 0000 0000 00000000
[    2003.823561] /dev/input/event1: 0003 0039 00000000
[    2003.823561] /dev/input/event1: 0003 0035 00007869
[    2003.823561] /dev/input/event1: 0003 0036 00000966
[    2003.823561] /dev/input/event1: 0003 003a 00000400
[    2003.823561] /dev/input/event1: 0000 0000 00000000
[    2003.988515] /dev/input/event1: 0003 003a 00000000
[    2003.988515] /dev/input/event1: 0003 0039 ffffffff
[    2003.988515] /dev/input/event1: 0000 0000 00000000
[    2005.415457] /dev/input/event1: 0003 0039 00000000
[    2005.415457] /dev/input/event1: 0003 0035 0000397a
[    2005.415457] /dev/input/event1: 0003 0036 00004c43
[    2005.415457] /dev/input/event1: 0003 003a 00000400
[    2005.415457] /dev/input/event1: 0000 0000 00000000
[    2005.521309] /dev/input/event1: 0003 003a 00000000
[    2005.521309] /dev/input/event1: 0003 0039 ffffffff
[    2005.521309] /dev/input/event1: 0000 0000 00000000
[    2006.352407] /dev/input/event1: 0003 0039 00000000
[    2006.352407] /dev/input/event1: 0003 0035 0000212f
[    2006.352407] /dev/input/event1: 0003 0036 00004fcc
[    2006.352407] /dev/input/event1: 0003 003a 00000400
[    2006.352407] /dev/input/event1: 0000 0000 00000000
[    2006.393629] /dev/input/event1: 0003 003a 00000000
[    2006.393629] /dev/input/event1: 0003 0039 ffffffff
[    2006.393629] /dev/input/event1: 0000 0000 00000000
[    2007.106105] /dev/input/event1: 0003 0039 00000000
[    2007.106105] /dev/input/event1: 0003 0035 00001ac8
[    2007.106105] /dev/input/event1: 0003 0036 00005a76
[    2007.106105] /dev/input/event1: 0003 003a 00000400
[    2007.106105] /dev/input/event1: 0000 0000 00000000
[    2007.218771] /dev/input/event1: 0003 003a 00000000
[    2007.218771] /dev/input/event1: 0003 0039 ffffffff
[    2007.218771] /dev/input/event1: 0000 0000 00000000
[    2007.823424] /dev/input/event1: 0003 0039 00000000
[    2007.823424] /dev/input/event1: 0003 0035 000037f0
[    2007.823424] /dev/input/even