* daemon not running. starting it now at tcp:5037 *
* daemon started successfully *
add device 1: /dev/input/event0
  name:     "Power Button"
add device 2: /dev/input/event1
  name:     "qwerty2"
could not get driver version for /dev/input/mice, Not a typewriter
[   35153.555814] /dev/input/event1: 0003 003a 00000000
[   35153.555814] /dev/input/event1: 0003 0039 ffffffff
[   35153.555814] /dev/input/event1: 0000 0000 00000000
[   35154.514933] /dev/input/event1: 0003 0039 00000000
[   35154.514933] /dev/input/event1: 0003 0035 00006b41
[   35154.514933] /dev/input/event1: 0003 0036 00000844
[   35154.514933] /dev/input/event1: 0003 003a 00000400
[   35154.514933] /dev/input/event1: 0000 0000 00000000
[   35154.614364] /dev/input/event1: 0003 003a 00000000
[   35154.614364] /dev/input/event1: 0003 0039 ffffffff
[   35154.614364] /dev/input/event1: 0000 0000 00000000
[   35158.419434] /dev/input/event1: 0003 0039 00000000
[   35158.419434] /dev/input/event1: 0003 0035 00003b41
[   35158.419434] /dev/input/event1: 0003 0036 000070ee
[   35158.419434] /dev/input/event1: 0003 003a 00000400
[   35158.419434] /dev/input/event1: 0000 0000 00000000
[   35158.529442] /dev/input/event1: 0003 003a 00000000
[   35158.529442] /dev/input/event1: 0003 0039 ffffffff
[   35158.529442] /dev/input/event1: 0000 0000 00000000
[   35160.894304] /dev/input/event1: 0003 0039 00000000
[   35160.894304] /dev/input/event1: 0003 0035 0000238d
[   35160.894304] /dev/input/event1: 0003 0036 00002a55
[   35160.894304] /dev/input/event1: 0003 003a 00000400
[   35160.894304] /dev/input/event1: 0000 0000 00000000
[   35160.992835] /dev/input/event1: 0003 003a 00000000
[   35160.992835] /dev/input/event1: 0003 0039 ffffffff
[   35160.992835] /dev/input/event1: 0000 0000 00000000
[   35163.222999] /dev/input/event1: 0003 0039 00000000
[   35163.222999] /dev/input/event1: 0003 0035 00006d63
[   35163.222999] /dev/input/event1: 0003 0036 000009ee
[   35163.222999] /dev/input/event1: 0003 003a 00000400
[   35163.222999] /dev/input/event1: 0000 0000 00000000
[   35163.355386] /dev/input/event1: 0003 003a 00000000
[   35163.355386] /dev/input/event1: 0003 0039 ffffffff
[   35163.355386] /dev/input/event1: 0000 0000 00000000
[   35165.843604] /dev/input/event1: 0003 0039 00000000
[   35165.843604] /dev/input/event1: 0003 0035 00003eb1
[   35165.843604] /dev/input/event1: 0003 0036 000037ee
[   35165.843604] /dev/input/event1: 0003 003a 00000400
[   35165.843604] /dev/input/event1: 0000 0000 00000000
[   35166.019237] /dev/input/event1: 0003 003a 00000000
[   35166.019237] /dev/input/event1: 0003 0039 ffffffff
[   35166.019237] /dev/input/event1: 0000 0000 00000000
[   35167.723884] /dev/input/event1: 0003 0039 00000000
[   35167.723884] /dev/input/event1: 0003 0035 00000795
[   35167.723884] /dev/input/event1: 0003 0036 00006754
[   35167.723884] /dev/input/event1: 0003 003a 00000400
[   35167.723884] /dev/input/event1: 0000 0000 00000000
[   35167.844684] /dev/input/event1: 0003 003a 00000000
[   35167.844684] /dev/input/event1: 0003 0039 ffffffff
[   35167.844684] /dev/input/event1: 0000 0000 00000000
[   35168.498362] /dev/input/event1: 0003 0039 00000000
[   35168.498362] /dev/input/event1: 0003 0035 00002c53
[   35168.498362] /dev/input/event1: 0003 0036 00004dbb
[   35168.498362] /dev/input/event1: 0003 003a 00000400
[   35168.498362] /dev/input/event1: 0000 0000 00000000
[   35168.586367] /dev/input/event1: 0003 003a 00000000
[   35168.586367] /dev/input/event1: 0003 0039 ffffffff
[   35168.586367] /dev/input/event1: 0000 0000 00000000
[   35169.174083] /dev/input/event1: 0003 0039 00000000
[   35169.174083] /dev/input/event1: 0003 0035 0000238d
[   35169.174083] /dev/input/event1: 0003 0036 000051bb
[   35169.174083] /dev/input/event1: 0003 003a 00000400
[   35169.174083] /dev/input/event1: 0000 0000 00000000
[   35169.249590] /dev/input/event1: 0003 003a 00000000
[   35169.249590] /dev/input/event1: 0003 0039 ffffffff
[   35169.249590] /dev/input/event1: 0000 0000 00000000
[   35170.063781] /dev/input/event1: 0003 0039 00000000
[   35170.063781] /dev/input/event1: 0003 0035 00007ccb
[   35170.063781] /dev/input/event1: 0003 0036 00005232
[   35170.063781] /dev/input/event1: 0003 003a 00000400
[   35170.063781] /dev/input/event1: 0000 0000 00000000
[   35170.160269] /dev/input/event1: 0003 003a 00000000
[   35170.160269] /dev/input/event1: 0003 0039 ffffffff
[   35170.160269] /dev/input/event1: 0000 0000 00000000
[   35170.929381] /dev/input/event1: 0003 0039 00000000
[   35170.929381] /dev/input/event1: 0003 0035 00002d27
[   35170.929381] /dev/input/event1: 0003 0036 00005143
[   35170.929381] /dev/input/event1: 0003 003a 00000400
[   35170.929381] /dev/input/event1: 0000 0000 00000000
[   35171.016463] /dev/input/event1: 0003 003a 00000000
[   35171.016463] /dev/input/event1: 0003 0039 ffffffff
[   35171.016463] /dev/input/event1: 0000 0000 00000000
[   35171.716996] /dev/input/event1: 0003 0039 00000000
[   35171.716996] /dev/input/event1: 0003 0035 00006ddd
[   35171.716996] /dev/input/event1: 0003 0036 00004f21
[   35171.716996] /dev/input/event1: 0003 003a 00000400
[   35171.716996] /dev/input/event1: 0000 0000 00000000
[   35171.802354] /dev/input/event1: 0003 003a 00000000
[   35171.802354] /dev/input/event1: 0003 0039 ffffffff
[   35171.802354] /dev/input/event1: 0000 0000 00000000
[   35172.771176] /dev/input/event1: 0003 0039 00000000
[   35172.771176] /dev/input/event1: 0003 0035 0000238d
[   35172.771176] /dev/input/event1: 0003 0036 00005bcc
[   35172.771176] /dev/input/event1: 0003 003a 00000400
[   35172.771176] /dev/input/event1: 0000 0000 00000000
[   35172.893602] /dev/input/event1: 0003 003a 00000000
[   35172.893602] /dev/input/event1: 0003 0039 ffffffff
[   35172.893602] /dev/input/event1: 0000 0000 00000000
[   35173.558411] /dev/input/event1: 0003 0039 00000000
[   35173.558411] /dev/input/event1: 0003 0035 0000573a
[   35173.558411] /dev/input/event1: 0003 0036 00005010
[   35173.558411] /dev/input/event1: 0003 003a 00000400
[   35173.558411] /dev/input/event1: 0000 0000 00000000
[   35173.661422] /dev/input/event1: 0003 003a 00000000
[   35173.661422] /dev/input/event1: 0003 0039 ffffffff
[   35173.661422] /dev/input/event1: 0000 0000 00000000
[   35174.315455] /dev/input/event1: 0003 0039 00000000
[   35174.315455] /dev/input/event1: 0003 0035 000035ec
[   35174.315455] /dev/input/event1: 0003 0036 00006665
[   35174.315455] /dev/input/event1: 0003 003a 00000400
[   35174.315455] /dev/input/event1: 0000 0000 00000000
[   35174.414294] /dev/input/event1: 0003 003a 00000000
[   35174.414294] /dev/input/event1: 0003 0039 ffffffff
[   35174.414294] /dev/input/event1: 0000 0000 00000000
[   35174.967706] /dev/input/event1: 0003 0039 00000000
[   35174.967706] /dev/input/event1: 0003 0035 00003b41
[   35174.967706] /dev/input/event1: 0003 0036 000050ff
[   35174.967706] /dev/input/event1: 0003 003a 00000400
[   35174.967706] /dev/input/event1: 0000 0000 00000000
[   35175.078774] /dev/input/event1: 0003 003a 00000000
[   35175.078774] /dev/input/event1: 0003 0039 ffffffff
[   35175.078774] /dev/input/event1: 0000 0000 00000000
[   35175.779458] /dev/input/event1: 0003 0039 00000000
[   35175.779458] /dev/input/event1: 0003 0035 00005fff
[   35175.779458] /dev/input/event1: 0003 0036 00005143
[   35175.779458] /dev/input/event1: 0003 003a 00000400
[   35175.779458] /dev/input/event1: 0000 0000 00000000
[   35175.857365] /dev/input/event1: 0003 003a 00000000
[   35175.857365] /dev/input/event1: 0003 0039 ffffffff
[   35175.857365] /dev/input/event1: 0000 0000 00000000
[   35176.465182] /dev/input/event1: 0003 0039 00000000
[   35176.465182] /dev/input/event1: 0003 0035 00006fe0
[   35176.465182] /dev/input/event1: 0003 0036 00005010
[   35176.465182] /dev/input/event1: 0003 003a 00000400
[   35176.465182] /dev/input/event1: 0000 0000 00000000
[   35176.561174] /dev/input/event1: 0003 003a 00000000
[   35176.561174] /dev/input/event1: 0003 0039 ffffffff
[   35176.561174] /dev/input/event1: 0000 0000 00000000
[   35177.169663] /dev/input/event1: 0003 0039 00000000
[   35177.169663] /dev/input/event1: 0003 0035 00005bd9
[   35177.169663] /dev/input/event1: 0003 0036 000066dd
[   35177.169663] /dev/input/event1: 0003 003a 00000400
[   35177.169663] /dev/input/event1: 0000 0000 00000000
[   35177.259877] /dev/input/event1: 0003 003a 00000000
[   35177.259877] /dev/input/event1: 0003 0039 ffffffff
[   35177.259877] /dev/input/event1: 0000 0000 00000000
[   35177.869979] /dev/input/event1: 0003 0039 00000000
[   35177.869979] /dev/input/event1: 0003 0035 00003f0c
[   35177.869979] /dev/input/event1: 0003 0036 00006fff
[   35177.869979] /dev/input/event1: 0003 003a 00000400
[   35177.869979] /dev/input/event1: 0000 0000 00000000
[   35177.959312] /dev/input/event1: 0003 003a 00000000
[   35177.959312] /dev/input/event1: 0003 0039 ffffffff
[   35177.959312] /dev/input/event1: 0000 0000 00000000
[   35178.682161] /dev/input/event1: 0003 0039 00000000
[   35178.682161] /dev/input/event1: 0003 0035 0000393e
[   35178.682161] /dev/input/event1: 0003 0036 00004fdd
[   35178.682161] /dev/input/event1: 0003 003a 00000400
[   35178.682161] /dev/input/event1: 0000 0000 00000000
[   35178.756111] /dev/input/event1: 0003 003a 00000000
[   35178.756111] /dev/input/event1: 0003 0039 ffffffff
[   35178.756111] /dev/input/event1: 0000 0000 00000000
[   35179.250924] /dev/input/event1: 0003 0039 00000000
[   35179.250924] /dev/input/event1: 0003 0035 000021e5
[   35179.250924] /dev/input/event1: 0003 0036 00005176
[   35179.250924] /dev/input/event1: 0003 003a 00000400
[   35179.250924] /dev/input/event1: 0000 0000 00000000
[   35179.344541] /dev/input/event1: 0003 003a 00000000
[   35179.344541] /dev/input/event1: 0003 0039 ffffffff
[   35179.344541] /dev/input/event1: 0000 0000 00000000
[   35179.882817] /dev/input/event1: 0003 0039 00000000
[   35179.882817] /dev/input/event1: 0003 0035 000018a6
[   35179.882817] /dev/input/event1: 0003 0036 00005bcc
[   35179.882817] /dev/input/event1: 0003 003a 00000400
[   35179.882817] /dev/input/event1: 0000 0000 00000000
[   35179.983956] /dev/input/event1: 0003 003a 00000000
[   35179.983956] /dev/input/event1: 0003 0039 ffffffff
[   35179.983956] /dev/input/event1: 0000 0000 00000000
[   35180.626855] /dev/input/event1: 0003 0039 00000000
[   35180.626855] /dev/input/event1: 0003 0035 00003999
[   35180.626855] /dev/input/event1: 0003 0036 00005087
[   35180.626855] /dev/input/event1: 0003 003a 00000400
[   35180.626855] /dev/input/event1: 0000 0000 00000000
[   35180.714372] /dev/input/event1: 0003 003a 00000000
[   35180.714372] /dev/input/event1: 0003 0039 ffffffff
[   35180.714372] /dev/input/event1: 0000 0000 00000000
[   35181.593702] /dev/input/event1: 0003 0039 00000000
[   35181.593702] /dev/input/event1: 0003 0035 00003c34
[   35181.593702] /dev/input/event1: 0003 0036 00003643
[   35181.593702] /dev/input/event1: 0003 003a 00000400
[   35181.593702] /dev/input/event1: 0000 0000 00000000
[   35181.684089] /dev/input/event1: 0003 003a 00000000
[   35181.684089] /dev/input/event1: 0003 0039 ffffffff
[   35181.684089] /dev/input/event1: 0000 0000 00000000
[   35182.596182] /dev/input/event1: 0003 0039 00000000
[   35182.596182] /dev/input/event1: 0003 0035 000038c4
[   35182.596182] /dev/input/event1: 0003 0036 000051ee
[   35182.596182] /dev/input/event1: 0003 003a 00000400
[   35182.596182] /dev/input/event1: 0000 0000 00000000
[   35182.683840] /dev/input/event1: 0003 003a 00000000
[   35182.683840] /dev/input/event1: 0003 0039 ffffffff
[   35182.683840] /dev/input/event1: 0000 0000 00000000
[   35183.359833] /dev/input/event1: 0003 0039 00000000
[   35183.359833] /dev/input/event1: 0003 0035 000021e5
[   35183.359833] /dev/input/event1: 0003 0036 00005010
[   35183.359833] /dev/input/event1: 0003 003a 00000400
[   35183.359833] /dev/input/event1: 0000 0000 00000000
[   35183.424313] /dev/input/event1: 0003 003a 00000000
[   35183.424313] /dev/input/event1: 0003 0039 ffffffff
[   35183.424313] /dev/input/event1: 0000 0000 00000000
[   35184.047153] /dev/input/event1: 0003 0039 00000000
[   35184.047153] /dev/input/event1: 0003 0035 00001777
[   35184.047153] /dev/input/event1: 0003 0036 00005a65
[   35184.047153] /dev/input/event1: 0003 003a 00000400
[   35184.047153] /dev/input/event1: 0000 0000 00000000
[   35184.134870] /dev/input/event1: 0003 003a 00000000
[   35184.134870] /dev/input/event1: 0003 0039 ffffffff
[   35184.134870] /dev/input/event1: 0000 0000 00000000
[   35184.809980] /dev/input/event1: 0003 0039 00000000
[   35184.809980] /dev/input/event1: 0003 0035 000036c0
[   35184.809980] /dev/input/event1: 0003 0036 00005087
[   35184.809980] /dev/input/event1: 0003 003a 00000400
[   35184.809980] /dev/input/event1: 0000 0000 00000000
[   35184.909338] /dev/input/event1: 0003 003a 00000000
[   35184.909338] /dev/input/event1: 0003 0039 ffffffff
[   35184.909338] /dev/input/event1: 0000 0000 00000000
[   35185.712426] /dev/input/event1: 0003 0039 00000000
[   35185.712426] /dev/input/event1: 0003 0035 0000797a
[   35185.712426] /dev/input/event1: 0003 0036 00005232
[   35185.712426] /dev/input/event1: 0003 003a 00000400
[   35185.712426] /dev/input/event1: 0000 0000 00000000
[   35185.799061] /dev/input/event1: 0003 003a 00000000
[   35185.799061] /dev/input/event1: 0003 0039 ffffffff
[   35185.799061] /dev/input/event1: 0000 0000 00000000
[   35187.457538] /dev/input/event1: 0003 0039 00000000
[   35187.457538] /dev/input/event1: 0003 0035 00000fe1
[   35187.457538] /dev/input/event1: 0003 0036 00005143
[   35187.457538] /dev/input/event1: 0003 003a 00000400
[   35187.457538] /dev/input/event1: 0000 0000 00000000
[   35187.532084] /dev/input/event1: 0003 003a 00000000
[   35187.532084] /dev/input/event1: 0003 0039 ffffffff
[   35187.532084] /dev/input/event1: 0000 0000 00000000
[   35188.131739] /dev/input/event1: 0003 0039 00000000
[   35188.131739] /dev/input/event1: 0003 0035 00000d09
[   35188.131739] /dev/input/event1: 0003 0036 00007221
[   35188.131739] /dev/input/event1: 0003 003a 00000400
[   35188.131739] /dev/input/event1: 0000 0000 00000000
[   35188.231793] /dev/input/event1: 0003 003a 00000000
[   35188.231793] /dev/input/event1: 0003 0039 ffffffff
[   35188.231793] /dev/input/event1: 0000 0000 00000000
[   35188.971056] /dev/input/event1: 0003 0039 00000000
[   35188.971056] /dev/input/event1: 0003 0035 00005b7e
[   35188.971056] /dev/input/event1: 0003 0036 00006698
[   35188.971056] /dev/input/event1: 0003 003a 00000400
[   35188.971056] /dev/input/event1: 0000 0000 00000000
[   35189.072477] /dev/input/event1: 0003 003a 00000000
[   35189.072477] /dev/input/event1: 0003 0039 ffffffff
[   35189.072477] /dev/input/event1: 0000 0000 00000000
[   35189.863766] /dev/input/event1: 0003 0039 00000000
[   35189.863766] /dev/input/event1: 0003 0035 0000086a
[   35189.863766] /dev/input/event1: 0003 0036 000051bb
[   35189.863766] /dev/input/event1: 0003 003a 00000400
[   35189.863766] /dev/input/event1: 0000 0000 00000000
[   35189.952078] /dev/input/event1: 0003 003a 00000000
[   35189.952078] /dev/input/event1: 0003 0039 ffffffff
[   35189.952078] /dev/input/event1: 0000 0000 00000000
[   35190.423305] /dev/input/event1: 0003 0039 00000000
[   35190.423305] /dev/input/event1: 0003 0035 0000112f
[   35190.423305] /dev/input/event1: 0003 0036 000050ff
[   35190.423305] /dev/input/event1: 0003 003a 00000400
[   35190.423305] /dev/input/event1: 0000 0000 00000000
[   35190.490038] /dev/input/event1: 0003 003a 00000000
[   35190.490038] /dev/input/event1: 0003 0039 ffffffff
[   35190.490038] /dev/input/event1: 0000 0000 00000000
[   35191.169522] /dev/input/event1: 0003 0039 00000000
[   35191.169522] /dev/input/event1: 0003 0035 0000614c
[   35191.169522] /dev/input/event1: 0003 0036 00004276
[   35191.169522] /dev/input/event1: 0003 003a 00000400
[   35191.169522] /dev/input/event1: 0000 0000 00000000
[   35191.289635] /dev/input/event1: 0003 003a 00000000
[   35191.289635] /dev/input/event1: 0003 0039 ffffffff
[   35191.289635] /dev/input/event1: 0000 0000 00000000
[   35195.193083] /dev/input/event1: 0003 0039 00000000
[   35195.193083] /dev/input/event1: 0003 0035 00003ddd
[   35195.193083] /dev/input/event1: 0003 0036 00007c65
[   35195.193083] /dev/input/event1: 0003 003a 00000400
[   35195.193083] /dev/input/event1: 0000 0000 00000000
[   35195.283337] /dev/input/event1: 0003 003a 00000000
[   35195.283337] /dev/input/event1: 0003 0039 ffffffff
[   35195.283337] /dev/input/event1: 0000 0000 00000000
[   35196.692310] /dev/input/event1: 0003 0039 00000000
[   35196.692310] /dev/input/event1: 0003 0035 000017d2
[   35196.692310] /dev/input/event1: 0003 0036 00004243
[   35196.692310] /dev/input/event1: 0003 003a 00000400
[   35196.692310] /dev/input/event1: 0000 0000 00000000
[   35196.783390] /dev/input/event1: 0003 003a 00000000
[   35196.783390] /dev/input/event1: 0003 0039 ffffffff
[   35196.783390] /dev/input/event1: 0000 0000 00000000
[   35198.921037] /dev/input/event1: 0003 0039 00000000
[   35198.921037] /dev/input/event1: 0003 0035 0000538d
[   35198.921037] /dev/input/event1: 0003 0036 00007121
[   35198.921037] /dev/input/event1: 0003 003a 00000400
[   35198.921037] /dev/input/event1: 0000 0000 00000000
[   35199.053828] /dev/input/event1: 0003 0036 000070ee
[   35199.053828] /dev/input/event1: 0000 0000 00000000
[   35199.063734] /dev/input/event1: 0003 0035 000053e8
[   35199.063734] /dev/input/event1: 0003 0036 00007076
[   35199.063734] /dev/input/event1: 0000 0000 00000000
[   35199.075126] /dev/input/event1: 0003 0036 00006fff
[   35199.075126] /dev/input/event1: 0000 0000 00000000
[   35199.084396] /dev/input/event1: 0003 0036 00006f43
[   35199.084396] /dev/input/event1: 0000 0000 00000000
[   35199.095844] /dev/input/event1: 0003 0035 00005461
[   35199.095844] /dev/input/event1: 0003 0036 00006e54
[   35199.095844] /dev/input/event1: 0000 0000 00000000
[   35199.107787] /dev/input/event1: 0003 0036 00006ddd
[   35199.107787] /dev/input/event1: 0000 0000 00000000
[   35199.121172] /dev/input/event1: 0003 0035 000054bc
[   35199.121172] /dev/input/event1: 0003 0036 00006d32
[   35199.121172] /dev/input/event1: 0000 0000 00000000
[   35199.128953] /dev/input/event1: 0003 0036 00006cba
[   35199.128953] /dev/input/event1: 0000 0000 00000000
[   35199.143152] /dev/input/event1: 0003 0036 00006bff
[   35199.143152] /dev/input/event1: 0000 0000 00000000
[   35199.152753] /dev/input/event1: 0003 0036 00006b87
[   35199.152753] /dev/input/event1: 0000 0000 00000000
[   35199.162617] /dev/input/event1: 0003 0036 00006b10
[   35199.162617] /dev/input/event1: 0000 0000 00000000
[   35199.193469] /dev/input/event1: 0003 0035 00005536
[   35199.193469] /dev/input/event1: 0003 0036 00006965
[   35199.193469] /dev/input/event1: 0000 0000 00000000
[   35199.197137] /dev/input/event1: 0003 0035 00005591
[   35199.197137] /dev/input/event1: 0003 0036 000067ff
[   35199.197137] /dev/input/event1: 0000 0000 00000000
[   35199.208851] /dev/input/event1: 0003 0035 0000560a
[   35199.208851] /dev/input/event1: 0003 0036 00006710
[   35199.208851] /dev/input/event1: 0000 0000 00000000
[   35199.220933] /dev/input/event1: 0003 0035 00005665
[   35199.220933] /dev/input/event1: 0003 0036 00006565
[   35199.220933] /dev/input/event1: 0000 0000 00000000
[   35199.231408] /dev/input/event1: 0003 0036 00006387
[   35199.231408] /dev/input/event1: 0000 0000 00000000
[   35199.241899] /dev/input/event1: 0003 0036 000062dd
[   35199.241899] /dev/input/event1: 0000 0000 00000000
[   35199.252827] /dev/input/event1: 0003 0036 000061ee
[   35199.252827] /dev/input/event1: 0000 0000 00000000
[   35199.264662] /dev/input/event1: 0003 0036 000060ff
[   35199.264662] /dev/input/event1: 0000 0000 00000000
[   35199.276338] /dev/input/event1: 0003 0036 00006043
[   35199.276338] /dev/input/event1: 0000 0000 00000000
[   35199.286383] /dev/input/event1: 0003 0036 00005f54
[   35199.286383] /dev/input/event1: 0000 0000 00000000
[   35199.297801] /dev/input/event1: 0003 0036 00005edd
[   35199.297801] /dev/input/event1: 0000 0000 00000000
[   35199.311182] /dev/input/event1: 0003 0036 00005e21
[   35199.311182] /dev/input/event1: 0000 0000 00000000
[   35199.321163] /dev/input/event1: 0003 0036 00005d32
[   35199.321163] /dev/input/event1: 0000 0000 00000000
[   35199.331484] /dev/input/event1: 0003 0035 000056df
[   35199.331484] /dev/input/event1: 0003 0036 00005c10
[   35199.331484] /dev/input/event1: 0000 0000 00000000
[   35199.344369] /dev/input/event1: 0003 0035 0000573a
[   35199.344369] /dev/input/event1: 0003 0036 00005add
[   35199.344369] /dev/input/event1: 0000 0000 00000000
[   35199.354789] /dev/input/event1: 0003 0036 00005976
[   35199.354789] /dev/input/event1: 0000 0000 00000000
[   35199.365157] /dev/input/event1: 0003 0036 000057cc
[   35199.365157] /dev/input/event1: 0000 0000 00000000
[   35199.377807] /dev/input/event1: 0003 0035 000057b3
[   35199.377807] /dev/input/event1: 0003 0036 000056a9
[   35199.377807] /dev/input/event1: 0000 0000 00000000
[   35199.388486] /dev/input/event1: 0003 0036 000054ff
[   35199.388486] /dev/input/event1: 0000 0000 00000000
[   35199.444759] /dev/input/event1: 0003 0035 0000580e
[   35199.444759] /dev/input/event1: 0003 0036 00005265
[   35199.444759] /dev/input/event1: 0000 0000 00000000
[   35199.460400] /dev/input/event1: 0003 0036 00005176
[   35199.460400] /dev/input/event1: 0000 0000 00000000
[   35199.478550] /dev/input/event1: 0003 0035 00005887
[   35199.478550] /dev/input/event1: 0003 0036 00005054
[   35199.478550] /dev/input/event1: 0000 0000 00000000
[   35199.493702] /dev/input/event1: 0003 0036 00004f65
[   35199.493702] /dev/input/event1: 0000 0000 00000000
[   35199.511002] /dev/input/event1: 0003 0036 00004d43
[   35199.511002] /dev/input/event1: 0000 0000 00000000
[   35199.526582] /dev/input/event1: 0003 0036 00004b99
[   35199.526582] /dev/input/event1: 0000 0000 00000000
[   35199.543272] /dev/input/event1: 0003 0036 00004a32
[   35199.543272] /dev/input/event1: 0000 0000 00000000
[   35199.561097] /dev/input/event1: 0003 0036 00004899
[   35199.561097] /dev/input/event1: 0000 0000 00000000
[   35199.576941] /dev/input/event1: 0003 0036 00004799
[   35199.576941] /dev/input/event1: 0000 0000 00000000
[   35199.596094] /dev/input/event1: 0003 0035 00005901
[   35199.596094] /dev/input/event1: 0003 0036 000045bb
[   35199.596094] /dev/input/event1: 0000 0000 00000000
[   35199.609904] /dev/input/event1: 0003 0036 000044cc
[   35199.609904] /dev/input/event1: 0000 0000 00000000
[   35199.627481] /dev/input/event1: 0003 0036 000042bb
[   35199.627481] /dev/input/event1: 0000 0000 00000000
[   35199.643949] /dev/input/event1: 0003 0035 00005887
[   35199.643949] /dev/input/event1: 0003 0036 00004143
[   35199.643949] /dev/input/event1: 0000 0000 00000000
[   35199.661088] /dev/input/event1: 0003 0036 00003f32
[   35199.661088] /dev/input/event1: 0000 0000 00000000
[   35199.676458] /dev/input/event1: 0003 0036 00003dff
[   35199.676458] /dev/input/event1: 0000 0000 00000000
[   35199.694147] /dev/input/event1: 0003 0036 00003c21
[   35199.694147] /dev/input/event1: 0000 0000 00000000
[   35199.709958] /dev/input/event1: 0003 0036 00003aee
[   35199.709958] /dev/input/event1: 0000 0000 00000000
[   35199.727359] /dev/input/event1: 0003 0036 00003899
[   35199.727359] /dev/input/event1: 0000 0000 00000000
[   35199.727746] /dev/input/event1: 0003 0036 00003732
[   35199.727746] /dev/input/event1: 0000 0000 00000000
[   35199.728432] /dev/input/event1: 0003 0036 00003554
[   35199.728432] /dev/input/event1: 0000 0000 00000000
[   35199.737252] /dev/input/event1: 0003 0035 0000580e
[   35199.737252] /dev/input/event1: 0003 0036 00003465
[   35199.737252] /dev/input/event1: 0000 0000 00000000
[   35199.747774] /dev/input/event1: 0003 0036 000033ee
[   35199.747774] /dev/input/event1: 0000 0000 00000000
[   35199.760827] /dev/input/event1: 0003 0036 00003332
[   35199.760827] /dev/input/event1: 0000 0000 00000000
[   35199.771545] /dev/input/event1: 0003 0036 00003243
[   35199.771545] /dev/input/event1: 0000 0000 00000000
[   35199.781518] /dev/input/event1: 0003 0036 000031cc
[   35199.781518] /dev/input/event1: 0000 0000 00000000
[   35199.793498] /dev/input/event1: 0003 0036 00003121
[   35199.793498] /dev/input/event1: 0000 0000 00000000
[   35199.805073] /dev/input/event1: 0003 0036 00003066
[   35199.805073] /dev/input/event1: 0000 0000 00000000
[   35199.815247] /dev/input/event1: 0003 0036 00002fee
[   35199.815247] /dev/input/event1: 0000 0000 00000000
[   35199.827525] /dev/input/event1: 0003 0036 00002f32
[   35199.827525] /dev/input/event1: 0000 0000 00000000
[   35199.838844] /dev/input/event1: 0003 0036 00002e43
[   35199.838844] /dev/input/event1: 0000 0000 00000000
[   35199.849150] /dev/input/event1: 0003 0036 00002dcc
[   35199.849150] /dev/input/event1: 0000 0000 00000000
[   35199.860712] /dev/input/event1: 0003 0036 00002d54
[   35199.860712] /dev/input/event1: 0000 0000 00000000
[   35199.872658] /dev/input/event1: 0003 0036 00002c66
[   35199.872658] /dev/input/event1: 0000 0000 00000000
[   35199.882884] /dev/input/event1: 0003 0036 00002bbb
[   35199.882884] /dev/input/event1: 0000 0000 00000000
[   35199.895189] /dev/input/event1: 0003 0036 00002acc
[   35199.895189] /dev/input/event1: 0000 0000 00000000
[   35199.910152] /dev/input/event1: 0003 0036 000029dd
[   35199.910152] /dev/input/event1: 0000 0000 00000000
[   35199.916860] /dev/input/event1: 0003 0036 00002921
[   35199.916860] /dev/input/event1: 0000 0000 00000000
[   35199.928006] /dev/input/event1: 0003 0036 000027bb
[   35199.928006] /dev/input/event1: 0000 0000 00000000
[   35199.944165] /dev/input/event1: 0003 0036 000026ff
[   35199.944165] /dev/input/event1: 0000 0000 00000000
[   35199.950271] /dev/input/event1: 0003 0036 00002688
[   35199.950271] /dev/input/event1: 0000 0000 00000000
[   35199.961468] /dev/input/event1: 0003 0036 00002610
[   35199.961468] /dev/input/event1: 0000 0000 00000000
[   35199.977244] /dev/input/event1: 0003 0036 00002599
[   35199.977244] /dev/input/event1: 0000 0000 00000000
[   35199.984580] /dev/input/event1: 0003 0036 00002566
[   35199.984580] /dev/input/event1: 0000 0000 00000000
[   35199.995233] /dev/input/event1: 0003 0036 000024ee
[   35199.995233] /dev/input/event1: 0000 0000 00000000
[   35200.011201] /dev/input/event1: 0003 0035 00005887
[   35200.011201] /dev/input/event1: 0003 0036 000024aa
[   35200.011201] /dev/input/event1: 0000 0000 00000000
[   35200.017938] /dev/input/event1: 0003 0036 00002432
[   35200.017938] /dev/input/event1: 0000 0000 00000000
[   35200.029024] /dev/input/event1: 0003 0036 000023ff
[   35200.029024] /dev/input/event1: 0000 0000 00000000
[   35200.043288] /dev/input/event1: 0003 0036 00002377
[   35200.043288] /dev/input/event1: 0000 0000 00000000
[   35200.052876] /dev/input/event1: 0003 0036 000022ff
[   35200.052876] /dev/input/event1: 0000 0000 00000000
[   35200.062631] /dev/input/event1: 0003 0036 000022cc
[   35200.062631] /dev/input/event1: 0000 0000 00000000
[   35200.077726] /dev/input/event1: 0003 0036 00002288
[   35200.077726] /dev/input/event1: 0000 0000 00000000
[   35200.086248] /dev/input/event1: 0003 0036 00002210
[   35200.086248] /dev/input/event1: 0000 0000 00000000
[   35200.144925] /dev/input/event1: 0003 0036 00002166
[   35200.144925] /dev/input/event1: 0000 0000 00000000
[   35200.145528] /dev/input/event1: 0003 0036 000020ee
[   35200.145528] /dev/input/event1: 0000 0000 00000000
[   35200.146245] /dev/input/event1: 0003 0036 00001fbb
[   35200.146245] /dev/input/event1: 0000 0000 00000000
[   35200.153152] /dev/input/event1: 0003 0036 00001f44
[   35200.153152] /dev/input/event1: 0000 0000 00000000
[   35200.164538] /dev/input/event1: 0003 0036 00001f10
[   35200.164538] /dev/input/event1: 0000 0000 00000000
[   35200.177641] /dev/input/event1: 0003 0036 00001e99
[   35200.177641] /dev/input/event1: 0000 0000 00000000
[   35200.197651] /dev/input/event1: 0003 0036 00001e55
[   35200.197651] /dev/input/event1: 0000 0000 00000000
[   35200.221286] /dev/input/event1: 0003 0036 00001e21
[   35200.221286] /dev/input/event1: 0000 0000 00000000
[   35200.231668] /dev/input/event1: 0003 0036 00001ddd
[   35200.231668] /dev/input/event1: 0000 0000 00000000
[   35200.259822] /dev/input/event1: 0003 0036 00001daa
[   35200.259822] /dev/input/event1: 0000 0000 00000000
[   35200.265251] /dev/input/event1: 0003 0036 00001d66
[   35200.265251] /dev/input/event1: 0000 0000 00000000
[   35200.326963] /dev/input/event1: 0003 0036 00001d21
[   35200.326963] /dev/input/event1: 0000 0000 00000000
[   35200.327603] /dev/input/event1: 0003 0036 00001caa
[   35200.327603] /dev/input/event1: 0000 0000 00000000
[   35200.344359] /dev/input/event1: 0003 0036 00001c77
[   35200.344359] /dev/input/event1: 0000 0000 00000000
[   35200.389617] /dev/input/event1: 0003 0036 00001c32
[   35200.389617] /dev/input/event1: 0000 0000 00000000
[   35200.775277] /dev/input/event1: 0003 003a 00000000
[   35200.775277] /dev/input/event1: 0003 0039 ffffffff
[   35200.775277] /dev/input/event1: 0000 0000 00000000
[   35202.790681] /dev/input/event1: 0003 0039 00000000
[   35202.790681] /dev/input/event1: 0003 0035 00003f0c
[   35202.790681] /dev/input/event1: 0003 0036 00005932
[   35202.790681] /dev/input/event1: 0003 003a 00000400
[   35202.790681] /dev/input/event1: 0000 0000 00000000
[   35202.887968] /dev/input/event1: 0003 003a 00000000
[   35202.887968] /dev/input/event1: 0003 0039 ffffffff
[   35202.887968] /dev/input/event1: 0000 0000 00000000
[   35205.017796] /dev/input/event1: 0003 0039 00000000
[   35205.017796] /dev/input/event1: 0003 0035 00001ac8
[   35205.017796] /dev/input/event1: 0003 0036 00001877
[   35205.017796] /dev/input/event1: 0003 003a 00000400
[   35205.017796] /dev/input/event1: 0000 0000 00000000
[   35205.131442] /dev/input/event1: 0003 003a 00000000
[   35205.131442] /dev/input/event1: 0003 0039 ffffffff
[   35205.131442] /dev/input/event1: 0000 0000 00000000
[   35206.199802] /dev/input/event1: 0003 0039 00000000
[   35206.199802] /dev/input/event1: 0003 0035 00002110
[   35206.199802] /dev/input/event1: 0003 0036 00003499
[   35206.199802] /dev/input/event1: 0003 003a 00000400
[   35206.199802] /dev/input/event1: 0000 0000 00000000
[   35206.323563] /dev/input/event1: 0003 003a 00000000
[   35206.323563] /dev/input/event1: 0003 0039 ffffffff
[   35206.323563] /dev/input/event1: 0000 0000 00000000
[   35208.910510] /dev/input/event1: 0003 0039 00000000
[   35208.910510] /dev/input/event1: 0003 0035 000065ec
[   35208.910510] /dev/input/event1: 0003 0036 00007bba
[   35208.910510] /dev/input/event1: 0003 003a 00000400
[   35208.910510] /dev/input/event1: 0000 0000 00000000
[   35209.021537] /dev/input/event1: 0003 003a 00000000
[   35209.021537] /dev/input/event1: 0003 0039 ffffffff
[   35209.021537] /dev/input/event1: 0000 0000 00000000
[   35210.340906] /dev/input/event1: 0003 0039 00000000
[   35210.340906] /dev/input/event1: 0003 0035 00003c8f
[   35210.340906] /dev/input/event1: 0003 0036 00002743
[   35210.340906] /dev/input/event1: 0003 003a 00000400
[   35210.340906] /dev/input/event1: 0000 0000 00000000
[   35210.473556] /dev/input/event1: 0003 003a 00000000
[   35210.473556] /dev/input/event1: 0003 0039 ffffffff
[   35210.473556] /dev/input/event1: 0000 0000 00000000
[   35212.780915] /dev/input/event1: 0003 0039 00000000
[   35212.780915] /dev/input/event1: 0003 0035 00007c70
[   35212.780915] /dev/input/event1: 0003 0036 000009aa
[   35212.780915] /dev/input/event1: 0003 003a 00000400
[   35212.780915] /dev/input/event1: 0000 0000 00000000
[   35212.903133] /dev/input/event1: 0003 003a 00000000
[   35212.903133] /dev/input/event1: 0003 0039 ffffffff
[   35212.903133] /dev/input/event1: 0000 0000 00000000
[   35215.437646] /dev/input/event1: 0003 0039 00000000
[   35215.437646] /dev/input/event1: 0003 0035 000066c0
[   35215.437646] /dev/input/event1: 0003 0036 00002432
[   35215.437646] /dev/input/event1: 0003 003a 00000400
[   35215.437646] /dev/input/event1: 0000 0000 00000000
[   35215.737510] /dev/input/event1: 0003 003a 00000000
[   35215.737510] /dev/input/event1: 0003 0039 ffffffff
[   35215.737510] /dev/input/event1: 0000 0000 00000000
[   35216.174254] /dev/input/event1: 0003 0039 00000000
[   35216.174254] /dev/input/event1: 0003 0035 00004776
[   35216.174254] /dev/input/event1: 0003 0036 00004499
[   35216.174254] /dev/input/event1: 0003 003a 00000400
[   35216.174254] /dev/input/event1: 0000 0000 00000000
[   35216.522946] /dev/input/event1: 0003 0036 000044cc
[   35216.522946] /dev/input/event1: 0000 0000 00000000
[   35216.556779] /dev/input/event1: 0003 0036 00004499
[   35216.556779] /dev/input/event1: 0000 0000 00000000
[   35216.635413] /dev/input/event1: 0003 003a 00000000
[   35216.635413] /dev/input/event1: 0003 0039 ffffffff
[   35216.635413] /dev/input/event1: 0000 0000 00000000
[   35217.076130] /dev/input/event1: 0003 0039 00000000
[   35217.076130] /dev/input/event1: 0003 0035 00004629
[   35217.076130] /dev/input/event1: 0003 0036 00002743
[   35217.076130] /dev/input/event1: 0003 003a 00000400
[   35217.076130] /dev/input/event1: 0000 0000 00000000
[   35217.281742] /dev/input/event1: 0003 003a 00000000
[   35217.281742] /dev/input/event1: 0003 0039 ffffffff
[   35217.281742] /dev/input/event1: 0000 0000 00000000
[   35217.896460] /dev/input/event1: 0003 0039 00000000
[   35217.896460] /dev/input/event1: 0003 0035 0000425e
[   35217.896460] /dev/input/event1: 0003 0036 00005cbb
[   35217.896460] /dev/input/event1: 0003 003a 00000400
[   35217.896460] /dev/input/event1: 0000 0000 00000000
[   35218.131529] /dev/input/event1: 0003 003a 00000000
[   35218.131529] /dev/input/event1: 0003 0039 ffffffff
[   35218.131529] /dev/input/event1: 0000 0000 00000000
[   35218.233905] /dev/input/event1: 0003 0039 00000000
[   35218.233905] /dev/input/event1: 0003 0035 000019f4
[   35218.233905] /dev/input/event1: 0003 0036 000049bb
[   35218.233905] /dev/input/event1: 0003 003a 00000400
[   35218.233905] /dev/input/event1: 0000 0000 00000000
[   35218.243725] /dev/input/event1: 0003 003a 00000000
[   35218.243725] /dev/input/event1: 0003 0039 ffffffff
[   35218.243725] /dev/input/event1: 0000 0000 00000000
