add device 1: /dev/input/event0
  name:     "Power Button"
add device 2: /dev/input/event1
  name:     "qwerty2"
add device 3: /dev/input/event2
  name:     "goldfish_rotary"
[     775.245879] /dev/input/event1: 0003 0039 00000000
[     775.245879] /dev/input/event1: 0003 0035 00005dfb
[     775.245879] /dev/input/event1: 0003 0036 000059ee
[     775.245879] /dev/input/event1: 0003 003a 00000400
[     775.245879] /dev/input/event1: 0000 0000 00000000
[     775.342647] /dev/input/event1: 0003 003a 00000000
[     775.342647] /dev/input/event1: 0003 0039 ffffffff
[     775.342647] /dev/input/event1: 0000 0000 00000000
[     775.672724] /dev/input/event1: 0003 0039 00000000
[     775.672724] /dev/input/event1: 0003 0035 0000280e
[     775.672724] /dev/input/event1: 0003 003a 00000400
[     775.672724] /dev/input/event1: 0000 0000 00000000
[     775.737308] /dev/input/event1: 0003 0035 000027b3
[     775.737308] /dev/input/event1: 0000 0000 00000000
[     775.760259] /dev/input/event1: 0003 003a 00000000
[     775.760259] /dev/input/event1: 0003 0039 ffffffff
[     775.760259] /dev/input/event1: 0000 0000 00000000
[     776.560986] /dev/input/event1: 0003 0039 00000000
[     776.560986] /dev/input/event1: 0003 0035 000008c5
[     776.560986] /dev/input/event1: 0003 0036 000008bb
[     776.560986] /dev/input/event1: 0003 003a 00000400
[     776.560986] /dev/input/event1: 0000 0000 00000000
[     776.614754] /dev/input/event1: 0003 0035 0000086a
[     776.614754] /dev/input/event1: 0000 0000 00000000
[     776.638374] /dev/input/event1: 0003 003a 00000000
[     776.638374] /dev/input/event1: 0003 0039 ffffffff
[     776.638374] /dev/input/event1: 0000 0000 00000000
[     779.059554] /dev/input/event1: 0003 0039 00000000
[     779.059554] /dev/input/event1: 0003 0035 00007554
[     779.059554] /dev/input/event1: 0003 0036 00000cbb
[     779.059554] /dev/input/event1: 0003 003a 00000400
[     779.059554] /dev/input/event1: 0000 0000 00000000
[     779.136469] /dev/input/event1: 0003 003a 00000000
[     779.136469] /dev/input/event1: 0003 0039 ffffffff
[     779.136469] /dev/input/event1: 0000 0000 00000000
[     780.588650] /dev/input/event1: 0003 0039 00000000
[     780.588650] /dev/input/event1: 0003 0035 00004f67
[     780.588650] /dev/input/event1: 0003 0036 00002255
[     780.588650] /dev/input/event1: 0003 003a 00000400
[     780.588650] /dev/input/event1: 0000 0000 00000000
[     780.678388] /dev/input/event1: 0003 003a 00000000
[     780.678388] /dev/input/event1: 0003 0039 ffffffff
[     780.678388] /dev/input/event1: 0000 0000 00000000
[     782.659225] /dev/input/event1: 0003 0039 00000000
[     782.659225] /dev/input/event1: 0003 0035 000072d7
[     782.659225] /dev/input/event1: 0003 0036 00001a99
[     782.659225] /dev/input/event1: 0003 003a 00000400
[     782.659225] /dev/input/event1: 0000 0000 00000000
[     782.749462] /dev/input/event1: 0003 003a 00000000
[     782.749462] /dev/input/event1: 0003 0039 ffffffff
[     782.749462] /dev/input/event1: 0000 0000 00000000
[     783.991797] /dev/input/event1: 0003 0039 00000000
[     783.991797] /dev/input/event1: 0003 0035 00004e19
[     783.991797] /dev/input/event1: 0003 0036 00006665
[     783.991797] /dev/input/event1: 0003 003a 00000400
[     783.991797] /dev/input/event1: 0000 0000 00000000
[     784.004452] /dev/input/event1: 0003 0036 00006621
[     784.004452] /dev/input/event1: 0000 0000 00000000
[     784.028998] /dev/input/event1: 0003 0036 000065dd
[     784.028998] /dev/input/event1: 0000 0000 00000000
[     784.038374] /dev/input/event1: 0003 0036 00006532
[     784.038374] /dev/input/event1: 0000 0000 00000000
[     784.051686] /dev/input/event1: 0003 0035 00004da0
[     784.051686] /dev/input/event1: 0003 0036 00006443
[     784.051686] /dev/input/event1: 0000 0000 00000000
[     784.061714] /dev/input/event1: 0003 0036 00006387
[     784.061714] /dev/input/event1: 0000 0000 00000000
[     784.072035] /dev/input/event1: 0003 0035 00004ccc
[     784.072035] /dev/input/event1: 0003 0036 00006298
[     784.072035] /dev/input/event1: 0000 0000 00000000
[     784.086682] /dev/input/event1: 0003 0036 000061a9
[     784.086682] /dev/input/event1: 0000 0000 00000000
[     784.095065] /dev/input/event1: 0003 0035 00004c71
[     784.095065] /dev/input/event1: 0003 0036 00006043
[     784.095065] /dev/input/event1: 0000 0000 00000000
[     784.105925] /dev/input/event1: 0003 0035 00004b9c
[     784.105925] /dev/input/event1: 0003 0036 00005e98
[     784.105925] /dev/input/event1: 0000 0000 00000000
[     784.117861] /dev/input/event1: 0003 0036 00005d32
[     784.117861] /dev/input/event1: 0000 0000 00000000
[     784.128156] /dev/input/event1: 0003 0035 00004b23
[     784.128156] /dev/input/event1: 0003 0036 00005b54
[     784.128156] /dev/input/event1: 0000 0000 00000000
[     784.140051] /dev/input/event1: 0003 0036 000059a9
[     784.140051] /dev/input/event1: 0000 0000 00000000
[     784.150836] /dev/input/event1: 0003 0035 00004ac8
[     784.150836] /dev/input/event1: 0003 0036 000057cc
[     784.150836] /dev/input/event1: 0000 0000 00000000
[     784.164305] /dev/input/event1: 0003 0035 00004a4f
[     784.164305] /dev/input/event1: 0003 0036 00005454
[     784.164305] /dev/input/event1: 0000 0000 00000000
[     784.173000] /dev/input/event1: 0003 0035 000049f4
[     784.173000] /dev/input/event1: 0003 0036 000050cc
[     784.173000] /dev/input/event1: 0000 0000 00000000
[     784.186663] /dev/input/event1: 0003 0035 0000497a
[     784.186663] /dev/input/event1: 0003 0036 00004e32
[     784.186663] /dev/input/event1: 0000 0000 00000000
[     784.195725] /dev/input/event1: 0003 0036 00004b65
[     784.195725] /dev/input/event1: 0000 0000 00000000
[     784.207396] /dev/input/event1: 0003 0036 000048cc
[     784.207396] /dev/input/event1: 0000 0000 00000000
[     784.219106] /dev/input/event1: 0003 0036 00004765
[     784.219106] /dev/input/event1: 0000 0000 00000000
[     784.230126] /dev/input/event1: 0003 0036 000045bb
[     784.230126] /dev/input/event1: 0000 0000 00000000
[     784.244034] /dev/input/event1: 0003 0036 00004499
[     784.244034] /dev/input/event1: 0000 0000 00000000
[     784.252293] /dev/input/event1: 0003 0036 000042bb
[     784.252293] /dev/input/event1: 0000 0000 00000000
[     784.265946] /dev/input/event1: 0003 0036 000040cc
[     784.265946] /dev/input/event1: 0000 0000 00000000
[     784.274524] /dev/input/event1: 0003 0036 00003f65
[     784.274524] /dev/input/event1: 0000 0000 00000000
[     784.286028] /dev/input/event1: 0003 0036 00003d88
[     784.286028] /dev/input/event1: 0000 0000 00000000
[     784.297355] /dev/input/event1: 0003 0036 00003b65
[     784.297355] /dev/input/event1: 0000 0000 00000000
[     784.308818] /dev/input/event1: 0003 0036 000039cc
[     784.308818] /dev/input/event1: 0000 0000 00000000
[     784.323038] /dev/input/event1: 0003 0036 000037ee
[     784.323038] /dev/input/event1: 0000 0000 00000000
[     784.331214] /dev/input/event1: 0003 0036 00003643
[     784.331214] /dev/input/event1: 0000 0000 00000000
[     784.355028] /dev/input/event1: 0003 0036 00003510
[     784.355028] /dev/input/event1: 0000 0000 00000000
[     784.355373] /dev/input/event1: 0003 0036 000033aa
[     784.355373] /dev/input/event1: 0000 0000 00000000
[     784.365139] /dev/input/event1: 0003 0036 000032bb
[     784.365139] /dev/input/event1: 0000 0000 00000000
[     784.376441] /dev/input/event1: 0003 0036 00003121
[     784.376441] /dev/input/event1: 0000 0000 00000000
[     784.387559] /dev/input/event1: 0003 0036 00002eff
[     784.387559] /dev/input/event1: 0000 0000 00000000
[     784.399915] /dev/input/event1: 0003 0036 00002d21
[     784.399915] /dev/input/event1: 0000 0000 00000000
[     784.409634] /dev/input/event1: 0003 0036 00002acc
[     784.409634] /dev/input/event1: 0000 0000 00000000
[     784.422504] /dev/input/event1: 0003 0035 0000491f
[     784.422504] /dev/input/event1: 0003 0036 000028aa
[     784.422504] /dev/input/event1: 0000 0000 00000000
[     784.432289] /dev/input/event1: 0003 0036 00002743
[     784.432289] /dev/input/event1: 0000 0000 00000000
[     784.443146] /dev/input/event1: 0003 0036 00002599
[     784.443146] /dev/input/event1: 0000 0000 00000000
[     784.455074] /dev/input/event1: 0003 0036 000023ff
[     784.455074] /dev/input/event1: 0000 0000 00000000
[     784.467664] /dev/input/event1: 0003 0036 00002288
[     784.467664] /dev/input/event1: 0000 0000 00000000
[     784.477520] /dev/input/event1: 0003 0036 000020ee
[     784.477520] /dev/input/event1: 0000 0000 00000000
[     784.488872] /dev/input/event1: 0003 0036 00001f88
[     784.488872] /dev/input/event1: 0000 0000 00000000
[     784.504597] /dev/input/event1: 0003 0035 000048a6
[     784.504597] /dev/input/event1: 0003 0036 00001e99
[     784.504597] /dev/input/event1: 0000 0000 00000000
[     784.510878] /dev/input/event1: 0003 0036 00001d66
[     784.510878] /dev/input/event1: 0000 0000 00000000
[     784.524627] /dev/input/event1: 0003 0036 00001c77
[     784.524627] /dev/input/event1: 0000 0000 00000000
[     784.538103] /dev/input/event1: 0003 0036 00001b88
[     784.538103] /dev/input/event1: 0000 0000 00000000
[     784.547058] /dev/input/event1: 0003 0036 00001a55
[     784.547058] /dev/input/event1: 0000 0000 00000000
[     784.555559] /dev/input/event1: 0003 0036 00001933
[     784.555559] /dev/input/event1: 0000 0000 00000000
[     784.570036] /dev/input/event1: 0003 0036 000017ff
[     784.570036] /dev/input/event1: 0000 0000 00000000
[     784.581567] /dev/input/event1: 0003 0036 00001699
[     784.581567] /dev/input/event1: 0000 0000 00000000
[     784.590511] /dev/input/event1: 0003 0035 0000484b
[     784.590511] /dev/input/event1: 0003 0036 000015aa
[     784.590511] /dev/input/event1: 0000 0000 00000000
[     784.603673] /dev/input/event1: 0003 0036 00001444
[     784.603673] /dev/input/event1: 0000 0000 00000000
[     784.611810] /dev/input/event1: 0003 0036 00001310
[     784.611810] /dev/input/event1: 0000 0000 00000000
[     784.624108] /dev/input/event1: 0003 0035 000047d1
[     784.624108] /dev/input/event1: 0003 0036 00001299
[     784.624108] /dev/input/event1: 0000 0000 00000000
[     784.635102] /dev/input/event1: 0003 0036 00001221
[     784.635102] /dev/input/event1: 0000 0000 00000000
[     784.645954] /dev/input/event1: 0003 0036 000011aa
[     784.645954] /dev/input/event1: 0000 0000 00000000
[     784.657233] /dev/input/event1: 0003 0036 00001133
[     784.657233] /dev/input/event1: 0000 0000 00000000
[     784.668545] /dev/input/event1: 0003 0036 000010bb
[     784.668545] /dev/input/event1: 0000 0000 00000000
[     784.682223] /dev/input/event1: 0003 0036 00001077
[     784.682223] /dev/input/event1: 0000 0000 00000000
[     784.860311] /dev/input/event1: 0003 003a 00000000
[     784.860311] /dev/input/event1: 0003 0039 ffffffff
[     784.860311] /dev/input/event1: 0000 0000 00000000
[     785.683233] /dev/input/event1: 0003 0039 00000000
[     785.683233] /dev/input/event1: 0003 0035 000046a2
[     785.683233] /dev/input/event1: 0003 0036 00006754
[     785.683233] /dev/input/event1: 0003 003a 00000400
[     785.683233] /dev/input/event1: 0000 0000 00000000
[     785.692524] /dev/input/event1: 0003 0036 00006710
[     785.692524] /dev/input/event1: 0000 0000 00000000
[     785.703061] /dev/input/event1: 0003 0036 000066dd
[     785.703061] /dev/input/event1: 0000 0000 00000000
[     785.715091] /dev/input/event1: 0003 0036 00006621
[     785.715091] /dev/input/event1: 0000 0000 00000000
[     785.726259] /dev/input/event1: 0003 0036 00006565
[     785.726259] /dev/input/event1: 0000 0000 00000000
[     785.739486] /dev/input/event1: 0003 0036 00006476
[     785.739486] /dev/input/event1: 0000 0000 00000000
[     785.753323] /dev/input/event1: 0003 0036 000062dd
[     785.753323] /dev/input/event1: 0000 0000 00000000
[     785.759540] /dev/input/event1: 0003 0036 000060ff
[     785.759540] /dev/input/event1: 0000 0000 00000000
[     785.770915] /dev/input/event1: 0003 0035 00004629
[     785.770915] /dev/input/event1: 0003 0036 00005dee
[     785.770915] /dev/input/event1: 0000 0000 00000000
[     785.781909] /dev/input/event1: 0003 0035 000045ce
[     785.781909] /dev/input/event1: 0003 0036 00005a32
[     785.781909] /dev/input/event1: 0000 0000 00000000
[     785.795848] /dev/input/event1: 0003 0036 00005754
[     785.795848] /dev/input/event1: 0000 0000 00000000
[     785.804868] /dev/input/event1: 0003 0036 000053cc
[     785.804868] /dev/input/event1: 0000 0000 00000000
[     785.817890] /dev/input/event1: 0003 0036 00005087
[     785.817890] /dev/input/event1: 0000 0000 00000000
[     785.826971] /dev/input/event1: 0003 0036 00004dff
[     785.826971] /dev/input/event1: 0000 0000 00000000
[     785.838697] /dev/input/event1: 0003 0036 00004aaa
[     785.838697] /dev/input/event1: 0000 0000 00000000
[     785.853942] /dev/input/event1: 0003 0036 000047dd
[     785.853942] /dev/input/event1: 0000 0000 00000000
[     785.860930] /dev/input/event1: 0003 0036 00004632
[     785.860930] /dev/input/event1: 0000 0000 00000000
[     785.874208] /dev/input/event1: 0003 0035 00004629
[     785.874208] /dev/input/event1: 0003 0036 00004454
[     785.874208] /dev/input/event1: 0000 0000 00000000
[     785.884131] /dev/input/event1: 0003 0036 000042bb
[     785.884131] /dev/input/event1: 0000 0000 00000000
[     785.895207] /dev/input/event1: 0003 0036 00004188
[     785.895207] /dev/input/event1: 0000 0000 00000000
[     785.907006] /dev/input/event1: 0003 0036 00004021
[     785.907006] /dev/input/event1: 0000 0000 00000000
[     785.917458] /dev/input/event1: 0003 0036 00003f32
[     785.917458] /dev/input/event1: 0000 0000 00000000
[     785.928655] /dev/input/event1: 0003 0036 00003dff
[     785.928655] /dev/input/event1: 0000 0000 00000000
[     785.939905] /dev/input/event1: 0003 0036 00003d10
[     785.939905] /dev/input/event1: 0000 0000 00000000
[     785.952380] /dev/input/event1: 0003 0036 00003c21
[     785.952380] /dev/input/event1: 0000 0000 00000000
[     785.961954] /dev/input/event1: 0003 0036 00003aee
[     785.961954] /dev/input/event1: 0000 0000 00000000
[     785.973291] /dev/input/event1: 0003 0036 000039cc
[     785.973291] /dev/input/event1: 0000 0000 00000000
[     785.985049] /dev/input/event1: 0003 0036 00003910
[     785.985049] /dev/input/event1: 0000 0000 00000000
[     785.995918] /dev/input/event1: 0003 0036 00003821
[     785.995918] /dev/input/event1: 0000 0000 00000000
[     786.007678] /dev/input/event1: 0003 0036 00003732
[     786.007678] /dev/input/event1: 0000 0000 00000000
[     786.020206] /dev/input/event1: 0003 0036 00003688
[     786.020206] /dev/input/event1: 0000 0000 00000000
[     786.031427] /dev/input/event1: 0003 0036 000035cc
[     786.031427] /dev/input/event1: 0000 0000 00000000
[     786.040589] /dev/input/event1: 0003 0036 00003499
[     786.040589] /dev/input/event1: 0000 0000 00000000
[     786.054113] /dev/input/event1: 0003 0036 000033ee
[     786.054113] /dev/input/event1: 0000 0000 00000000
[     786.086263] /dev/input/event1: 0003 0036 00003332
[     786.086263] /dev/input/event1: 0000 0000 00000000
[     786.086414] /dev/input/event1: 0003 0036 00003243
[     786.086414] /dev/input/event1: 0000 0000 00000000
[     786.090704] /dev/input/event1: 0003 0036 00003199
[     786.090704] /dev/input/event1: 0000 0000 00000000
[     786.097274] /dev/input/event1: 0003 0036 000030aa
[     786.097274] /dev/input/event1: 0000 0000 00000000
[     786.111064] /dev/input/event1: 0003 0036 00002fee
[     786.111064] /dev/input/event1: 0000 0000 00000000
[     786.120168] /dev/input/event1: 0003 0036 00002ebb
[     786.120168] /dev/input/event1: 0000 0000 00000000
[     786.131042] /dev/input/event1: 0003 0036 00002d99
[     786.131042] /dev/input/event1: 0000 0000 00000000
[     786.143447] /dev/input/event1: 0003 0035 000045ce
[     786.143447] /dev/input/event1: 0003 0036 00002caa
[     786.143447] /dev/input/event1: 0000 0000 00000000
[     786.154233] /dev/input/event1: 0003 0036 00002bee
[     786.154233] /dev/input/event1: 0000 0000 00000000
[     786.164319] /dev/input/event1: 0003 0036 00002b77
[     786.164319] /dev/input/event1: 0000 0000 00000000
[     786.175636] /dev/input/event1: 0003 0036 00002b43
[     786.175636] /dev/input/event1: 0000 0000 00000000
[     786.187450] /dev/input/event1: 0003 0036 00002aff
[     786.187450] /dev/input/event1: 0000 0000 00000000
[     786.199185] /dev/input/event1: 0003 0036 00002a88
[     786.199185] /dev/input/event1: 0000 0000 00000000
[     786.212051] /dev/input/event1: 0003 0036 00002a55
[     786.212051] /dev/input/event1: 0000 0000 00000000
[     786.221084] /dev/input/event1: 0003 0036 00002a10
[     786.221084] /dev/input/event1: 0000 0000 00000000
[     786.233350] /dev/input/event1: 0003 0036 000029dd
[     786.233350] /dev/input/event1: 0000 0000 00000000
[     786.243660] /dev/input/event1: 0003 0036 00002955
[     786.243660] /dev/input/event1: 0000 0000 00000000
[     786.255846] /dev/input/event1: 0003 0036 00002921
[     786.255846] /dev/input/event1: 0000 0000 00000000
[     786.266059] /dev/input/event1: 0003 0036 000028dd
[     786.266059] /dev/input/event1: 0000 0000 00000000
[     786.278180] /dev/input/event1: 0003 0036 000028aa
[     786.278180] /dev/input/event1: 0000 0000 00000000
[     786.312760] /dev/input/event1: 0003 0036 00002866
[     786.312760] /dev/input/event1: 0000 0000 00000000
[     786.355809] /dev/input/event1: 0003 0036 00002832
[     786.355809] /dev/input/event1: 0000 0000 00000000
[     786.378679] /dev/input/event1: 0003 0036 000027ee
[     786.378679] /dev/input/event1: 0000 0000 00000000
[     786.401421] /dev/input/event1: 0003 0036 000027bb
[     786.401421] /dev/input/event1: 0000 0000 00000000
[     786.412036] /dev/input/event1: 0003 0036 00002777
[     786.412036] /dev/input/event1: 0000 0000 00000000
[     786.436573] /dev/input/event1: 0003 0036 00002743
[     786.436573] /dev/input/event1: 0000 0000 00000000
[     786.447878] /dev/input/event1: 0003 0035 00004554
[     786.447878] /dev/input/event1: 0003 0036 000026ff
[     786.447878] /dev/input/event1: 0000 0000 00000000
[     786.469991] /dev/input/event1: 0003 0036 000026cc
[     786.469991] /dev/input/event1: 0000 0000 00000000
[     786.705957] /dev/input/event1: 0003 003a 00000000
[     786.705957] /dev/input/event1: 0003 0039 ffffffff
[     786.705957] /dev/input/event1: 0000 0000 00000000
[     787.279241] /dev/input/event1: 0003 0039 00000000
[     787.279241] /dev/input/event1: 0003 0035 00003eb1
[     787.279241] /dev/input/event1: 0003 0036 00003e43
[     787.279241] /dev/input/event1: 0003 003a 00000400
[     787.279241] /dev/input/event1: 0000 0000 00000000
[     787.382505] /dev/input/event1: 0003 003a 00000000
[     787.382505] /dev/input/event1: 0003 0039 ffffffff
[     787.382505] /dev/input/event1: 0000 0000 00000000
[     788.753659] /dev/input/event1: 0003 0039 00000000
[     788.753659] /dev/input/event1: 0003 0035 00001ac8
[     788.753659] /dev/input/event1: 0003 0036 00003baa
[     788.753659] /dev/input/event1: 0003 003a 00000400
[     788.753659] /dev/input/event1: 0000 0000 00000000
[     788.865322] /dev/input/event1: 0003 003a 00000000
[     788.865322] /dev/input/event1: 0003 0039 ffffffff
[     788.865322] /dev/input/event1: 0000 0000 00000000
[     789.159559] /dev/input/event1: 0003 0039 00000000
[     789.159559] /dev/input/event1: 0003 0035 0000573a
[     789.159559] /dev/input/event1: 0003 0036 00003554
[     789.159559] /dev/input/event1: 0003 003a 00000400
[     789.159559] /dev/input/event1: 0000 0000 00000000
[     789.278094] /dev/input/event1: 0003 003a 00000000
[     789.278094] /dev/input/event1: 0003 0039 ffffffff
[     789.278094] /dev/input/event1: 0000 0000 00000000
[     789.736446] /dev/input/event1: 0003 0039 00000000
[     789.736446] /dev/input/event1: 0003 0035 0000491f
[     789.736446] /dev/input/event1: 0003 0036 00003e43
[     789.736446] /dev/input/event1: 0003 003a 00000400
[     789.736446] /dev/input/event1: 0000 0000 00000000
[     789.832488] /dev/input/event1: 0003 003a 00000000
[     789.832488] /dev/input/event1: 0003 0039 ffffffff
[     789.832488] /dev/input/event1: 0000 0000 00000000
[     790.181759] /dev/input/event1: 0003 0039 00000000
[     790.181759] /dev/input/event1: 0003 0035 00006443
[     790.181759] /dev/input/event1: 0003 0036 000039ff
[     790.181759] /dev/input/even