* daemon not running. starting it now at tcp:5037 *
* daemon started successfully *
add device 1: /dev/input/event0
  name:     "Power Button"
add device 2: /dev/input/event2
  name:     "goldfish_rotary"
add device 3: /dev/input/event1
  name:     "qwerty2"
[   30326.707288] /dev/input/event1: 0003 0036 00005743
[   30326.707288] /dev/input/event1: 0000 0000 00000000
[   30326.717615] /dev/input/event1: 0003 0036 00005710
[   30326.717615] /dev/input/event1: 0000 0000 00000000
[   30326.729020] /dev/input/event1: 0003 0036 000056bb
[   30326.729020] /dev/input/event1: 0000 0000 00000000
[   30326.744012] /dev/input/event1: 0003 003a 00000000
[   30326.744012] /dev/input/event1: 0003 0039 ffffffff
[   30326.744012] /dev/input/event1: 0000 0000 00000000
[   30327.263760] /dev/input/event1: 0003 0039 00000000
[   30327.263760] /dev/input/event1: 0003 0035 00002536
[   30327.263760] /dev/input/event1: 0003 0036 00002466
[   30327.263760] /dev/input/event1: 0003 003a 00000400
[   30327.263760] /dev/input/event1: 0000 0000 00000000
[   30327.287027] /dev/input/event1: 0003 0036 00002499
[   30327.287027] /dev/input/event1: 0000 0000 00000000
[   30327.303230] /dev/input/event1: 0003 0035 000024fa
[   30327.303230] /dev/input/event1: 0003 0036 000024ee
[   30327.303230] /dev/input/event1: 0000 0000 00000000
[   30327.317054] /dev/input/event1: 0003 0036 00002577
[   30327.317054] /dev/input/event1: 0000 0000 00000000
[   30327.325652] /dev/input/event1: 0003 0036 00002666
[   30327.325652] /dev/input/event1: 0000 0000 00000000
[   30327.337536] /dev/input/event1: 0003 0036 00002799
[   30327.337536] /dev/input/event1: 0000 0000 00000000
[   30327.349847] /dev/input/event1: 0003 0035 0000249f
[   30327.349847] /dev/input/event1: 0003 0036 00002a21
[   30327.349847] /dev/input/event1: 0000 0000 00000000
[   30327.358613] /dev/input/event1: 0003 0036 00002d77
[   30327.358613] /dev/input/event1: 0000 0000 00000000
[   30327.382143] /dev/input/event1: 0003 0035 000024fa
[   30327.382143] /dev/input/event1: 0003 0036 000030aa
[   30327.382143] /dev/input/event1: 0000 0000 00000000
[   30327.383122] /dev/input/event1: 0003 0035 00002591
[   30327.383122] /dev/input/event1: 0003 0036 000036ee
[   30327.383122] /dev/input/event1: 0000 0000 00000000
[   30327.392169] /dev/input/event1: 0003 0035 000025ec
[   30327.392169] /dev/input/event1: 0003 0036 00003c43
[   30327.392169] /dev/input/event1: 0000 0000 00000000
[   30327.403819] /dev/input/event1: 0003 0036 00004354
[   30327.403819] /dev/input/event1: 0000 0000 00000000
[   30327.416592] /dev/input/event1: 0003 0036 000048dd
[   30327.416592] /dev/input/event1: 0000 0000 00000000
[   30327.426438] /dev/input/event1: 0003 0035 00002591
[   30327.426438] /dev/input/event1: 0003 0036 00004cee
[   30327.426438] /dev/input/event1: 0000 0000 00000000
[   30327.440403] /dev/input/event1: 0003 0035 000024fa
[   30327.440403] /dev/input/event1: 0003 0036 00004f10
[   30327.440403] /dev/input/event1: 0000 0000 00000000
[   30327.451899] /dev/input/event1: 0003 0035 00002443
[   30327.451899] /dev/input/event1: 0003 0036 00005198
[   30327.451899] /dev/input/event1: 0000 0000 00000000
[   30327.459979] /dev/input/event1: 0003 0035 00002407
[   30327.459979] /dev/input/event1: 0003 0036 000053bb
[   30327.459979] /dev/input/event1: 0000 0000 00000000
[   30327.471553] /dev/input/event1: 0003 0035 000023ac
[   30327.471553] /dev/input/event1: 0003 0036 00005521
[   30327.471553] /dev/input/event1: 0000 0000 00000000
[   30327.483920] /dev/input/event1: 0003 0035 00002314
[   30327.483920] /dev/input/event1: 0003 0036 00005687
[   30327.483920] /dev/input/event1: 0000 0000 00000000
[   30327.493726] /dev/input/event1: 0003 0035 000022b9
[   30327.493726] /dev/input/event1: 0003 0036 000057ff
[   30327.493726] /dev/input/event1: 0000 0000 00000000
[   30327.511371] /dev/input/event1: 0003 0036 000058dd
[   30327.511371] /dev/input/event1: 0000 0000 00000000
[   30327.516231] /dev/input/event1: 0003 0035 0000225e
[   30327.516231] /dev/input/event1: 0003 0036 000059bb
[   30327.516231] /dev/input/event1: 0000 0000 00000000
[   30327.527439] /dev/input/event1: 0003 0036 00005a76
[   30327.527439] /dev/input/event1: 0000 0000 00000000
[   30327.542926] /dev/input/event1: 0003 0036 00005acc
[   30327.542926] /dev/input/event1: 0000 0000 00000000
[   30327.550231] /dev/input/event1: 0003 0035 00002221
[   30327.550231] /dev/input/event1: 0003 0036 00005b32
[   30327.550231] /dev/input/event1: 0000 0000 00000000
[   30327.562129] /dev/input/event1: 0003 0036 00005b87
[   30327.562129] /dev/input/event1: 0000 0000 00000000
[   30327.576734] /dev/input/event1: 0003 0036 00005bdd
[   30327.576734] /dev/input/event1: 0000 0000 00000000
[   30327.583531] /dev/input/event1: 0003 0036 00005c43
[   30327.583531] /dev/input/event1: 0000 0000 00000000
[   30327.595140] /dev/input/event1: 0003 0035 000021c6
[   30327.595140] /dev/input/event1: 0003 0036 00005ccc
[   30327.595140] /dev/input/event1: 0000 0000 00000000
[   30327.610266] /dev/input/event1: 0003 0036 00005cee
[   30327.610266] /dev/input/event1: 0000 0000 00000000
[   30327.617231] /dev/input/event1: 0003 0036 00005d76
[   30327.617231] /dev/input/event1: 0000 0000 00000000
[   30327.628964] /dev/input/event1: 0003 0036 00005ddd
[   30327.628964] /dev/input/event1: 0000 0000 00000000
[   30327.642560] /dev/input/event1: 0003 0036 00005dff
[   30327.642560] /dev/input/event1: 0000 0000 00000000
[   30327.651575] /dev/input/event1: 0003 0035 0000216b
[   30327.651575] /dev/input/event1: 0003 0036 00005e32
[   30327.651575] /dev/input/event1: 0000 0000 00000000
[   30327.662365] /dev/input/event1: 0003 0036 00005e65
[   30327.662365] /dev/input/event1: 0000 0000 00000000
[   30327.709195] /dev/input/event1: 0003 0036 00005e87
[   30327.709195] /dev/input/event1: 0000 0000 00000000
[   30327.755763] /dev/input/event1: 0003 0036 00005eba
[   30327.755763] /dev/input/event1: 0000 0000 00000000
[   30328.183062] /dev/input/event1: 0003 003a 00000000
[   30328.183062] /dev/input/event1: 0003 0039 ffffffff
[   30328.183062] /dev/input/event1: 0000 0000 00000000
[   30328.871304] /dev/input/event1: 0003 0039 00000000
[   30328.871304] /dev/input/event1: 0003 0035 00005869
[   30328.871304] /dev/input/event1: 0003 0036 00007110
[   30328.871304] /dev/input/event1: 0003 003a 00000400
[   30328.871304] /dev/input/event1: 0000 0000 00000000
[   30328.991539] /dev/input/event1: 0003 003a 00000000
[   30328.991539] /dev/input/event1: 0003 0039 ffffffff
[   30328.991539] /dev/input/event1: 0000 0000 00000000
[   30330.502267] /dev/input/event1: 0003 0039 00000000
[   30330.502267] /dev/input/event1: 0003 0035 00005406
[   30330.502267] /dev/input/event1: 0003 0036 00000966
[   30330.502267] /dev/input/event1: 0003 003a 00000400
[   30330.502267] /dev/input/event1: 0000 0000 00000000
[   30330.613655] /dev/input/event1: 0003 003a 00000000
[   30330.613655] /dev/input/event1: 0003 0039 ffffffff
[   30330.613655] /dev/input/event1: 0000 0000 00000000
[   30331.515330] /dev/input/event1: 0003 0039 00000000
[   30331.515330] /dev/input/event1: 0003 0035 00005314
[   30331.515330] /dev/input/event1: 0003 0036 00001110
[   30331.515330] /dev/input/event1: 0003 003a 00000400
[   30331.515330] /dev/input/event1: 0000 0000 00000000
[   30331.624224] /dev/input/event1: 0003 003a 00000000
[   30331.624224] /dev/input/event1: 0003 0039 ffffffff
[   30331.624224] /dev/input/event1: 0000 0000 00000000
[   30332.837915] /dev/input/event1: 0003 0039 00000000
[   30332.837915] /dev/input/event1: 0003 0035 00007443
[   30332.837915] /dev/input/event1: 0003 0036 000016bb
[   30332.837915] /dev/input/event1: 0003 003a 00000400
[   30332.837915] /dev/input/event1: 0000 0000 00000000
[   30332.952548] /dev/input/event1: 0003 003a 00000000
[   30332.952548] /dev/input/event1: 0003 0039 ffffffff
[   30332.952548] /dev/input/event1: 0000 0000 00000000
[   30333.921631] /dev/input/event1: 0003 0039 00000000
[   30333.921631] /dev/input/event1: 0003 0035 00006425
[   30333.921631] /dev/input/event1: 0003 0036 00001e88
[   30333.921631] /dev/input/event1: 0003 003a 00000400
[   30333.921631] /dev/input/event1: 0000 0000 00000000
[   30334.010791] /dev/input/event1: 0003 003a 00000000
[   30334.010791] /dev/input/event1: 0003 0039 ffffffff
[   30334.010791] /dev/input/event1: 0000 0000 00000000
[   30335.103849] /dev/input/event1: 0003 0039 00000000
[   30335.103849] /dev/input/event1: 0003 0035 0000425e
[   30335.103849] /dev/input/event1: 0003 0036 00001133
[   30335.103849] /dev/input/event1: 0003 003a 00000400
[   30335.103849] /dev/input/event1: 0000 0000 00000000
[   30335.191895] /dev/input/event1: 0003 003a 00000000
[   30335.191895] /dev/input/event1: 0003 0039 ffffffff
[   30335.191895] /dev/input/event1: 0000 0000 00000000
[   30336.196068] /dev/input/event1: 0003 0039 00000000
[   30336.196068] /dev/input/event1: 0003 0035 00001203
[   30336.196068] /dev/input/event1: 0003 0036 00001e66
[   30336.196068] /dev/input/event1: 0003 003a 00000400
[   30336.196068] /dev/input/event1: 0000 0000 00000000
[   30336.273349] /dev/input/event1: 0003 003a 00000000
[   30336.273349] /dev/input/event1: 0003 0039 ffffffff
[   30336.273349] /dev/input/event1: 0000 0000 00000000
[   30337.148722] /dev/input/event1: 0003 0039 00000000
[   30337.148722] /dev/input/event1: 0003 0035 000015ce
[   30337.148722] /dev/input/event1: 0003 0036 00001c44
[   30337.148722] /dev/input/event1: 0003 003a 00000400
[   30337.148722] /dev/input/event1: 0000 0000 00000000
[   30337.272514] /dev/input/event1: 0003 003a 00000000
[   30337.272514] /dev/input/event1: 0003 0039 ffffffff
[   30337.272514] /dev/input/event1: 0000 0000 00000000
[   30338.746963] /dev/input/event1: 0003 0039 00000000
[   30338.746963] /dev/input/event1: 0003 0035 0000638d
[   30338.746963] /dev/input/event1: 0003 0036 00000888
[   30338.746963] /dev/input/event1: 0003 003a 00000400
[   30338.746963] /dev/input/event1: 0000 0000 00000000
[   30338.846181] /dev/input/event1: 0003 003a 00000000
[   30338.846181] /dev/input/event1: 0003 0039 ffffffff
[   30338.846181] /dev/input/event1: 0000 0000 00000000
[   30340.017245] /dev/input/event1: 0003 0039 00000000
[   30340.017245] /dev/input/event1: 0003 0035 00006c52
[   30340.017245] /dev/input/event1: 0003 0036 000014ee
[   30340.017245] /dev/input/event1: 0003 003a 00000400
[   30340.017245] /dev/input/event1: 0000 0000 00000000
[   30340.107660] /dev/input/event1: 0003 003a 00000000
[   30340.107660] /dev/input/event1: 0003 0039 ffffffff
[   30340.107660] /dev/input/event1: 0000 0000 00000000
[   30340.875622] /dev/input/event1: 0003 0039 00000000
[   30340.875622] /dev/input/event1: 0003 0035 000073e8
[   30340.875622] /dev/input/event1: 0003 0036 00001666
[   30340.875622] /dev/input/event1: 0003 003a 00000400
[   30340.875622] /dev/input/event1: 0000 0000 00000000
[   30340.985952] /dev/input/event1: 0003 003a 00000000
[   30340.985952] /dev/input/event1: 0003 0039 ffffffff
[   30340.985952] /dev/input/event1: 0000 0000 00000000
[   30341.920819] /dev/input/event1: 0003 0039 00000000
[   30341.920819] /dev/input/event1: 0003 0035 000060b5
[   30341.920819] /dev/input/event1: 0003 0036 000020aa
[   30341.920819] /dev/input/event1: 0003 003a 00000400
[   30341.920819] /dev/input/event1: 0000 0000 00000000
[   30342.021234] /dev/input/event1: 0003 003a 00000000
[   30342.021234] /dev/input/event1: 0003 0039 ffffffff
[   30342.021234] /dev/input/event1: 0000 0000 00000000
[   30343.114894] /dev/input/event1: 0003 0039 00000000
[   30343.114894] /dev/input/event1: 0003 0035 00003240
[   30343.114894] /dev/input/event1: 0003 0036 00001244
[   30343.114894] /dev/input/event1: 0003 003a 00000400
[   30343.114894] /dev/input/event1: 0000 0000 00000000
[   30343.189804] /dev/input/event1: 0003 003a 00000000
[   30343.189804] /dev/input/event1: 0003 0039 ffffffff
[   30343.189804] /dev/input/event1: 0000 0000 00000000
[   30344.170821] /dev/input/event1: 0003 0039 00000000
[   30344.170821] /dev/input/event1: 0003 0035 00000b05
[   30344.170821] /dev/input/event1: 0003 0036 00003aaa
[   30344.170821] /dev/input/event1: 0003 003a 00000400
[   30344.170821] /dev/input/event1: 0000 0000 00000000
[   30344.259442] /dev/input/event1: 0003 003a 00000000
[   30344.259442] /dev/input/event1: 0003 0039 ffffffff
[   30344.259442] /dev/input/event1: 0000 0000 00000000
[   30345.159937] /dev/input/event1: 0003 0039 00000000
[   30345.159937] /dev/input/event1: 0003 0035 00001a31
[   30345.159937] /dev/input/event1: 0003 0036 000017cc
[   30345.159937] /dev/input/event1: 0003 003a 00000400
[   30345.159937] /dev/input/event1: 0000 0000 00000000
[   30345.238724] /dev/input/event1: 0003 003a 00000000
[   30345.238724] /dev/input/event1: 0003 0039 ffffffff
[   30345.238724] /dev/input/event1: 0000 0000 00000000
[   30346.636890] /dev/input/event1: 0003 0039 00000000
[   30346.636890] /dev/input/event1: 0003 0035 0000629a
[   30346.636890] /dev/input/event1: 0003 0036 00000777
[   30346.636890] /dev/input/event1: 0003 003a 00000400
[   30346.636890] /dev/input/event1: 0000 0000 00000000
[   30346.711960] /dev/input/event1: 0003 003a 00000000
[   30346.711960] /dev/input/event1: 0003 0039 ffffffff
[   30346.711960] /dev/input/event1: 0000 0000 00000000
[   30347.760287] /dev/input/event1: 0003 0039 00000000
[   30347.760287] /dev/input/event1: 0003 0035 0000425e
[   30347.760287] /dev/input/event1: 0003 0036 00001fff
[   30347.760287] /dev/input/event1: 0003 003a 00000400
[   30347.760287] /dev/input/event1: 0000 0000 00000000
[   30347.872505] /dev/input/event1: 0003 003a 00000000
[   30347.872505] /dev/input/event1: 0003 0039 ffffffff
[   30347.872505] /dev/input/event1: 0000 0000 00000000
[   30348.657907] /dev/input/event1: 0003 0039 00000000
[   30348.657907] /dev/input/event1: 0003 0035 0000484b
[   30348.657907] /dev/input/event1: 0003 0036 00001744
[   30348.657907] /dev/input/event1: 0003 003a 00000400
[   30348.657907] /dev/input/event1: 0000 0000 00000000
[   30348.769972] /dev/input/event1: 0003 003a 00000000
[   30348.769972] /dev/input/event1: 0003 0039 ffffffff
[   30348.769972] /dev/input/event1: 0000 0000 00000000
[   30349.376889] /dev/input/event1: 0003 0039 00000000
[   30349.376889] /dev/input/event1: 0003 0035 000043e8
[   30349.376889] /dev/input/event1: 0003 0036 00002110
[   30349.376889] /dev/input/event1: 0003 003a 00000400
[   30349.376889] /dev/input/event1: 0000 0000 00000000
[   30349.502562] /dev/input/event1: 0003 003a 00000000
[   30349.502562] /dev/input/event1: 0003 0039 ffffffff
[   30349.502562] /dev/input/event1: 0000 0000 00000000
[   30350.685659] /dev/input/event1: 0003 0039 00000000
[   30350.685659] /dev/input/event1: 0003 0035 00004eb1
[   30350.685659] /dev/input/event1: 0003 0036 00006687
[   30350.685659] /dev/input/event1: 0003 003a 00000400
[   30350.685659] /dev/input/event1: 0000 0000 00000000
[   30350.749053] /dev/input/event1: 0003 0035 00004e56
[   30350.749053] /dev/input/event1: 0000 0000 00000000
[   30350.764747] /dev/input/event1: 0003 003a 00000000
[   30350.764747] /dev/input/event1: 0003 0039 ffffffff
[   30350.764747] /dev/input/event1: 0000 0000 00000000
[   30351.312841] /dev/input/event1: 0003 0039 00000000
[   30351.312841] /dev/input/event1: 0003 0035 00002bd9
[   30351.312841] /dev/input/event1: 0003 0036 00005332
[   30351.312841] /dev/input/event1: 0003 003a 00000400
[   30351.312841] /dev/input/event1: 0000 0000 00000000
[   30351.378547] /dev/input/event1: 0003 0035 00002c34
[   30351.378547] /dev/input/event1: 0000 0000 00000000
[   30351.391870] /dev/input/event1: 0003 003a 00000000
[   30351.391870] /dev/input/event1: 0003 0039 ffffffff
[   30351.391870] /dev/input/event1: 0000 0000 00000000
[   30351.932909] /dev/input/event1: 0003 0039 00000000
[   30351.932909] /dev/input/event1: 0003 0035 00006bba
[   30351.932909] /dev/input/event1: 0003 0036 00005410
[   30351.932909] /dev/input/event1: 0003 003a 00000400
[   30351.932909] /dev/input/event1: 0000 0000 00000000
[   30351.974246] /dev/input/event1: 0003 0035 00006b5f
[   30351.974246] /dev/input/event1: 0000 0000 00000000
[   30351.985701] /dev/input/event1: 0003 0036 00005443
[   30351.985701] /dev/input/event1: 0000 0000 00000000
[   30351.996851] /dev/input/event1: 0003 003a 00000000
[   30351.996851] /dev/input/event1: 0003 0039 ffffffff
[   30351.996851] /dev/input/event1: 0000 0000 00000000
[   30352.474247] /dev/in