* daemon not running. starting it now at tcp:5037 *
* daemon started successfully *
add device 1: /dev/input/event0
  name:     "Power Button"
add device 2: /dev/input/event2
  name:     "goldfish_rotary"
add device 3: /dev/input/event1
  name:     "qwerty2"
[   25829.863848] /dev/input/event1: 0003 0039 00000000
[   25829.863848] /dev/input/event1: 0003 0035 00001a8c
[   25829.863848] /dev/input/event1: 0003 0036 00007087
[   25829.863848] /dev/input/event1: 0003 003a 00000400
[   25829.863848] /dev/input/event1: 0000 0000 00000000
[   25829.939255] /dev/input/event1: 0003 003a 00000000
[   25829.939255] /dev/input/event1: 0003 0039 ffffffff
[   25829.939255] /dev/input/event1: 0000 0000 00000000
[   25832.057362] /dev/input/event1: 0003 0039 00000000
[   25832.057362] /dev/input/event1: 0003 0035 00001e93
[   25832.057362] /dev/input/event1: 0003 0036 00007c43
[   25832.057362] /dev/input/event1: 0003 003a 00000400
[   25832.057362] /dev/input/event1: 0000 0000 00000000
[   25832.214904] /dev/input/event1: 0003 003a 00000000
[   25832.214904] /dev/input/event1: 0003 0039 ffffffff
[   25832.214904] /dev/input/event1: 0000 0000 00000000
[   25833.696018] /dev/input/event1: 0003 0039 00000000
[   25833.696018] /dev/input/event1: 0003 0035 00004573
[   25833.696018] /dev/input/event1: 0003 0036 00004821
[   25833.696018] /dev/input/event1: 0003 003a 00000400
[   25833.696018] /dev/input/event1: 0000 0000 00000000
[   25833.824703] /dev/input/event1: 0003 003a 00000000
[   25833.824703] /dev/input/event1: 0003 0039 ffffffff
[   25833.824703] /dev/input/event1: 0000 0000 00000000
[   25835.182791] /dev/input/event1: 0003 0039 00000000
[   25835.182791] /dev/input/event1: 0003 0035 000072f5
[   25835.182791] /dev/input/event1: 0003 0036 000071ba
[   25835.182791] /dev/input/event1: 0003 003a 00000400
[   25835.182791] /dev/input/event1: 0000 0000 00000000
[   25835.262266] /dev/input/event1: 0003 003a 00000000
[   25835.262266] /dev/input/event1: 0003 0039 ffffffff
[   25835.262266] /dev/input/event1: 0000 0000 00000000
[   25836.599025] /dev/input/event1: 0003 0039 00000000
[   25836.599025] /dev/input/event1: 0003 0035 00003e93
[   25836.599025] /dev/input/event1: 0003 0036 00006798
[   25836.599025] /dev/input/event1: 0003 003a 00000400
[   25836.599025] /dev/input/event1: 0000 0000 00000000
[   25836.677754] /dev/input/event1: 0003 003a 00000000
[   25836.677754] /dev/input/event1: 0003 0039 ffffffff
[   25836.677754] /dev/input/event1: 0000 0000 00000000
[   25838.002122] /dev/input/event1: 0003 0039 00000000
[   25838.002122] /dev/input/event1: 0003 0035 00001a8c
[   25838.002122] /dev/input/event1: 0003 0036 00001577
[   25838.002122] /dev/input/event1: 0003 003a 00000400
[   25838.002122] /dev/input/event1: 0000 0000 00000000
[   25838.119108] /dev/input/event1: 0003 003a 00000000
[   25838.119108] /dev/input/event1: 0003 0039 ffffffff
[   25838.119108] /dev/input/event1: 0000 0000 00000000
[   25839.215303] /dev/input/event1: 0003 0039 00000000
[   25839.215303] /dev/input/event1: 0003 0035 000059b7
[   25839.215303] /dev/input/event1: 0003 0036 00002243
[   25839.215303] /dev/input/event1: 0003 003a 00000400
[   25839.215303] /dev/input/event1: 0000 0000 00000000
[   25839.399264] /dev/input/event1: 0003 003a 00000000
[   25839.399264] /dev/input/event1: 0003 0039 ffffffff
[   25839.399264] /dev/input/event1: 0000 0000 00000000
[   25840.617749] /dev/input/event1: 0003 0039 00000000
[   25840.617749] /dev/input/event1: 0003 0035 00007078
[   25840.617749] /dev/input/event1: 0003 0036 00004410
[   25840.617749] /dev/input/event1: 0003 003a 00000400
[   25840.617749] /dev/input/event1: 0000 0000 00000000
[   25840.749468] /dev/input/event1: 0003 003a 00000000
[   25840.749468] /dev/input/event1: 0003 0039 ffffffff
[   25840.749468] /dev/input/event1: 0000 0000 00000000
[   25844.211022] /dev/input/event1: 0003 0039 00000000
[   25844.211022] /dev/input/event1: 0003 0035 00005d27
[   25844.211022] /dev/input/event1: 0003 0036 000056ee
[   25844.211022] /dev/input/event1: 0003 003a 00000400
[   25844.211022] /dev/input/event1: 0000 0000 00000000
[   25844.216038] /dev/input/event1: 0003 0036 00005687
[   25844.216038] /dev/input/event1: 0000 0000 00000000
[   25844.228185] /dev/input/event1: 0003 0036 000055dd
[   25844.228185] /dev/input/event1: 0000 0000 00000000
[   25844.237404] /dev/input/event1: 0003 0036 00005387
[   25844.237404] /dev/input/event1: 0000 0000 00000000
[   25844.249498] /dev/input/event1: 0003 0036 000050aa
[   25844.249498] /dev/input/event1: 0000 0000 00000000
[   25844.260254] /dev/input/event1: 0003 0036 00004b32
[   25844.260254] /dev/input/event1: 0000 0000 00000000
[   25844.271005] /dev/input/event1: 0003 0035 00005ddd
[   25844.271005] /dev/input/event1: 0003 0036 00004521
[   25844.271005] /dev/input/event1: 0000 0000 00000000
[   25844.282315] /dev/input/event1: 0003 0035 00005e74
[   25844.282315] /dev/input/event1: 0003 0036 000040dd
[   25844.282315] /dev/input/event1: 0000 0000 00000000
[   25844.293220] /dev/input/event1: 0003 0035 00005f0c
[   25844.293220] /dev/input/event1: 0003 0036 00003aaa
[   25844.293220] /dev/input/event1: 0000 0000 00000000
[   25844.304942] /dev/input/event1: 0003 0036 00003521
[   25844.304942] /dev/input/event1: 0000 0000 00000000
[   25844.315878] /dev/input/event1: 0003 0036 000031bb
[   25844.315878] /dev/input/event1: 0000 0000 00000000
[   25844.376512] /dev/input/event1: 0003 0035 00005e19
[   25844.376512] /dev/input/event1: 0003 0036 00002c10
[   25844.376512] /dev/input/event1: 0000 0000 00000000
[   25844.376797] /dev/input/event1: 0003 0035 00005d82
[   25844.376797] /dev/input/event1: 0003 0036 000029bb
[   25844.376797] /dev/input/event1: 0000 0000 00000000
[   25844.377128] /dev/input/event1: 0003 0036 00002932
[   25844.377128] /dev/input/event1: 0000 0000 00000000
[   25844.383366] /dev/input/event1: 0003 0035 00005d27
[   25844.383366] /dev/input/event1: 0003 0036 000028dd
[   25844.383366] /dev/input/event1: 0000 0000 00000000
[   25844.395474] /dev/input/event1: 0003 0036 000028aa
[   25844.395474] /dev/input/event1: 0000 0000 00000000
[   25844.440567] /dev/input/event1: 0003 003a 00000000
[   25844.440567] /dev/input/event1: 0003 0039 ffffffff
[   25844.440567] /dev/input/event1: 0000 0000 00000000
[   25844.824284] /dev/input/event1: 0003 0039 00000000
[   25844.824284] /dev/input/event1: 0003 0035 00004b23
[   25844.824284] /dev/input/event1: 0003 0036 00005d54
[   25844.824284] /dev/input/event1: 0003 003a 00000400
[   25844.824284] /dev/input/event1: 0000 0000 00000000
[   25844.833607] /dev/input/event1: 0003 0035 00004b7e
[   25844.833607] /dev/input/event1: 0003 0036 00005cee
[   25844.833607] /dev/input/event1: 0000 0000 00000000
[   25844.845827] /dev/input/event1: 0003 0036 00005c65
[   25844.845827] /dev/input/event1: 0000 0000 00000000
[   25844.862427] /dev/input/event1: 0003 0035 00004bd9
[   25844.862427] /dev/input/event1: 0003 0036 00005b54
[   25844.862427] /dev/input/event1: 0000 0000 00000000
[   25844.867223] /dev/input/event1: 0003 0036 00005a76
[   25844.867223] /dev/input/event1: 0000 0000 00000000
[   25844.878925] /dev/input/event1: 0003 0035 00004c16
[   25844.878925] /dev/input/event1: 0003 0036 000058dd
[   25844.878925] /dev/input/event1: 0000 0000 00000000
[   25844.893070] /dev/input/event1: 0003 0035 00004c71
[   25844.893070] /dev/input/event1: 0003 0036 00005743
[   25844.893070] /dev/input/event1: 0000 0000 00000000
[   25844.901612] /dev/input/event1: 0003 0035 00004ccc
[   25844.901612] /dev/input/event1: 0003 0036 000055ff
[   25844.901612] /dev/input/event1: 0000 0000 00000000
[   25844.917561] /dev/input/event1: 0003 0035 00004d63
[   25844.917561] /dev/input/event1: 0003 0036 00005465
[   25844.917561] /dev/input/event1: 0000 0000 00000000
[   25844.924436] /dev/input/event1: 0003 0035 00004dbe
[   25844.924436] /dev/input/event1: 0003 0036 000052aa
[   25844.924436] /dev/input/event1: 0000 0000 00000000
[   25844.946133] /dev/input/event1: 0003 0035 00004e56
[   25844.946133] /dev/input/event1: 0003 0036 00005165
[   25844.946133] /dev/input/event1: 0000 0000 00000000
[   25844.947462] /dev/input/event1: 0003 0035 00004eee
[   25844.947462] /dev/input/event1: 0003 0036 00004fcc
[   25844.947462] /dev/input/event1: 0000 0000 00000000
[   25844.958334] /dev/input/event1: 0003 0035 00004f49
[   25844.958334] /dev/input/event1: 0003 0036 00004e32
[   25844.958334] /dev/input/event1: 0000 0000 00000000
[   25844.970120] /dev/input/event1: 0003 0035 00004fa4
[   25844.970120] /dev/input/event1: 0003 0036 00004d76
[   25844.970120] /dev/input/event1: 0000 0000 00000000
[   25844.979909] /dev/input/event1: 0003 0036 00004ccc
[   25844.979909] /dev/input/event1: 0000 0000 00000000
[   25844.993282] /dev/input/event1: 0003 0035 00004fe1
[   25844.993282] /dev/input/event1: 0003 0036 00004c43
[   25844.993282] /dev/input/event1: 0000 0000 00000000
[   25845.002362] /dev/input/event1: 0003 0036 00004c10
[   25845.002362] /dev/input/event1: 0000 0000 00000000
[   25845.013795] /dev/input/event1: 0003 0036 00004bdd
[   25845.013795] /dev/input/event1: 0000 0000 00000000
[   25845.028432] /dev/input/event1: 0003 003a 00000000
[   25845.028432] /dev/input/event1: 0003 0039 ffffffff
[   25845.028432] /dev/input/event1: 0000 0000 00000000
[   25845.344195] /dev/input/event1: 0003 0039 00000000
[   25845.344195] /dev/input/event1: 0003 0035 00004e56
[   25845.344195] /dev/input/event1: 0003 0036 00006410
[   25845.344195] /dev/input/event1: 0003 003a 00000400
[   25845.344195] /dev/input/event1: 0000 0000 00000000
[   25845.345095] /dev/input/event1: 0003 0035 00004dfb
[   25845.345095] /dev/input/event1: 0003 0036 00006576
[   25845.345095] /dev/input/event1: 0000 0000 00000000
[   25845.351456] /dev/input/event1: 0003 0035 00004dbe
[   25845.351456] /dev/input/event1: 0003 0036 00006887
[   25845.351456] /dev/input/event1: 0000 0000 00000000
[   25845.371300] /dev/input/event1: 0003 0035 00004d63
[   25845.371300] /dev/input/event1: 0003 0036 00006bba
[   25845.371300] /dev/input/event1: 0000 0000 00000000
[   25845.375427] /dev/input/event1: 0003 0036 00006ddd
[   25845.375427] /dev/input/event1: 0000 0000 00000000
[   25845.384554] /dev/input/event1: 0003 0036 00007054
[   25845.384554] /dev/input/event1: 0000 0000 00000000
[   25845.395806] /dev/input/event1: 0003 0036 00007276
[   25845.395806] /dev/input/event1: 0000 0000 00000000
[   25845.411041] /dev/input/event1: 0003 0036 000073ba
[   25845.411041] /dev/input/event1: 0000 0000 00000000
[   25845.418888] /dev/input/event1: 0003 0036 00007576
[   25845.418888] /dev/input/event1: 0000 0000 00000000
[   25845.430934] /dev/input/event1: 0003 0035 00004dbe
[   25845.430934] /dev/input/event1: 0003 0036 000076ba
[   25845.430934] /dev/input/event1: 0000 0000 00000000
[   25845.442221] /dev/input/event1: 0003 0035 00004dfb
[   25845.442221] /dev/input/event1: 0003 0036 00007854
[   25845.442221] /dev/input/event1: 0000 0000 00000000
[   25845.452118] /dev/input/event1: 0003 0035 00004e56
[   25845.452118] /dev/input/event1: 0003 0036 00007998
[   25845.452118] /dev/input/event1: 0000 0000 00000000
[   25845.478083] /dev/input/event1: 0003 0035 00004eb1
[   25845.478083] /dev/input/event1: 0003 0036 00007aff
[   25845.478083] /dev/input/event1: 0000 0000 00000000
[   25845.488224] /dev/input/event1: 0003 0036 00007b54
[   25845.488224] /dev/input/event1: 0000 0000 00000000
[   25845.497269] /dev/input/event1: 0003 0036 00007b87
[   25845.497269] /dev/input/event1: 0000 0000 00000000
[   25845.531250] /dev/input/event1: 0003 003a 00000000
[   25845.531250] /dev/input/event1: 0003 0039 ffffffff
[   25845.531250] /dev/input/event1: 0000 0000 00000000
[   25845.837839] /dev/input/event1: 0003 0039 00000000
[   25845.837839] /dev/input/event1: 0003 0035 00004c16
[   25845.837839] /dev/input/event1: 0003 0036 00005b32
[   25845.837839] /dev/input/event1: 0003 003a 00000400
[   25845.837839] /dev/input/event1: 0000 0000 00000000
[   25845.839204] /dev/input/event1: 0003 0036 00005bbb
[   25845.839204] /dev/input/event1: 0000 0000 00000000
[   25845.846383] /dev/input/event1: 0003 0036 00005d21
[   25845.846383] /dev/input/event1: 0000 0000 00000000
[   25845.859159] /dev/input/event1: 0003 0035 00004bd9
[   25845.859159] /dev/input/event1: 0003 0036 00005f10
[   25845.859159] /dev/input/event1: 0000 0000 00000000
[   25845.868690] /dev/input/event1: 0003 0036 00006110
[   25845.868690] /dev/input/event1: 0000 0000 00000000
[   25845.880904] /dev/input/event1: 0003 0035 00004b7e
[   25845.880904] /dev/input/event1: 0003 0036 00006410
[   25845.880904] /dev/input/event1: 0000 0000 00000000
[   25845.890907] /dev/input/event1: 0003 0036 00006798
[   25845.890907] /dev/input/event1: 0000 0000 00000000
[   25845.902650] /dev/input/event1: 0003 0036 00006a21
[   25845.902650] /dev/input/event1: 0000 0000 00000000
[   25845.913232] /dev/input/event1: 0003 0036 00006d54
[   25845.913232] /dev/input/event1: 0000 0000 00000000
[   25845.924501] /dev/input/event1: 0003 0036 00007087
[   25845.924501] /dev/input/event1: 0000 0000 00000000
[   25845.936040] /dev/input/event1: 0003 0036 00007243
[   25845.936040] /dev/input/event1: 0000 0000 00000000
[   25845.947071] /dev/input/event1: 0003 0036 00007498
[   25845.947071] /dev/input/event1: 0000 0000 00000000
[   25845.958174] /dev/input/event1: 0003 0036 00007632
[   25845.958174] /dev/input/event1: 0000 0000 00000000
[   25845.969950] /dev/input/event1: 0003 0036 00007710
[   25845.969950] /dev/input/event1: 0000 0000 00000000
[   25845.981272] /dev/input/event1: 0003 0036 000077ff
[   25845.981272] /dev/input/event1: 0000 0000 00000000
[   25845.992600] /dev/input/event1: 0003 0036 00007854
[   25845.992600] /dev/input/event1: 0000 0000 00000000
[   25846.003536] /dev/input/event1: 0003 0036 000078a9
[   25846.003536] /dev/input/event1: 0000 0000 00000000
[   25846.019330] /dev/input/event1: 0003 003a 00000000
[   25846.019330] /dev/input/event1: 0003 0039 ffffffff
[   25846.019330] /dev/input/event1: 0000 0000 00000000
[   25846.521955] /dev/input/event1: 0003 0039 00000000
[   25846.521955] /dev/input/event1: 0003 0035 0000480e
[   25846.521955] /dev/input/event1: 0003 0036 00006f43
[   25846.521955] /dev/input/event1: 0003 003a 00000400
[   25846.521955] /dev/input/event1: 0000 0000 00000000
[   25846.522231] /dev/input/event1: 0003 0036 00006e87
[   25846.522231] /dev/input/event1: 0000 0000 00000000
[   25846.532112] /dev/input/event1: 0003 0035 000047b3
[   25846.532112] /dev/input/event1: 0003 0036 00006ddd
[   25846.532112] /dev/input/event1: 0000 0000 00000000
[   25846.543854] /dev/input/event1: 0003 0036 00006cee
[   25846.543854] /dev/input/event1: 0000 0000 00000000
[   25846.558246] /dev/input/event1: 0003 0036 00006b87
[   25846.558246] /dev/input/event1: 0000 0000 00000000
[   25846.567006] /dev/input/event1: 0003 0035 00004758
[   25846.567006] /dev/input/event1: 0003 0036 00006a21
[   25846.567006] /dev/input/event1: 0000 0000 00000000
[   25846.577995] /dev/input/event1: 0003 0035 0000471b
[   25846.577995] /dev/input/event1: 0003 0036 00006743
[   25846.577995] /dev/input/event1: 0000 0000 00000000
[   25846.590209] /dev/input/event1: 0003 0035 000046c0
[   25846.590209] /dev/input/event1: 0003 0036 000063ba
[   25846.590209] /dev/input/event1: 0000 0000 00000000
[   25846.601392] /dev/input/event1: 0003 0035 00004665
[   25846.601392] /dev/input/event1: 0003 0036 000060dd
[   25846.601392] /dev/input/event1: 0000 0000 00000000
[   25846.611522] /dev/input/event1: 0003 0035 000045ce
[   25846.611522] /dev/input/event1: 0003 0036 00005ccc
[   25846.611522] /dev/input/event1: 0000 0000 00000000
[   25846.625391] /dev/input/event1: 0003 0036 00005932
[   25846.625391] /dev/input/event1: 0000 0000 00000000
[   25846.634485] /dev/input/event1: 0003 0035 000044db
[   25846.634485] /dev/input/event1: 0003 0036 00005443
[   25846.634485] /dev/input/event1: 0000 0000 00000000
[   25846.654543] /dev/input/event1: 0003 0035 000043e8
[   25846.654543] /dev/input/event1: 0003 0036 00004f76
[   25846.654543] /dev/input/event1: 0000 0000 00000000
[   25846.657485] /dev/input/event1: 0003 0035 0000429a
[   25846.657485] /dev/input/event1: 0003 0036 00004c65
[   25846.657485] /dev/input/event1: 0000 0000 00000000
[   25846.667123] /dev/input/event1: 0003 0035 0000401d
[   25846.667123] /dev/input/event1: 0003 0036 000048aa
[   25846.667123] /dev/in