add device 1: /dev/input/event0
  name:     "Power Button"
add device 2: /dev/input/event1
  name:     "qwerty2"
add device 3: /dev/input/event2
  name:     "goldfish_rotary"
[    4126.886805] /dev/input/event1: 0003 0039 00000000
[    4126.886805] /dev/input/event1: 0003 0035 00001a4f
[    4126.886805] /dev/input/event1: 0003 0036 00005a32
[    4126.886805] /dev/input/event1: 0003 003a 00000400
[    4126.886805] /dev/input/event1: 0000 0000 00000000
[    4126.907436] /dev/input/event1: 0003 0035 00001ac8
[    4126.907436] /dev/input/event1: 0003 0036 000059ee
[    4126.907436] /dev/input/event1: 0000 0000 00000000
[    4126.919155] /dev/input/event1: 0003 0035 00001b23
[    4126.919155] /dev/input/event1: 0003 0036 000058ff
[    4126.919155] /dev/input/event1: 0000 0000 00000000
[    4126.933371] /dev/input/event1: 0003 0035 00001c71
[    4126.933371] /dev/input/event1: 0003 0036 000055ee
[    4126.933371] /dev/input/event1: 0000 0000 00000000
[    4126.954297] /dev/input/event1: 0003 0035 00002097
[    4126.954297] /dev/input/event1: 0003 0036 00004899
[    4126.954297] /dev/input/event1: 0000 0000 00000000
[    4126.968195] /dev/input/event1: 0003 0035 00002240
[    4126.968195] /dev/input/event1: 0003 0036 00003f65
[    4126.968195] /dev/input/event1: 0000 0000 00000000
[    4126.975499] /dev/input/event1: 0003 0035 000022b9
[    4126.975499] /dev/input/event1: 0003 0036 00003954
[    4126.975499] /dev/input/event1: 0000 0000 00000000
[    4126.986292] /dev/input/event1: 0003 0035 00002314
[    4126.986292] /dev/input/event1: 0003 0036 00003732
[    4126.986292] /dev/input/event1: 0000 0000 00000000
[    4127.002632] /dev/input/event1: 0003 0036 00003554
[    4127.002632] /dev/input/event1: 0000 0000 00000000
[    4127.009475] /dev/input/event1: 0003 0036 00003421
[    4127.009475] /dev/input/event1: 0000 0000 00000000
[    4127.024454] /dev/input/event1: 0003 0035 000022b9
[    4127.024454] /dev/input/event1: 0003 0036 00003288
[    4127.024454] /dev/input/event1: 0000 0000 00000000
[    4127.033132] /dev/input/event1: 0003 0036 00003066
[    4127.033132] /dev/input/event1: 0000 0000 00000000
[    4127.042474] /dev/input/event1: 0003 0036 00002ebb
[    4127.042474] /dev/input/event1: 0000 0000 00000000
[    4127.054132] /dev/input/event1: 0003 0036 00002d21
[    4127.054132] /dev/input/event1: 0000 0000 00000000
[    4127.066409] /dev/input/event1: 0003 0036 00002c32
[    4127.066409] /dev/input/event1: 0000 0000 00000000
[    4127.076151] /dev/input/event1: 0003 0036 00002bee
[    4127.076151] /dev/input/event1: 0000 0000 00000000
[    4127.088492] /dev/input/event1: 0003 0036 00002bbb
[    4127.088492] /dev/input/event1: 0000 0000 00000000
[    4127.125430] /dev/input/event1: 0003 003a 00000000
[    4127.125430] /dev/input/event1: 0003 0039 ffffffff
[    4127.125430] /dev/input/event1: 0000 0000 00000000
[    4127.686797] /dev/input/event1: 0003 0039 00000000
[    4127.686797] /dev/input/event1: 0003 0036 00002121
[    4127.686797] /dev/input/event1: 0003 003a 00000400
[    4127.686797] /dev/input/event1: 0000 0000 00000000
[    4127.717453] /dev/input/event1: 0003 0036 00002166
[    4127.717453] /dev/input/event1: 0000 0000 00000000
[    4127.751883] /dev/input/event1: 0003 0036 00002199
[    4127.751883] /dev/input/event1: 0000 0000 00000000
[    4127.763970] /dev/input/event1: 0003 0036 00002210
[    4127.763970] /dev/input/event1: 0000 0000 00000000
[    4127.774529] /dev/input/event1: 0003 0036 000022ff
[    4127.774529] /dev/input/event1: 0000 0000 00000000
[    4127.793973] /dev/input/event1: 0003 0035 00002240
[    4127.793973] /dev/input/event1: 0003 0036 00002521
[    4127.793973] /dev/input/event1: 0000 0000 00000000
[    4127.799308] /dev/input/event1: 0003 0035 000021e5
[    4127.799308] /dev/input/event1: 0003 0036 000027bb
[    4127.799308] /dev/input/event1: 0000 0000 00000000
[    4127.808471] /dev/input/event1: 0003 0035 00002110
[    4127.808471] /dev/input/event1: 0003 0036 00002caa
[    4127.808471] /dev/input/event1: 0000 0000 00000000
[    4127.819550] /dev/input/event1: 0003 0035 00001f68
[    4127.819550] /dev/input/event1: 0003 0036 00003377
[    4127.819550] /dev/input/event1: 0000 0000 00000000
[    4127.832382] /dev/input/event1: 0003 0035 00001e75
[    4127.832382] /dev/input/event1: 0003 0036 00003821
[    4127.832382] /dev/input/event1: 0000 0000 00000000
[    4127.841902] /dev/input/event1: 0003 0035 00001da0
[    4127.841902] /dev/input/event1: 0003 0036 00003dff
[    4127.841902] /dev/input/event1: 0000 0000 00000000
[    4127.853000] /dev/input/event1: 0003 0036 00004143
[    4127.853000] /dev/input/event1: 0000 0000 00000000
[    4127.866409] /dev/input/event1: 0003 0035 00001d45
[    4127.866409] /dev/input/event1: 0003 0036 00004587
[    4127.866409] /dev/input/event1: 0000 0000 00000000
[    4127.875675] /dev/input/event1: 0003 0035 00001ccc
[    4127.875675] /dev/input/event1: 0003 0036 00004854
[    4127.875675] /dev/input/event1: 0000 0000 00000000
[    4127.886149] /dev/input/event1: 0003 0036 000049ff
[    4127.886149] /dev/input/event1: 0000 0000 00000000
[    4127.900823] /dev/input/event1: 0003 0036 00004b65
[    4127.900823] /dev/input/event1: 0000 0000 00000000
[    4127.909076] /dev/input/event1: 0003 0036 00004c54
[    4127.909076] /dev/input/event1: 0000 0000 00000000
[    4127.920780] /dev/input/event1: 0003 0036 00004c87
[    4127.920780] /dev/input/event1: 0000 0000 00000000
[    4127.933681] /dev/input/event1: 0003 0036 00004ccc
[    4127.933681] /dev/input/event1: 0000 0000 00000000
[    4127.943180] /dev/input/event1: 0003 0036 00004cff
[    4127.943180] /dev/input/event1: 0000 0000 00000000
[    4127.967367] /dev/input/event1: 0003 0036 00004d43
[    4127.967367] /dev/input/event1: 0000 0000 00000000
[    4127.979915] /dev/input/event1: 0003 003a 00000000
[    4127.979915] /dev/input/event1: 0003 0039 ffffffff
[    4127.979915] /dev/input/event1: 0000 0000 00000000
[    4128.531863] /dev/input/event1: 0003 0039 00000000
[    4128.531863] /dev/input/event1: 0003 0035 00001f68
[    4128.531863] /dev/input/event1: 0003 0036 00005976
[    4128.531863] /dev/input/event1: 0003 003a 00000400
[    4128.531863] /dev/input/event1: 0000 0000 00000000
[    4128.598394] /dev/input/event1: 0003 0035 00001fc3
[    4128.598394] /dev/input/event1: 0003 0036 000058ff
[    4128.598394] /dev/input/event1: 0000 0000 00000000
[    4128.607479] /dev/input/event1: 0003 0036 00005810
[    4128.607479] /dev/input/event1: 0000 0000 00000000
[    4128.617946] /dev/input/event1: 0003 0035 00002110
[    4128.617946] /dev/input/event1: 0003 0036 00005487
[    4128.617946] /dev/input/event1: 0000 0000 00000000
[    4128.628858] /dev/input/event1: 0003 0035 00002240
[    4128.628858] /dev/input/event1: 0003 0036 00004f98
[    4128.628858] /dev/input/event1: 0000 0000 00000000
[    4128.643075] /dev/input/event1: 0003 0035 00002314
[    4128.643075] /dev/input/event1: 0003 0036 00004b65
[    4128.643075] /dev/input/event1: 0000 0000 00000000
[    4128.652013] /dev/input/event1: 0003 0035 00002462
[    4128.652013] /dev/input/event1: 0003 0036 00004499
[    4128.652013] /dev/input/event1: 0000 0000 00000000
[    4128.664475] /dev/input/event1: 0003 0035 00002591
[    4128.664475] /dev/input/event1: 0003 0036 00003d88
[    4128.664475] /dev/input/event1: 0000 0000 00000000
[    4128.674552] /dev/input/event1: 0003 0035 00002666
[    4128.674552] /dev/input/event1: 0003 0036 00003910
[    4128.674552] /dev/input/event1: 0000 0000 00000000
[    4128.685118] /dev/input/event1: 0003 0035 000026df
[    4128.685118] /dev/input/event1: 0003 0036 00003421
[    4128.685118] /dev/input/event1: 0000 0000 00000000
[    4128.699696] /dev/input/event1: 0003 0035 0000273a
[    4128.699696] /dev/input/event1: 0003 0036 00003032
[    4128.699696] /dev/input/event1: 0000 0000 00000000
[    4128.708531] /dev/input/event1: 0003 0036 00002e43
[    4128.708531] /dev/input/event1: 0000 0000 00000000
[    4128.719748] /dev/input/event1: 0003 0036 00002bbb
[    4128.719748] /dev/input/event1: 0000 0000 00000000
[    4128.731686] /dev/input/event1: 0003 0035 000027b3
[    4128.731686] /dev/input/event1: 0003 0036 00002a10
[    4128.731686] /dev/input/event1: 0000 0000 00000000
[    4128.741373] /dev/input/event1: 0003 0035 0000280e
[    4128.741373] /dev/input/event1: 0003 0036 00002777
[    4128.741373] /dev/input/event1: 0000 0000 00000000
[    4128.753263] /dev/input/event1: 0003 0036 000025dd
[    4128.753263] /dev/input/event1: 0000 0000 00000000
[    4128.764955] /dev/input/event1: 0003 0035 000027b3
[    4128.764955] /dev/input/event1: 0003 0036 00002599
[    4128.764955] /dev/input/event1: 0000 0000 00000000
[    4128.775891] /dev/input/event1: 0003 003a 00000000
[    4128.775891] /dev/input/event1: 0003 0039 ffffffff
[    4128.775891] /dev/input/event1: 0000 0000 00000000
[    4129.756408] /dev/input/event1: 0003 0039 00000000
[    4129.756408] /dev/input/event1: 0003 0035 00005a30
[    4129.756408] /dev/input/event1: 0003 0036 00004854
[    4129.756408] /dev/input/event1: 0003 003a 00000400
[    4129.756408] /dev/input/event1: 0000 0000 00000000
[    4129.856354] /dev/input/event1: 0003 003a 00000000
[    4129.856354] /dev/input/event1: 0003 0039 ffffffff
[    4129.856354] /dev/input/event1: 0000 0000 00000000
[    4131.618523] /dev/input/event1: 0003 0039 00000000
[    4131.618523] /dev/input/event1: 0003 0035 00000a6d
[    4131.618523] /dev/input/event1: 0003 0036 00000b10
[    4131.618523] /dev/input/event1: 0003 003a 00000400
[    4131.618523] /dev/input/event1: 0000 0000 00000000
[    4131.700712] /dev/input/event1: 0003 003a 00000000
[    4131.700712] /dev/input/event1: 0003 0039 ffffffff
[    4131.700712] /dev/input/event1: 0000 0000 00000000
[    4133.121063] /dev/input/event1: 0003 0039 00000000
[    4133.121063] /dev/input/event1: 0003 0035 00002888
[    4133.121063] /dev/input/event1: 0003 0036 00004454
[    4133.121063] /dev/input/event1: 0003 003a 00000400
[    4133.121063] /dev/input/event1: 0000 0000 00000000
[    4133.210393] /dev/input/event1: 0003 003a 00000000
[    4133.210393] /dev/input/event1: 0003 0039 ffffffff
[    4133.210393] /dev/input/event1: 0000 0000 00000000
[    4134.969396] /dev/input/event1: 0003 0039 00000000
[    4134.969396] /dev/input/event1: 0003 0035 0000238d
[    4134.969396] /dev/input/event1: 0003 0036 00001221
[    4134.969396] /dev/input/event1: 0003 003a 00000400
[    4134.969396] /dev/input/event1: 0000 0000 00000000
[    4135.079029] /dev/input/event1: 0003 003a 00000000
[    4135.079029] /dev/input/event1: 0003 0039 ffffffff
[    4135.079029] /dev/input/event1: 0000 0000 00000000
[    4137.035363] /dev/input/event1: 0003 0039 00000000
[    4137.035363] /dev/input/event1: 0003 0035 00001e75
[    4137.035363] /dev/input/event1: 0003 0036 00007bba
[    4137.035363] /dev/input/event1: 0003 003a 00000400
[    4137.035363] /dev/input/event1: 0000 0000 00000000
[    4137.133877] /dev/input/event1: 0003 003a 00000000
[    4137.133877] /dev/input/event1: 0003 0039 ffffffff
[    4137.133877] /dev/input/event1: 0000 0000 00000000
[    4138.600284] /dev/input/event1: 0003 0039 00000000
[    4138.600284] /dev/input/event1: 0003 0035 00000795
[    4138.600284] /dev/input/event1: 0003 0036 00000977
[    4138.600284] /dev/input/event1: 0003 003a 00000400
[    4138.600284] /dev/input/event1: 0000 0000 00000000
[    4138.682624] /dev/input/event1: 0003 003a 00000000
[    4138.682624] /dev/input/event1: 0003 0039 ffffffff
[    4138.682624] /dev/input/event1: 0000 0000 00000000
[    4140.117550] /dev/input/event1: 0003 0039 00000000
[    4140.117550] /dev/input/event1: 0003 0035 000017d2
[    4140.117550] /dev/input/event1: 0003 0036 000046aa
[    4140.117550] /dev/input/event1: 0003 003a 00000400
[    4140.117550] /dev/input/event1: 0000 0000 00000000
[    4140.208841] /dev/input/event1: 0003 003a 00000000
[    4140.208841] /dev/input/event1: 0003 0039 ffffffff
[    4140.208841] /dev/input/event1: 0000 0000 00000000
[    4141.648614] /dev/input/event1: 0003 0039 00000000
[    4141.648614] /dev/input/event1: 0003 0035 0000329b
[    4141.648614] /dev/input/event1: 0003 0036 00002d54
[    4141.648614] /dev/input/event1: 0003 003a 00000400
[    4141.648614] /dev/input/event1: 0000 0000 00000000
[    4141.747362]