* daemon not running. starting it now at tcp:5037 *
* daemon started successfully *
add device 1: /dev/input/event0
  name:     "Power Button"
add device 2: /dev/input/event1
  name:     "qwerty2"
could not get driver version for /dev/input/mice, Not a typewriter
[    4009.005162] /dev/input/event1: 0003 003a 00000000
[    4009.005162] /dev/input/event1: 0003 0039 ffffffff
[    4009.005162] /dev/input/event1: 0000 0000 00000000
[    4009.588564] /dev/input/event1: 0003 0039 00000000
[    4009.588564] /dev/input/event1: 0003 0035 000062f5
[    4009.588564] /dev/input/event1: 0003 0036 00004276
[    4009.588564] /dev/input/event1: 0003 003a 00000400
[    4009.588564] /dev/input/event1: 0000 0000 00000000
[    4009.660068] /dev/input/event1: 0003 003a 00000000
[    4009.660068] /dev/input/event1: 0003 0039 ffffffff
[    4009.660068] /dev/input/event1: 0000 0000 00000000
[    4011.691976] /dev/input/event1: 0003 0039 00000000
[    4011.691976] /dev/input/event1: 0003 0035 000036c0
[    4011.691976] /dev/input/event1: 0003 0036 00007121
[    4011.691976] /dev/input/event1: 0003 003a 00000400
[    4011.691976] /dev/input/event1: 0000 0000 00000000
[    4011.763344] /dev/input/event1: 0003 003a 00000000
[    4011.763344] /dev/input/event1: 0003 0039 ffffffff
[    4011.763344] /dev/input/event1: 0000 0000 00000000
[    4013.122362] /dev/input/event1: 0003 0039 00000000
[    4013.122362] /dev/input/event1: 0003 0035 000022b9
[    4013.122362] /dev/input/event1: 0003 0036 00002566
[    4013.122362] /dev/input/event1: 0003 003a 00000400
[    4013.122362] /dev/input/event1: 0000 0000 00000000
[    4013.192747] /dev/input/event1: 0003 003a 00000000
[    4013.192747] /dev/input/event1: 0003 0039 ffffffff
[    4013.192747] /dev/input/event1: 0000 0000 00000000
[    4015.162718] /dev/input/event1: 0003 0039 00000000
[    4015.162718] /dev/input/event1: 0003 0035 000021e5
[    4015.162718] /dev/input/event1: 0003 0036 00000799
[    4015.162718] /dev/input/event1: 0003 003a 00000400
[    4015.162718] /dev/input/event1: 0000 0000 00000000
[    4015.240227] /dev/input/event1: 0003 003a 00000000
[    4015.240227] /dev/input/event1: 0003 0039 ffffffff
[    4015.240227] /dev/input/event1: 0000 0000 00000000
[    4016.976732] /dev/input/event1: 0003 0039 00000000
[    4016.976732] /dev/input/event1: 0003 0035 000072d7
[    4016.976732] /dev/input/event1: 0003 0036 00007076
[    4016.976732] /dev/input/event1: 0003 003a 00000400
[    4016.976732] /dev/input/event1: 0000 0000 00000000
[    4017.037564] /dev/input/event1: 0003 003a 00000000
[    4017.037564] /dev/input/event1: 0003 0039 ffffffff
[    4017.037564] /dev/input/event1: 0000 0000 00000000
[    4018.478234] /dev/input/event1: 0003 0039 00000000
[    4018.478234] /dev/input/event1: 0003 0035 0000712e
[    4018.478234] /dev/input/event1: 0003 0036 00006476
[    4018.478234] /dev/input/event1: 0003 003a 00000400
[    4018.478234] /dev/input/event1: 0000 0000 00000000
[    4018.547712] /dev/input/event1: 0003 003a 00000000
[    4018.547712] /dev/input/event1: 0003 0039 ffffffff
[    4018.547712] /dev/input/event1: 0000 0000 00000000
[    4020.362422] /dev/input/event1: 0003 0039 00000000
[    4020.362422] /dev/input/event1: 0003 0035 00005fa4
[    4020.362422] /dev/input/event1: 0003 0036 00007221
[    4020.362422] /dev/input/event1: 0003 003a 00000400
[    4020.362422] /dev/input/event1: 0000 0000 00000000
[    4020.431712] /dev/input/event1: 0003 003a 00000000
[    4020.431712] /dev/input/event1: 0003 0039 ffffffff
[    4020.431712] /dev/input/event1: 0000 0000 00000000
[    4022.946389] /dev/input/event1: 0003 0039 00000000
[    4022.946389] /dev/input/event1: 0003 0035 00003518
[    4022.946389] /dev/input/event1: 0003 0036 000054cc
[    4022.946389] /dev/input/event1: 0003 003a 00000400
[    4022.946389] /dev/input/event1: 0000 0000 00000000
[    4023.029095] /dev/input/event1: 0003 003a 00000000
[    4023.029095] /dev/input/event1: 0003 0039 ffffffff
[    4023.029095] /dev/input/event1: 0000 0000 00000000
[    4026.125527] /dev/input/event1: 0003 0039 00000000
[    4026.125527] /dev/input/event1: 0003 0035 00004480
[    4026.125527] /dev/input/event1: 0003 0036 00005487
[    4026.125527] /dev/input/event1: 0003 003a 00000400
[    4026.125527] /dev/input/event1: 0000 0000 00000000
[    4026.211991] /dev/input/event1: 0003 003a 00000000
[    4026.211991] /dev/input/event1: 0003 0039 ffffffff
[    4026.211991] /dev/input/event1: 0000 0000 00000000
[    4027.380538] /dev/input/event1: 0003 0039 00000000
[    4027.380538] /dev/input/event1: 0003 003a 00000400
[    4027.380538] /dev/input/event1: 0000 0000 00000000
[    4027.459576] /dev/input/event1: 0003 003a 00000000
[    4027.459576] /dev/input/event1: 0003 0039 ffffffff
[    4027.459576] /dev/input/event1: 0000 0000 00000000
[    4028.637073] /dev/input/event1: 0003 0039 00000000
[    4028.637073] /dev/input/event1: 0003 0035 00004da0
[    4028.637073] /dev/input/event1: 0003 0036 00005232
[    4028.637073] /dev/input/event1: 0003 003a 00000400
[    4028.637073] /dev/input/event1: 0000 0000 00000000
[    4028.721062] /dev/input/event1: 0003 003a 00000000
[    4028.721062] /dev/input/event1: 0003 0039 ffffffff
[    4028.721062] /dev/input/event1: 0000 0000 00000000
[    4029.666946] /dev/input/event1: 0003 0039 00000000
[    4029.666946] /dev/input/event1: 0003 003a 00000400
[    4029.666946] /dev/input/event1: 0000 0000 00000000
[    4029.722472] /dev/input/event1: 0003 003a 00000000
[    4029.722472] /dev/input/event1: 0003 0039 ffffffff
[    4029.722472] /dev/input/event1: 0000 0000 00000000
