add device 1: /dev/input/event0
  name:     "Power Button"
add device 2: /dev/input/event1
  name:     "qwerty2"
could not get driver version for /dev/input/mice, Not a typewriter
[   66748.199495] /dev/input/event1: 0003 0039 00000000
[   66748.199495] /dev/input/event1: 0003 0035 00003a12
[   66748.199495] /dev/input/event1: 0003 0036 00006087
[   66748.199495] /dev/input/event1: 0003 003a 00000400
[   66748.199495] /dev/input/event1: 0000 0000 00000000
[   66748.276637] /dev/input/event1: 0003 0035 00003999
[   66748.276637] /dev/input/event1: 0000 0000 00000000
[   66748.289569] /dev/input/event1: 0003 003a 00000000
[   66748.289569] /dev/input/event1: 0003 0039 ffffffff
[   66748.289569] /dev/input/event1: 0000 0000 00000000
[   66748.819495] /dev/input/event1: 0003 0039 00000000
[   66748.819495] /dev/input/event1: 0003 0035 00006ddd
[   66748.819495] /dev/input/event1: 0003 0036 00006f10
[   66748.819495] /dev/input/event1: 0003 003a 00000400
[   66748.819495] /dev/input/event1: 0000 0000 00000000
[   66748.820697] /dev/input/event1: 0003 0035 00006e38
[   66748.820697] /dev/input/event1: 0000 0000 00000000
[   66748.826303] /dev/input/event1: 0003 0035 00006ddd
[   66748.826303] /dev/input/event1: 0000 0000 00000000
[   66748.885488] /dev/input/event1: 0003 003a 00000000
[   66748.885488] /dev/input/event1: 0003 0039 ffffffff
[   66748.885488] /dev/input/event1: 0000 0000 00000000
[   66749.876621] /dev/input/event1: 0003 0039 00000000
[   66749.876621] /dev/input/event1: 0003 0035 00006fe0
[   66749.876621] /dev/input/event1: 0003 0036 00006221
[   66749.876621] /dev/input/event1: 0003 003a 00000400
[   66749.876621] /dev/input/event1: 0000 0000 00000000
[   66749.964017] /dev/input/event1: 0003 003a 00000000
[   66749.964017] /dev/input/event1: 0003 0039 ffffffff
[   66749.964017] /dev/input/event1: 0000 0000 00000000
[   66751.190454] /dev/input/event1: 0003 0039 00000000
[   66751.190454] /dev/input/event1: 0003 0035 000027b3
[   66751.190454] /dev/input/event1: 0003 0036 00002921
[   66751.190454] /dev/input/event1: 0003 003a 00000400
[   66751.190454] /dev/input/event1: 0000 0000 00000000
[   66751.278047] /dev/input/event1: 0003 003a 00000000
[   66751.278047] /dev/input/event1: 0003 0039 ffffffff
[   66751.278047] /dev/input/event1: 0000 0000 00000000
[   66752.982122] /dev/input/event1: 0003 0039 00000000
[   66752.982122] /dev/input/event1: 0003 0035 000036c0
[   66752.982122] /dev/input/event1: 0003 0036 00004eee
[   66752.982122] /dev/input/event1: 0003 003a 00000400
[   66752.982122] /dev/input/event1: 0000 0000 00000000
[   66753.034436] /dev/input/event1: 0003 003a 00000000
[   66753.034436] /dev/input/event1: 0003 0039 ffffffff
[   66753.034436] /dev/input/event1: 0000 0000 00000000
[   66753.994501] /dev/input/event1: 0003 0039 00000000
[   66753.994501] /dev/input/event1: 0003 0035 00002f2b
[   66753.994501] /dev/input/event1: 0003 0036 000034dd
[   66753.994501] /dev/input/event1: 0003 003a 00000400
[   66753.994501] /dev/input/event1: 0000 0000 00000000
[   66754.069177] /dev/input/event1: 0003 003a 00000000
[   66754.069177] /dev/input/event1: 0003 0039 ffffffff
[   66754.069177] /dev/input/event1: 0000 0000 00000000
[   66755.378492] /dev/input/event1: 0003 0039 00000000
[   66755.378492] /dev/input/event1: 0003 0035 00002462
[   66755.378492] /dev/input/event1: 0003 0036 00004f65
[   66755.378492] /dev/input/event1: 0003 003a 00000400
[   66755.378492] /dev/input/event1: 0000 0000 00000000
[   66755.452873] /dev/input/event1: 0003 003a 00000000
[   66755.452873] /dev/input/event1: 0003 0039 ffffffff
[   66755.452873] /dev/input/event1: 0000 0000 00000000
[   66757.786050] /dev/input/event1: 0003 0039 00000000
[   66757.786050] /dev/input/event1: 0003 0035 000079f3
[   66757.786050] /dev/input/event1: 0003 0036 000008ff
[   66757.786050] /dev/input/event1: 0003 003a 00000400
[   66757.786050] /dev/input/event1: 0000 0000 00000000
[   66757.874388] /dev/input/event1: 0003 003a 00000000
[   66757.874388] /dev/input/event1: 0003 0039 ffffffff
[   66757.874388] /dev/input/event1: 0000 0000 00000000
[   66759.986497] /dev/input/event1: 0003 0039 00000000
[   66759.986497] /dev/input/event1: 0003 0035 000008c5
[   66759.986497] /dev/input/event1: 0003 0036 00000b10
[   66759.986497] /dev/input/event1: 0003 003a 00000400
[   66759.986497] /dev/input/event1: 0000 0000 00000000
[   66760.054059] /dev/input/event1: 0003 003a 00000000
[   66760.054059] /dev/input/event1: 0003 0039 ffffffff
[   66760.054059] /dev/input/event1: 0000 0000 00000000
[   66760.946446] /dev/input/event1: 0003 0039 00000000
[   66760.946446] /dev/input/event1: 0003 003a 00000400
[   66760.946446] /dev/input/event1: 0000 0000 00000000
[   66761.060798] /dev/input/event1: 0003 003a 00000000
[   66761.060798] /dev/input/event1: 0003 0039 ffffffff
[   66761.060798] /dev/input/event1: 0000 0000 00000000
[   66762.689093] /dev/input/event1: 0003 0039 00000000
[   66762.689093] /dev/input/event1: 0003 0035 000023e8
[   66762.689093] /dev/input/event1: 0003 0036 000029dd
[   66762.689093] /dev/input/event1: 0003 003a 00000400
[   66762.689093] /dev/input/event1: 0000 0000 00000000
[   66762.771000] /dev/input/event1: 0003 003a 00000000
[   66762.771000] /dev/input/event1: 0003 0039 ffffffff
[   66762.771000] /dev/input/event1: 0000 0000 00000000
[   66764.306457] /dev/input/event1: 0003 0039 00000000
[   66764.306457] /dev/input/event1: 0003 0035 00006d63
[   66764.306457] /dev/input/event1: 0003 0036 000012dd
[   66764.306457] /dev/input/event1: 0003 003a 00000400
[   66764.306457] /dev/input/event1: 0000 0000 00000000
[   66765.928828] /dev/input/event1: 0003 0036 00001310
[   66765.928828] /dev/input/event1: 0000 0000 00000000
[   66765.952560] /dev/input/event1: 0003 003a 00000000
[   66765.952560] /dev/input/event1: 0003 0039 ffffffff
[   66765.952560] /dev/input/event1: 0000 0000 00000000
[   66767.457206] /dev/input/event1: 0003 0039 00000000
[   66767.457206] /dev/input/event1: 0003 0035 00001e75
[   66767.457206] /dev/input/event1: 0003 0036 00004ccc
[   66767.457206] /dev/input/event1: 0003 003a 00000400
[   66767.457206] /dev/input/event1: 0000 0000 00000000
[   66767.581269] /dev/input/event1: 0003 003a 00000000
[   66767.581269] /dev/input/event1: 0003 0039 ffffffff
[   66767.581269] /dev/input/event1: 0000 0000 00000000
[   66770.530413] /dev/input/event1: 0003 0039 00000000
[   66770.530413] /dev/input/event1: 0003 0035 0000093e
[   66770.530413] /dev/input/event1: 0003 0036 000008bb
[   66770.530413] /dev/input/event1: 0003 003a 00000400
[   66770.530413] /dev/input/event1: 0000 0000 00000000
[   66770.562576] /dev/input/event1: 0003 0036 00000888
[   66770.562576] /dev/input/event1: 0000 0000 00000000
[   66770.586181] /dev/input/event1: 0003 003a 00000000
[   66770.586181] /dev/input/event1: 0003 0039 ffffffff
[   66770.586181] /dev/input/event1: 0000 0000 00000000
[   66771.991908] /dev/input/event1: 0003 0039 00000000
[   66771.991908] /dev/input/event1: 0003 0035 00004332
[   66771.991908] /dev/input/event1: 0003 0036 00004987
[   66771.991908] /dev/input/event1: 0003 003a 00000400
[   66771.991908] /dev/input/event1: 0000 0000 00000000
[   66772.069358] /dev/input/event1: 0003 003a 00000000
[   66772.069358] /dev/input/event1: 0003 0039 ffffffff
[   66772.069358] /dev/input/event1: 0000 0000 00000000
[   66772.339951] /dev/input/event1: 0003 0039 00000000
[   66772.339951] /dev/input/event1: 0003 0035 00005aa9
[   66772.339951] /dev/input/event1: 0003 0036 00002aff
[   66772.339951] /dev/input/event1: 0003 003a 00000400
[   66772.339951] /dev/input/event1: 0000 0000 00000000
[   66772.406099] /dev/input/event1: 0003 0036 00002b43
[   66772.406099] /dev/input/event1: 0000 0000 00000000
[   66772.418929] /dev/input/event1: 0003 003a 00000000
[   66772.418929] /dev/input/event1: 0003 0039 ffffffff
[   66772.418929] /dev/input/event1: 0000 0000 00000000
[   66772.699841] /dev/input/event1: 0003 0039 00000000
[   66772.699841] /dev/input/event1: 0003 0035 00003d09
[   66772.699841] /dev/input/event1: 0003 0036 00005a32
[   66772.699841] /dev/input/event1: 0003 003a 00000400
[   66772.699841] /dev/input/event1: 0000 0000 00000000
[   66772.790018] /dev/input/event1: 0003 003a 00000000
[   66772.790018] /dev/input/event1: 0003 0039 ffffffff
[   66772.790018] /dev/input/event1: 0000 0000 00000000
