add device 1: /dev/input/event0
  name:     "Power Button"
add device 2: /dev/input/event1
  name:     "qwerty2"
could not get driver version for /dev/input/mice, Not a typewriter
[   65690.017112] /dev/input/event1: 0003 0039 00000000
[   65690.017112] /dev/input/event1: 0003 0035 00005097
[   65690.017112] /dev/input/event1: 0003 0036 00002166
[   65690.017112] /dev/input/event1: 0003 003a 00000400
[   65690.017112] /dev/input/event1: 0000 0000 00000000
[   65690.136465] /dev/input/event1: 0003 003a 00000000
[   65690.136465] /dev/input/event1: 0003 0039 ffffffff
[   65690.136465] /dev/input/event1: 0000 0000 00000000
[   65690.735560] /dev/input/event1: 0003 0039 00000000
[   65690.735560] /dev/input/event1: 0003 0035 000038c4
[   65690.735560] /dev/input/event1: 0003 0036 000034dd
[   65690.735560] /dev/input/event1: 0003 003a 00000400
[   65690.735560] /dev/input/event1: 0000 0000 00000000
[   65690.847088] /dev/input/event1: 0003 003a 00000000
[   65690.847088] /dev/input/event1: 0003 0039 ffffffff
[   65690.847088] /dev/input/event1: 0000 0000 00000000
[   65691.614091] /dev/input/event1: 0003 0039 00000000
[   65691.614091] /dev/input/event1: 0003 0035 00001e75
[   65691.614091] /dev/input/event1: 0003 0036 00007221
[   65691.614091] /dev/input/event1: 0003 003a 00000400
[   65691.614091] /dev/input/event1: 0000 0000 00000000
[   65691.757381] /dev/input/event1: 0003 003a 00000000
[   65691.757381] /dev/input/event1: 0003 0039 ffffffff
[   65691.757381] /dev/input/event1: 0000 0000 00000000
[   65694.298034] /dev/input/event1: 0003 0039 00000000
[   65694.298034] /dev/input/event1: 0003 0035 00001e1a
[   65694.298034] /dev/input/event1: 0003 0036 00007ca9
[   65694.298034] /dev/input/event1: 0003 003a 00000400
[   65694.298034] /dev/input/event1: 0000 0000 00000000
[   65694.400087] /dev/input/event1: 0003 003a 00000000
[   65694.400087] /dev/input/event1: 0003 0039 ffffffff
[   65694.400087] /dev/input/event1: 0000 0000 00000000
[   65696.623438] /dev/input/event1: 0003 0039 00000000
[   65696.623438] /dev/input/event1: 0003 0035 00003d09
[   65696.623438] /dev/input/event1: 0003 0036 00006ddd
[   65696.623438] /dev/input/event1: 0003 003a 00000400
[   65696.623438] /dev/input/event1: 0000 0000 00000000
[   65696.743729] /dev/input/event1: 0003 003a 00000000
[   65696.743729] /dev/input/event1: 0003 0039 ffffffff
[   65696.743729] /dev/input/event1: 0000 0000 00000000
[   65698.348687] /dev/input/event1: 0003 0039 00000000
[   65698.348687] /dev/input/event1: 0003 0035 00007480
[   65698.348687] /dev/input/event1: 0003 0036 00007521
[   65698.348687] /dev/input/event1: 0003 003a 00000400
[   65698.348687] /dev/input/event1: 0000 0000 00000000
[   65698.460880] /dev/input/event1: 0003 003a 00000000
[   65698.460880] /dev/input/event1: 0003 0039 ffffffff
[   65698.460880] /dev/input/event1: 0000 0000 00000000
[   65699.387245] /dev/input/event1: 0003 0039 00000000
[   65699.387245] /dev/input/event1: 0003 0035 0000649e
[   65699.387245] /dev/input/event1: 0003 0036 00006a21
[   65699.387245] /dev/input/event1: 0003 003a 00000400
[   65699.387245] /dev/input/event1: 0000 0000 00000000
[   65699.485557] /dev/input/event1: 0003 003a 00000000
[   65699.485557] /dev/input/event1: 0003 0039 ffffffff
[   65699.485557] /dev/input/event1: 0000 0000 00000000
[   65700.983407] /dev/input/event1: 0003 0039 00000000
[   65700.983407] /dev/input/event1: 0003 0035 0000184b
[   65700.983407] /dev/input/event1: 0003 0036 000013ff
[   65700.983407] /dev/input/event1: 0003 003a 00000400
[   65700.983407] /dev/input/event1: 0000 0000 00000000
[   65701.093149] /dev/input/event1: 0003 003a 00000000
[   65701.093149] /dev/input/event1: 0003 0039 ffffffff
[   65701.093149] /dev/input/event1: 0000 0000 00000000
[   65702.511728] /dev/input/event1: 0003 0039 00000000
[   65702.511728] /dev/input/event1: 0003 0035 000027b3
[   65702.511728] /dev/input/event1: 0003 0036 000022cc
[   65702.511728] /dev/input/event1: 0003 003a 00000400
[   65702.511728] /dev/input/event1: 0000 0000 00000000
[   65702.601584] /dev/input/event1: 0003 003a 00000000
[   65702.601584] /dev/input/event1: 0003 0039 ffffffff
[   65702.601584] /dev/input/event1: 0000 0000 00000000
[   65703.731464] /dev/input/event1: 0003 0039 00000000
[   65703.731464] /dev/input/event1: 0003 0035 00006d08
[   65703.731464] /dev/input/event1: 0003 0036 00004499
[   65703.731464] /dev/input/event1: 0003 003a 00000400
[   65703.731464] /dev/input/event1: 0000 0000 00000000
[   65703.852684] /dev/input/event1: 0003 003a 00000000
[   65703.852684] /dev/input/event1: 0003 0039 ffffffff
[   65703.852684] /dev/input/event1: 0000 0000 00000000
[   65706.180699] /dev/input/event1: 0003 0039 00000000
[   65706.180699] /dev/input/event1: 0003 0035 00001bf8
[   65706.180699] /dev/input/event1: 0003 0036 000079dc
[   65706.180699] /dev/input/event1: 0003 003a 00000400
[   65706.180699] /dev/input/event1: 0000 0000 00000000
[   65706.200899] /dev/input/event1: 0003 0036 00007a10
[   65706.200899] /dev/input/event1: 0000 0000 00000000
[   65706.212022] /dev/input/event1: 0003 0036 000079dc
[   65706.212022] /dev/input/event1: 0000 0000 00000000
[   65706.329583] /dev/input/event1: 0003 003a 00000000
[   65706.329583] /dev/input/event1: 0003 0039 ffffffff
[   65706.329583] /dev/input/event1: 0000 0000 00000000
[   65708.758467] /dev/input/event1: 0003 0039 00000000
[   65708.758467] /dev/input/event1: 0003 0035 0000649e
[   65708.758467] /dev/input/event1: 0003 0036 00007cdc
[   65708.758467] /dev/input/event1: 0003 003a 00000400
[   65708.758467] /dev/input/event1: 0000 0000 00000000
[   65708.847699] /dev/input/event1: 0003 003a 00000000
[   65708.847699] /dev/input/event1: 0003 0039 ffffffff
[   65708.847699] /dev/input/event1: 0000 0000 00000000
[   65710.240724] /dev/input/event1: 0003 0039 00000000
[   65710.240724] /dev/input/event1: 0003 0035 00005f2a
[   65710.240724] /dev/input/event1: 0003 0036 00002255
[   65710.240724] /dev/input/event1: 0003 003a 00000400
[   65710.240724] /dev/input/event1: 0000 0000 00000000
[   65710.261857] /dev/input/event1: 0003 0035 00005e56
[   65710.261857] /dev/input/event1: 0000 0000 00000000
[   65710.272698] /dev/input/event1: 0003 0035 00005bd9
[   65710.272698] /dev/input/event1: 0000 0000 00000000
[   65710.283864] /dev/input/event1: 0003 0035 000052b9
[   65710.283864] /dev/input/event1: 0000 0000 00000000
[   65710.295220] /dev/input/event1: 0003 0035 0000484b
[   65710.295220] /dev/input/event1: 0000 0000 00000000
[   65710.306700] /dev/input/event1: 0003 0035 00004203
[   65710.306700] /dev/input/event1: 0003 0036 00002288
[   65710.306700] /dev/input/event1: 0000 0000 00000000
[   65710.318077] /dev/input/event1: 0003 0035 000036c0
[   65710.318077] /dev/input/event1: 0003 0036 000022ff
[   65710.318077] /dev/input/event1: 0000 0000 00000000
[   65710.329673] /dev/input/event1: 0003 0035 00002d27
[   65710.329673] /dev/input/event1: 0003 0036 00002343
[   65710.329673] /dev/input/event1: 0000 0000 00000000
[   65710.340818] /dev/input/event1: 0003 0035 000019f4
[   65710.340818] /dev/input/event1: 0003 0036 000023bb
[   65710.340818] /dev/input/event1: 0000 0000 00000000
[   65710.351746] /dev/input/event1: 0003 0035 000007f0
[   65710.351746] /dev/input/event1: 0003 0036 000023ff
[   65710.351746] /dev/input/event1: 0000 0000 00000000
[   65710.363358] /dev/input/event1: 0003 0035 00000000
[   65710.363358] /dev/input/event1: 0000 0000 00000000
[   65710.398908] /dev/input/event1: 0003 003a 00000000
[   65710.398908] /dev/input/event1: 0003 0039 ffffffff
[   65710.398908] /dev/input/event1: 0000 0000 00000000
[   65711.881324] /dev/input/event1: 0003 0039 00000000
[   65711.881324] /dev/input/event1: 0003 0035 00003eb1
[   65711.881324] /dev/input/event1: 0003 0036 000070ee
[   65711.881324] /dev/input/event1: 0003 003a 00000400
[   65711.881324] /dev/input/event1: 0000 0000 00000000
[   65711.972191] /dev/input/event1: 0003 003a 00000000
[   65711.972191] /dev/input/event1: 0003 0039 ffffffff
[   65711.972191] /dev/input/event1: 0000 0000 00000000
[   65713.359227] /dev/input/event1: 0003 0039 00000000
[   65713.359227] /dev/input/event1: 0003 0035 00003d64
[   65713.359227] /dev/input/event1: 0003 0036 000047dd
[   65713.359227] /dev/input/event1: 0003 003a 00000400
[   65713.359227] /dev/input/event1: 0000 0000 00000000
[   65713.446984] /dev/input/event1: 0003 003a 00000000
[   65713.446984] /dev/input/event1: 0003 0039 ffffffff
[   65713.446984] /dev/input/event1: 0000 0000 00000000
[   65716.733621] /dev/input/event1: 0003 0039 00000000
[   65716.733621] /dev/input/event1: 0003 0035 00004b23
[   65716.733621] /dev/input/event1: 0003 0036 00002688
[   65716.733621] /dev/input/event1: 0003 003a 00000400
[   65716.733621] /dev/input/event1: 0000 0000 00000000
[   65716.812884] /dev/input/event1: 0003 003a 00000000
[   65716.812884] /dev/input/event1: 0003 0039 ffffffff
[   65716.812884] /dev/input/event1: 0000 0000 00000000
[   65717.275451] /dev/input/event1: 0003 0039 00000000
[   65717.275451] /dev/input/event1: 0003 0035 00002c53
[   65717.275451] /dev/input/event1: 0003 0036 00004543
[   65717.275451] /dev/input/event1: 0003 003a 00000400
[   65717.275451] /dev/input/event1: 0000 0000 00000000
[   65717.374558] /dev/input/event1: 0003 003a 00000000
[   65717.374558] /dev/input/event1: 0003 0039 ffffffff
[   65717.374558] /dev/input/event1: 0000 0000 00000000
[   65717.792061] /dev/input/event1: 0003 0039 00000000
[   65717.792061] /dev/input/event1: 0003 0035 00007628
[   65717.792061] /dev/input/event1: 0003 0036 00001e21
[   65717.792061] /dev/input/event1: 0003 003a 00000400
[   65717.792061] /dev/input/event1: 0000 0000 00000000
[   65717.857508] /dev/input/event1: 0003 0036 00001e55
[   65717.857508] /dev/input/event1: 0000 0000 00000000
[   65717.883222] /dev/input/event1: 0003 003a 00000000
[   65717.883222] /dev/input/event1: 0003 0039 ffffffff
[   65717.883222] /dev/input/event1: 0000 0000 00000000
