add device 1: /dev/input/event0
  name:     "Power Button"
add device 2: /dev/input/event1
  name:     "qwerty2"
could not get driver version for /dev/input/mice, Not a typewriter
[    7203.111677] /dev/input/event1: 0003 0039 00000000
[    7203.111677] /dev/input/event1: 0003 0035 00003d64
[    7203.111677] /dev/input/event1: 0003 0036 00006621
[    7203.111677] /dev/input/event1: 0003 003a 00000400
[    7203.111677] /dev/input/event1: 0000 0000 00000000
[    7203.199604] /dev/input/event1: 0003 003a 00000000
[    7203.199604] /dev/input/event1: 0003 0039 ffffffff
[    7203.199604] /dev/input/event1: 0000 0000 00000000
[    7203.547878] /dev/input/event1: 0003 0039 00000000
[    7203.547878] /dev/input/event1: 0003 0035 00003f0c
[    7203.547878] /dev/input/event1: 0003 0036 00003732
[    7203.547878] /dev/input/event1: 0003 003a 00000400
[    7203.547878] /dev/input/event1: 0000 0000 00000000
[    7203.633767] /dev/input/event1: 0003 003a 00000000
[    7203.633767] /dev/input/event1: 0003 0039 ffffffff
[    7203.633767] /dev/input/event1: 0000 0000 00000000
[    7204.371766] /dev/input/event1: 0003 0039 00000000
[    7204.371766] /dev/input/event1: 0003 0035 0000693d
[    7204.371766] /dev/input/event1: 0003 0036 00007121
[    7204.371766] /dev/input/event1: 0003 003a 00000400
[    7204.371766] /dev/input/event1: 0000 0000 00000000
[    7204.444697] /dev/input/event1: 0003 003a 00000000
[    7204.444697] /dev/input/event1: 0003 0039 ffffffff
[    7204.444697] /dev/input/event1: 0000 0000 00000000
[    7209.220692] /dev/input/event1: 0003 0039 00000000
[    7209.220692] /dev/input/event1: 0003 0035 00000bbb
[    7209.220692] /dev/input/event1: 0003 0036 00000a66
[    7209.220692] /dev/input/event1: 0003 003a 00000400
[    7209.220692] /dev/input/event1: 0000 0000 00000000
[    7209.332316] /dev/input/event1: 0003 003a 00000000
[    7209.332316] /dev/input/event1: 0003 0039 ffffffff
[    7209.332316] /dev/input/event1: 0000 0000 00000000
[    7210.986385] /dev/input/event1: 0003 0039 00000000
[    7210.986385] /dev/input/event1: 0003 0035 00001777
[    7210.986385] /dev/input/event1: 0003 0036 00006965
[    7210.986385] /dev/input/event1: 0003 003a 00000400
[    7210.986385] /dev/input/event1: 0000 0000 00000000
[    7211.097490] /dev/input/event1: 0003 003a 00000000
[    7211.097490] /dev/input/event1: 0003 0039 ffffffff
[    7211.097490] /dev/input/event1: 0000 0000 00000000
[    7212.861037] /dev/input/event1: 0003 0039 00000000
[    7212.861037] /dev/input/event1: 0003 0035 000022b9
[    7212.861037] /dev/input/event1: 0003 0036 00001077
[    7212.861037] /dev/input/event1: 0003 003a 00000400
[    7212.861037] /dev/input/event1: 0000 0000 00000000
[    7212.873299] /dev/input/event1: 0003 0035 00002240
[    7212.873299] /dev/input/event1: 0000 0000 00000000
[    7212.994797] /dev/input/event1: 0003 003a 00000000
[    7212.994797] /dev/input/event1: 0003 0039 ffffffff
[    7212.994797] /dev/input/event1: 0000 0000 00000000
[    7214.990411] /dev/input/event1: 0003 0039 00000000
[    7214.990411] /dev/input/event1: 0003 0035 0000405a
[    7214.990411] /dev/input/event1: 0003 0036 00007bed
[    7214.990411] /dev/input/event1: 0003 003a 00000400
[    7214.990411] /dev/input/event1: 0000 0000 00000000
[    7215.122369] /dev/input/event1: 0003 003a 00000000
[    7215.122369] /dev/input/event1: 0003 0039 ffffffff
[    7215.122369] /dev/input/event1: 0000 0000 00000000
[    7216.338120] /dev/input/event1: 0003 0039 00000000
[    7216.338120] /dev/input/event1: 0003 0035 000040b5
[    7216.338120] /dev/input/event1: 0003 0036 00007221
[    7216.338120] /dev/input/event1: 0003 003a 00000400
[    7216.338120] /dev/input/event1: 0000 0000 00000000
[    7216.438019] /dev/input/event1: 0003 003a 00000000
[    7216.438019] /dev/input/event1: 0003 0039 ffffffff
[    7216.438019] /dev/input/event1: 0000 0000 00000000
[    7217.984552] /dev/input/event1: 0003 0039 00000000
[    7217.984552] /dev/input/event1: 0003 0035 0000405a
[    7217.984552] /dev/input/event1: 0003 0036 000059ee
[    7217.984552] /dev/input/event1: 0003 003a 00000400
[    7217.984552] /dev/input/event1: 0000 0000 00000000
[    7218.081767] /dev/input/event1: 0003 003a 00000000
[    7218.081767] /dev/input/event1: 0003 0039 ffffffff
[    7218.081767] /dev/input/event1: 0000 0000 00000000
[    7219.491098] /dev/input/event1: 0003 0039 00000000
[    7219.491098] /dev/input/event1: 0003 0035 00003fe1
[    7219.491098] /dev/input/event1: 0003 0036 00006d32
[    7219.491098] /dev/input/event1: 0003 003a 00000400
[    7219.491098] /dev/input/event1: 0000 0000 00000000
[    7219.566131] /dev/input/event1: 0003 0036 00006cee
[    7219.566131] /dev/input/event1: 0000 0000 00000000
[    7219.576764] /dev/input/event1: 0003 0035 0000405a
[    7219.576764] /dev/input/event1: 0003 0036 00006c76
[    7219.576764] /dev/input/event1: 0000 0000 00000000
[    7219.587784] /dev/input/event1: 0003 0036 00006b87
[    7219.587784] /dev/input/event1: 0000 0000 00000000
[    7219.599306] /dev/input/event1: 0003 0035 000040b5
[    7219.599306] /dev/input/event1: 0003 0036 00006965
[    7219.599306] /dev/input/event1: 0000 0000 00000000
[    7219.612253] /dev/input/event1: 0003 0036 00006787
[    7219.612253] /dev/input/event1: 0000 0000 00000000
[    7219.621220] /dev/input/event1: 0003 0036 000064ba
[    7219.621220] /dev/input/event1: 0000 0000 00000000
[    7219.631918] /dev/input/event1: 0003 0035 0000412e
[    7219.631918] /dev/input/event1: 0003 0036 00006221
[    7219.631918] /dev/input/event1: 0000 0000 00000000
[    7219.643177] /dev/input/event1: 0003 0036 00006043
[    7219.643177] /dev/input/event1: 0000 0000 00000000
[    7219.655707] /dev/input/event1: 0003 0036 00005da9
[    7219.655707] /dev/input/event1: 0000 0000 00000000
[    7219.665887] /dev/input/event1: 0003 0035 00004189
[    7219.665887] /dev/input/event1: 0003 0036 00005b54
[    7219.665887] /dev/input/event1: 0000 0000 00000000
[    7219.677064] /dev/input/event1: 0003 0036 00005976
[    7219.677064] /dev/input/event1: 0000 0000 00000000
[    7219.689092] /dev/input/event1: 0003 0035 00004203
[    7219.689092] /dev/input/event1: 0003 0036 00005721
[    7219.689092] /dev/input/event1: 0000 0000 00000000
[    7219.699524] /dev/input/event1: 0003 0036 000054cc
[    7219.699524] /dev/input/event1: 0000 0000 00000000
[    7219.719470] /dev/input/event1: 0003 0035 0000425e
[    7219.719470] /dev/input/event1: 0003 0036 00005232
[    7219.719470] /dev/input/event1: 0000 0000 00000000
[    7219.740561] /dev/input/event1: 0003 0036 00005010
[    7219.740561] /dev/input/event1: 0000 0000 00000000
[    7219.743384] /dev/input/event1: 0003 0036 00004d43
[    7219.743384] /dev/input/event1: 0000 0000 00000000
[    7219.744629] /dev/input/event1: 0003 0036 00004aaa
[    7219.744629] /dev/input/event1: 0000 0000 00000000
[    7219.757209] /dev/input/event1: 0003 0036 000048cc
[    7219.757209] /dev/input/event1: 0000 0000 00000000
[    7219.768122] /dev/input/event1: 0003 0036 00004676
[    7219.768122] /dev/input/event1: 0000 0000 00000000
[    7219.778172] /dev/input/event1: 0003 0036 00004454
[    7219.778172] /dev/input/event1: 0000 0000 00000000
[    7219.791101] /dev/input/event1: 0003 0036 000042bb
[    7219.791101] /dev/input/event1: 0000 0000 00000000
[    7219.802343] /dev/input/event1: 0003 0036 000040cc
[    7219.802343] /dev/input/event1: 0000 0000 00000000
[    7219.811838] /dev/input/event1: 0003 0036 00003ebb
[    7219.811838] /dev/input/event1: 0000 0000 00000000
[    7219.838205] /dev/input/event1: 0003 0036 00003baa
[    7219.838205] /dev/input/event1: 0000 0000 00000000
[    7219.846217] /dev/input/event1: 0003 0036 000039cc
[    7219.846217] /dev/input/event1: 0000 0000 00000000
[    7219.857828] /dev/input/event1: 0003 0036 00003821
[    7219.857828] /dev/input/event1: 0000 0000 00000000
[    7219.869270] /dev/input/event1: 0003 0036 00003732
[    7219.869270] /dev/input/event1: 0000 0000 00000000
[    7219.879576] /dev/input/event1: 0003 0036 000035cc
[    7219.879576] /dev/input/event1: 0000 0000 00000000
[    7219.891563] /dev/input/event1: 0003 0035 00004203
[    7219.891563] /dev/input/event1: 0003 0036 00003510
[    7219.891563] /dev/input/event1: 0000 0000 00000000
[    7219.906077] /dev/input/event1: 0003 0036 00003421
[    7219.906077] /dev/input/event1: 0000 0000 00000000
[    7219.913446] /dev/input/event1: 0003 0036 00003377
[    7219.913446] /dev/input/event1: 0000 0000 00000000
[    7219.926822] /dev/input/event1: 0003 0036 00003288
[    7219.926822] /dev/input/event1: 0000 0000 00000000
[    7219.935812] /dev/input/event1: 0003 0036 00003154
[    7219.935812] /dev/input/event1: 0000 0000 00000000
[    7219.961033] /dev/input/event1: 0003 0036 000030aa
[    7219.961033] /dev/input/event1: 0000 0000 00000000
[    7219.961581] /dev/input/event1: 0003 0036 00002fee
[    7219.961581] /dev/input/event1: 0000 0000 00000000
[    7219.969761] /dev/input/event1: 0003 0036 00002eff
[    7219.969761] /dev/input/event1: 0000 0000 00000000
[    7219.981206] /dev/input/event1: 0003 0036 00002e43
[    7219.981206] /dev/input/event1: 0000 0000 00000000
[    7219.991925] /dev/input/event1: 0003 0036 00002dcc
[    7219.991925] /dev/input/event1: 0000 0000 00000000
[    7220.005168] /dev/input/event1: 0003 0036 00002d21
[    7220.005168] /dev/input/event1: 0000 0000 00000000
[    7220.014738] /dev/input/event1: 0003 0036 00002cdd
[    7220.014738] /dev/input/event1: 0000 0000 00000000
[    7220.025942] /dev/input/event1: 0003 0036 00002c66
[    7220.025942] /dev/input/event1: 0000 0000 00000000
[    7220.036935] /dev/input/event1: 0003 0036 00002bbb
[    7220.036935] /dev/input/event1: 0000 0000 00000000
[    7220.055941] /dev/input/event1: 0003 0036 00002b43
[    7220.055941] /dev/input/event1: 0000 0000 00000000
[    7220.059624] /dev/input/event1: 0003 0036 00002aff
[    7220.059624] /dev/input/event1: 0000 0000 00000000
[    7220.072802] /dev/input/event1: 0003 0036 00002a88
[    7220.072802] /dev/input/event1: 0000 0000 00000000
[    7220.083368] /dev/input/event1: 0003 0036 00002a10
[    7220.083368] /dev/input/event1: 0000 0000 00000000
[    7220.093164] /dev/input/event1: 0003 0036 000029dd
[    7220.093164] /dev/input/event1: 0000 0000 00000000
[    7220.104689] /dev/input/event1: 0003 0036 00002999
[    7220.104689] /dev/input/event1: 0000 0000 00000000
[    7220.126979] /dev/input/event1: 0003 0036 00002955
[    7220.126979] /dev/input/event1: 0000 0000 00000000
[    7220.154752] /dev/input/event1: 0003 0036 00002921
[    7220.154752] /dev/input/event1: 0000 0000 00000000
[    7220.155586] /dev/input/event1: 0003 0036 000028dd
[    7220.155586] /dev/input/event1: 0000 0000 00000000
[    7220.177123] /dev/input/event1: 0003 0036 000028aa
[    7220.177123] /dev/input/event1: 0000 0000 00000000
[    7220.228870] /dev/input/event1: 0003 0036 00002866
[    7220.228870] /dev/input/event1: 0000 0000 00000000
[    7220.590742] /dev/input/event1: 0003 0036 00002832
[    7220.590742] /dev/input/event1: 0000 0000 00000000
[    7220.647752] /dev/input/event1: 0003 003a 00000000
[    7220.647752] /dev/input/event1: 0003 0039 ffffffff
[    7220.647752] /dev/input/event1: 0000 0000 00000000
[    7222.222396] /dev/input/event1: 0003 0039 00000000
[    7222.222396] /dev/input/event1: 0003 0035 00002c53
[    7222.222396] /dev/input/event1: 0003 0036 00006da9
[    7222.222396] /dev/input/event1: 0003 003a 00000400
[    7222.222396] /dev/input/event1: 0000 0000 00000000
[    7222.378943] /dev/input/event1: 0003 003a 00000000
[    7222.378943] /dev/input/event1: 0003 0039 ffffffff
[    7222.378943] /dev/input/event1: 0000 0000 00000000
[    7224.251261] /dev/input/event1: 0003 0039 00000000
[    7224.251261] /dev/input/event1: 0003 0035 00002b05
[    7224.251261] /dev/input/event1: 0003 0036 000014ee
[    7224.251261] /dev/input/event1: 0003 003a 00000400
[    7224.251261] /dev/input/event1: 0000 0000 00000000
[    7224.350542] /dev/input/event1: 0003 003a 00000000
[    7224.350542] /dev/input/event1: 0003 0039 ffffffff
[    7224.350542] /dev/input/event1: 0000 0000 00000000
[    7225.992187] /dev/input/event1: 0003 0039 00000000
[    7225.992187] /dev/input/event1: 0003 0035 0000280e
[    7225.992187] /dev/input/event1: 0003 0036 00003465
[    7225.992187] /dev/input/event1: 0003 003a 00000400
[    7225.992187] /dev/input/event1: 0000 0000 00000000
[    7226.082342] /dev/input/event1: 0003 003a 00000000
[    7226.082342] /dev/input/event1: 0003 0039 ffffffff
[    7226.082342] /dev/input/event1: 0000 0000 00000000
[    7228.105993] /dev/input/event1: 0003 0039 00000000
[    7228.105993] /dev/input/event1: 0003 0035 00006572
[    7228.105993] /dev/input/event1: 0003 0036 00007c65
[    7228.105993] /dev/input/event1: 0003 003a 00000400
[    7228.105993] /dev/input/event1: 0000 0000 00000000
[    7228.218460] /dev/input/event1: 0003 003a 00000000
[    7228.218460] /dev/input/event1: 0003 0039 ffffffff
[    7228.218460] /dev/input/event1: 0000 0000 00000000
[    7229.718750] /dev/input/event1: 0003 0039 00000000
[    7229.718750] /dev/input/event1: 0003 0035 0000484b
[    7229.718750] /dev/input/event1: 0003 0036 00002921
[    7229.718750] /dev/input/event1: 0003 003a 00000400
[    7229.718750] /dev/input/event1: 0000 0000 00000000
[    7229.849741] /dev/input/event1: 0003 003a 00000000
[    7229.849741] /dev/input/event1: 0003 0039 ffffffff
[    7229.849741] /dev/input/event1: 0000 0000 00000000
[    7231.661623] /dev/input/event1: 0003 0039 00000000
[    7231.661623] /dev/input/event1: 0003 0035 00002f2b
[    7231.661623] /dev/input/event1: 0003 0036 00005843
[    7231.661623] /dev/input/event1: 0003 003a 00000400
[    7231.661623] /dev/input/event1: 0000 0000 00000000
[    7231.784586] /dev/input/event1: 0003 003a 00000000
[    7231.784586] /dev/input/event1: 0003 0039 ffffffff
[    7231.784586] /dev/input/event1: 0000 0000 00000000
[    7232.710363] /dev/input/event1: 0003 0039 00000000
[    7232.710363] /dev/input/event1: 0003 0035 0000725d
[    7232.710363] /dev/input/event1: 0003 0036 00005add
[    7232.710363] /dev/input/event1: 0003 003a 00000400
[    7232.710363] /dev/input/event1: 0000 0000 00000000
[    7232.875920] /dev/input/event1: 0003 003a 00000000
[    7232.875920] /dev/input/event1: 0003 0039 ffffffff
[    7232.875920] /dev/input/event1: 0000 0000 00000000
[    7234.252880] /dev/input/event1: 0003 0039 00000000
[    7234.252880] /dev/input/event1: 0003 0035 0000273a
[    7234.252880] /dev/input/event1: 0003 0036 00005543
[    7234.252880] /dev/input/event1: 0003 003a 00000400
[    7234.252880] /dev/input/event1: 0000 0000 00000000
[    7234.407590] /dev/input/event1: 0003 003a 00000000
[    7234.407590] /dev/input/event1: 0003 0039 ffffffff
[    7234.407590] /dev/input/event1: 0000 0000 00000000
